0.312243	0.58034	0	0	0.312243	0.58034	0.6	0.6	5.19994	0	0.287757	0.0196602	5.19994	0
0.779913	0.722413	6.65259	1.97674	0.862916	0.534212	0.859997	0.600045	5.19975	0.00179686	0.211208	0.0876373	3.81773	1.3965
0.779913	0.722413	6.65259	1.97674	1.17385	0.481073	1.11998	0.600225	5.19943	0.00538996	0.261321	0.100483	3.22809	1.61107
0.513698	0.0587501	3.19478	3.23122	0.969149	0.397513	1.37996	0.600629	5.19898	0.0107781	0.488689	0.284571	2.96979	2.1306
0.513698	0.0587501	3.19478	3.23122	1.65063	0.62469	1.6399	0.601347	5.19839	0.0179597	0.666874	0.351663	2.80332	2.38675
0.906756	0.289487	4.59893	2.16062	1.62331	0.499091	1.89982	0.60247	5.19766	0.0269323	0.731413	0.345517	2.57072	2.34647
0.906756	0.289487	4.59893	2.16062	2.18882	0.648739	2.1597	0.604086	5.19678	0.0376932	0.826323	0.341272	2.39072	2.31586
1.23732	0.385261	4.94647	1.5574	1.96701	0.557117	2.41954	0.606284	5.19573	0.0502389	0.878729	0.328656	2.23805	2.23086
1.23732	0.385261	4.94647	1.5574	2.65526	0.66598	2.67932	0.609155	5.1945	0.0645654	0.957816	0.31872	2.11168	2.16134
1.62528	0.429206	5.30489	0.841409	2.92034	0.645898	2.93904	0.612786	5.19309	0.080668	0.999134	0.307887	2.00362	2.06449
1.62528	0.429206	5.30489	0.841409	3.01222	0.637046	3.19869	0.617267	5.19147	0.0985415	1.06422	0.298985	1.91069	1.98112
2.02585	0.409688	5.51954	0.117105	3.56096	0.485311	3.45825	0.622685	5.18963	0.11818	1.09962	0.292786	1.83182	1.89678
2.02585	0.409688	5.51954	0.117105	3.89365	0.311793	3.71772	0.62913	5.18754	0.139576	1.156	0.287808	1.76236	1.82237
2.39242	0.405668	5.63789	-0.0846112	4.19786	0.698311	3.97708	0.636689	5.18519	0.162724	1.19175	0.284129	1.70256	1.75733
2.39242	0.405668	5.63789	-0.0846112	4.30935	0.578564	4.23632	0.645449	5.18256	0.187614	1.24589	0.28139	1.64903	1.69919
2.74099	0.398816	5.56368	-0.200715	4.61908	0.68951	4.49542	0.655498	5.17962	0.214238	1.28359	0.279909	1.59955	1.6485
2.74099	0.398816	5.56368	-0.200715	4.35143	0.899174	4.75437	0.666921	5.17634	0.242587	1.33759	0.279229	1.55463	1.60289
3.088	0.385364	5.40314	-0.304279	5.20901	0.66599	5.01315	0.679804	5.1727	0.272649	1.37682	0.280095	1.5118	1.56366
3.088	0.385364	5.40314	-0.304279	5.51894	0.648233	5.27175	0.694234	5.16867	0.304413	1.43068	0.281683	1.47246	1.52834
3.44068	0.378397	5.5101	-0.308007	5.22834	0.639362	5.53013	0.710295	5.16422	0.337868	1.47065	0.284405	1.43726	1.49663
3.44068	0.378397	5.5101	-0.308007	6.022	0.708619	5.78828	0.728072	5.15932	0.372999	1.52389	0.287849	1.40471	1.4681
3.79683	0.330178	5.38114	-0.496695	5.89392	0.373584	6.04618	0.747647	5.15393	0.409793	1.56418	0.294979	1.37327	1.44731
3.79683	0.330178	5.38114	-0.496695	6.34249	0.948833	6.30379	0.769103	5.14803	0.448233	1.61665	0.302664	1.34396	1.42914
4.15938	0.35262	5.34458	-0.339528	6.62134	0.836138	6.5611	0.792523	5.14157	0.488305	1.6568	0.309599	1.31632	1.40922
4.15938	0.35262	5.34458	-0.339528	6.78214	0.714036	6.81808	0.817988	5.13452	0.52999	1.7082	0.317302	1.29041	1.39166
4.52825	0.345938	5.19515	-0.335181	7.29121	0.630741	7.07469	0.845578	5.12685	0.573269	1.74789	0.326205	1.26542	1.37621
4.52825	0.345938	5.19515	-0.335181	7.13735	0.957217	7.3309	0.875373	5.11851	0.618123	1.79802	0.335932	1.24185	1.36289
4.94283	0.365025	5.42928	-0.222503	8.08349	0.819605	7.58668	0.907449	5.10946	0.664531	1.83496	0.345438	1.22097	1.34879
4.94283	0.365025	5.42928	-0.222503	7.80533	0.719126	7.84199	0.941886	5.09966	0.712469	1.8817	0.355932	1.2013	1.33666
5.33073	0.397091	5.28733	-0.0971238	8.40453	0.884557	8.0968	0.978759	5.08907	0.761915	1.91776	0.365708	1.18166	1.32352
5.33073	0.397091	5.28733	-0.0971238	8.24796	0.840322	8.35106	1.01814	5.07766	0.812843	1.96302	0.376657	1.16306	1.31221
5.72949	0.507953	5.49819	0.28603	8.45858	1.41118	8.60472	1.06011	5.06537	0.865226	1.99784	0.383359	1.14729	1.2956
5.72949	0.507953	5.49819	0.28603	8.74615	1.04858	8.85775	1.10473	5.05216	0.919037	2.04131	0.39154	1.13244	1.28057
6.16841	0.567384	5.52987	0.407127	9.8809	1.1419	9.1101	1.15208	5.03798	0.974245	2.07338	0.398559	1.11885	1.26534
6.16841	0.567384	5.52987	0.407127	9.25579	1.04913	9.36172	1.20223	5.0228	1.03082	2.11363	0.407217	1.10607	1.25158
6.5992	0.674294	5.55577	0.65421	10.1016	1.52474	9.61255	1.25524	5.00656	1.08873	2.14373	0.413031	1.09444	1.2362
6.5992	0.674294	5.55577	0.65421	10.0484	1.44598	9.86254	1.31118	4.98922	1.14794	2.18156	0.42065	1.08356	1.22207
7.01239	0.796983	5.36413	0.882924	10.5377	1.72555	10.1117	1.37011	4.97074	1.20841	2.21059	0.425364	1.07111	1.20704
7.01239	0.796983	5.36413	0.882924	10.2492	1.45907	10.3598	1.4321	4.95106	1.2701	2.24694	0.432016	1.05935	1.19308
7.41323	0.909328	5.14438	1.02841	10.9084	1.70343	10.6069	1.49721	4.93014	1.33298	2.27541	0.436591	1.04658	1.17906
7.41323	0.909328	5.14438	1.02841	10.7313	1.45265	10.853	1.56549	4.90794	1.39701	2.3108	0.443243	1.03439	1.16601
7.84196	0.986399	5.24305	1.06677	11.4783	1.42876	11.0979	1.637	4.8844	1.46213	2.33775	0.449293	1.0235	1.15366
7.84196	0.986399	5.24305	1.06677	11.587	1.61462	11.3416	1.71179	4.85948	1.52832	2.37125	0.45761	1.01322	1.14234
8.24238	1.06884	5.17927	1.09917	11.4763	1.53917	11.584	1.78992	4.83313	1.59551	2.39767	0.465258	1.003	1.13176
8.24238	1.06884	5.17927	1.09917	11.7788	1.74591	11.8251	1.87144	4.80531	1.66366	2.43029	0.475363	0.993357	1.12227
8.66504	1.21725	5.28426	1.31603	12.136	2.14937	12.0647	1.95639	4.77598	1.73273	2.45544	0.482633	0.985355	1.1117
8.66504	1.21725	5.28426	1.31603	12.3226	1.78353	12.3029	2.04482	4.74508	1.80265	2.48645	0.492493	0.977983	1.1021
9.09315	1.31028	5.37236	1.34536	12.5457	1.77728	12.5394	2.13677	4.71257	1.87338	2.5102	0.501725	0.972417	1.09322
9.09315	1.31028	5.37236	1.34536	12.5924	2.17509	12.7743	2.23227	4.67842	1.94485	2.5395	0.513749	0.967535	1.08539
9.53287	1.49457	5.45259	1.59917	13.2198	2.6644	13.0075	2.33137	4.64258	2.01701	2.56155	0.522172	0.964637	1.07611
9.53287	1.49457	5.45259	1.59917	13.0875	2.40708	13.2388	2.43409	4.605	2.08981	2.58885	0.533503	0.962479	1.06772
9.89245	1.7231	5.07693	1.87515	12.7087	3.12439	13.4682	2.54047	4.56565	2.16317	2.61135	0.54037	0.955813	1.05815
9.89245	1.7231	5.07693	1.87515	13.836	2.62479	13.6955	2.65053	4.52448	2.23703	2.63882	0.550199	0.949789	1.0493
10.2968	1.88335	4.99281	1.95825	13.8302	2.73893	13.9208	2.7643	4.48147	2.31134	2.66038	0.558108	0.943523	1.04065
10.2968	1.88335	4.99281	1.95825	14.2106	2.94205	14.1439	2.88179	4.43656	2.38601	2.68664	0.569163	0.93791	1.03276
10.7297	2.04684	5.10827	2.05785	14.5568	2.87021	14.3646	3.00303	4.38974	2.46099	2.70649	0.57835	0.934444	1.02491
10.7297	2.04684	5.10827	2.05785	14.4616	2.90734	14.583	3.12802	4.34097	2.5362	2.73076	0.590871	0.93177	1.01786
11.1376	2.31869	5.08518	2.37907	14.6754	3.96041	14.7989	3.25679	4.29021	2.61157	2.74948	0.598566	0.929582	1.00951
11.1376	2.31869	5.08518	2.37907	15.0261	3.5067	15.0122	3.38932	4.23744	2.68703	2.77235	0.609621	0.928255	1.00172
11.541	2.5775	4.8746	2.57448	15.3685	4.14761	15.2228	3.52563	4.18263	2.76249	2.78994	0.616787	0.924812	0.993631
11.541	2.5775	4.8746	2.57448	15.5236	3.82936	15.4306	3.66572	4.12575	2.83789	2.81144	0.627378	0.922198	0.98603
11.9515	2.73687	4.8142	2.53629	15.7234	3.4105	15.6355	3.80957	4.06678	2.91315	2.82765	0.637036	0.919643	0.979216
11.9515	2.73687	4.8142	2.53629	15.9774	4.00094	15.8375	3.95719	4.00571	2.98817	2.84753	0.650393	0.917983	0.97308
12.3516	2.95603	4.61366	2.59796	16.3376	4.21632	16.0363	4.10854	3.94251	3.0629	2.86249	0.661177	0.914639	0.967196
12.3516	2.95603	4.61366	2.59796	16.3313	4.44499	16.2319	4.26363	3.87716	3.13723	2.88087	0.675822	0.912162	0.962055
12.7588	3.18883	4.59314	2.7123	16.7586	4.48231	16.4242	4.42242	3.80966	3.21109	2.89435	0.687657	0.910348	0.956711
12.7588	3.18883	4.59314	2.7123	16.6039	4.67344	16.613	4.5849	3.74	3.28438	2.911	0.703494	0.909521	0.952113
13.122	3.45237	4.23542	2.79939	16.9236	5.10119	16.7983	4.75103	3.66817	3.35704	2.92371	0.715841	0.905425	0.947503
13.122	3.45237	4.23542	2.79939	16.9955	5.21099	16.9799	4.92077	3.59416	3.42897	2.93937	0.732291	0.902149	0.94366
13.5006	3.65082	4.1541	2.79048	17.3421	4.64623	17.1579	5.09409	3.51797	3.50008	2.95085	0.747226	0.898904	0.940726
13.5006	3.65082	4.1541	2.79048	17.2894	5.43542	17.3319	5.27094	3.4396	3.57028	2.96507	0.766454	0.89657	0.938651
13.8706	3.8338	4.04082	2.73887	17.6463	4.74597	17.5019	5.45128	3.35907	3.63949	2.97534	0.784621	0.89394	0.938134
13.8706	3.8338	4.04082	2.73887	17.7853	5.62476	17.6679	5.63506	3.27637	3.70762	2.98813	0.807244	0.892293	0.93856
14.2123	4.13456	3.83082	2.91164	17.9216	6.07151	17.8297	5.82221	3.19151	3.77458	2.99752	0.825424	0.889354	0.937579
14.2123	4.13456	3.83082	2.91164	18.1263	6.16985	17.9872	6.01269	3.10453	3.84027	3.0092	0.848099	0.887377	0.93746
14.5422	4.49558	3.71997	3.20863	18.1245	6.79027	18.1402	6.20641	3.01542	3.90462	3.0177	0.865055	0.885217	0.934688
14.5422	4.49558	3.71997	3.20863	18.2164	6.66138	18.2888	6.40332	2.92421	3.96753	3.02829	0.886492	0.884113	0.932617
14.8588	4.85114	3.53788	3.43023	18.4022	7.02231	18.4328	6.60333	2.83093	4.0289	3.0359	0.902859	0.882067	0.929096
14.8588	4.85114	3.53788	3.43023	18.5422	6.76013	18.572	6.80638	2.7356	4.08867	3.04542	0.923703	0.881102	0.926164
15.1808	5.21016	3.47717	3.659	18.8089	7.24388	18.7064	7.01237	2.63825	4.14672	3.05189	0.939766	0.880587	0.921971
15.1808	5.21016	3.47717	3.659	19.1441	7.18344	18.8359	7.22122	2.53893	4.20299	3.06006	0.960306	0.881322	0.918254
15.455	5.54393	3.17234	3.7387	18.5479	7.4012	18.9604	7.43283	2.43767	4.25737	3.06588	0.976961	0.879681	0.914433
15.455	5.54393	3.17234	3.7387	19.0138	7.8688	19.0798	7.64712	2.3345	4.3098	3.07322	0.998122	0.879188	0.911067
15.7537	5.88318	3.07543	3.86489	19.3089	7.67375	19.1939	7.86397	2.22949	4.36017	3.07784	1.01543	0.8788	0.907239
15.7537	5.88318	3.07543	3.86489	19.132	8.12845	19.3028	8.08329	2.12266	4.40842	3.08381	1.03726	0.879706	0.903811
16.0149	6.25114	2.94029	4.03263	19.0239	8.17194	19.4062	8.30497	2.01409	4.45445	3.08756	1.05473	0.880261	0.899691
16.0149	6.25114	2.94029	4.03263	19.347	8.30741	19.5042	8.5289	1.90381	4.49819	3.09247	1.07671	0.882214	0.895897
16.2843	6.58671	2.72048	4.05918	19.6843	8.35902	19.5966	8.75494	1.7919	4.53956	3.09506	1.09524	0.882755	0.892263
16.2843	6.58671	2.72048	4.05918	20.0039	8.8906	19.6835	8.983	1.67841	4.57848	3.09864	1.1183	0.884704	0.888942
16.5108	7.00893	2.43372	4.2251	19.6061	9.48659	19.7645	9.21294	1.56341	4.61488	3.10041	1.13608	0.884545	0.884944
16.5108	7.00893	2.43372	4.2251	20.1574	9.45949	19.8398	9.44463	1.44697	4.64869	3.10301	1.15831	0.885733	0.881188
16.7119	7.42075	2.11427	4.3329	19.6163	9.76606	19.9093	9.67795	1.32916	4.67984	3.10405	1.17579	0.8847	0.877132
16.7119	7.42075	2.11427	4.3329	20.1573	9.90876	19.9728	9.91275	1.21005	4.70826	3.10578	1.19766	0.884913	0.873271
16.8522	8.01465	1.86224	4.81765	19.1911	11.5493	20.0303	10.1489	1.08972	4.73389	3.10656	1.21144	0.883792	0.868657
16.8522	8.01465	1.86224	4.81765	20.166	10.4687	20.0818	10.3863	0.968259	4.75666	3.10788	1.22937	0.8839	0.864096
17.0089	8.45412	1.5198	4.87894	19.6775	10.803	20.1271	10.6247	0.845742	4.77652	3.10799	1.24285	0.881971	0.859647
17.0089	8.45412	1.5198	4.87894	20.371	11.0109	20.1663	10.864	0.722256	4.7934	3.1085	1.26041	0.881142	0.855248
17.1116	9.03925	1.2135	5.23351	19.4335	12.3402	20.1993	11.1041	0.597892	4.80727	3.10829	1.27119	0.878838	0.851962
17.1116	9.03925	1.2135	5.23351	20.3164	11.3483	20.2261	11.3449	0.472738	4.81807	3.10835	1.2858	0.877552	0.848676
17.1818	9.5236	0.672447	5.22027	19.2063	12.2418	20.2466	11.5861	0.346889	4.82575	3.10792	1.29588	0.87376	0.845343
17.1818	9.5236	0.672447	5.22027	20.6141	11.9422	20.2608	11.8275	0.220439	4.83027	3.10763	1.30967	0.870586	0.842043
17.2953	9.98734	0.617028	5.40649	19.966	11.9688	20.2687	12.0692	0.093487	4.83159	3.10635	1.31943	0.867858	0.839836
17.2953	9.98734	0.617028	5.40649	20.3263	12.4966	20.2701	12.3108	-0.0338694	4.82968	3.1051	1.33282	0.866013	0.83768
17.388	10.3997	0.233532	5.25726	20.0192	12.4823	20.2652	12.5522	-0.161529	4.82451	3.10299	1.34309	0.862709	0.834722
17.388	10.3997	0.233532	5.25726	20.498	12.8924	20.254	12.7933	-0.28939	4.81605	3.10081	1.35693	0.860106	0.831853
17.5303	10.7539	0.117095	5.1176	20.9151	12.2555	20.2363	13.0339	-0.417348	4.80428	3.09732	1.36855	0.857612	0.828479
17.5303	10.7539	0.117095	5.1176	20.1943	13.1688	20.2122	13.2738	-0.545298	4.78918	3.0937	1.38375	0.855994	0.825209
17.5807	11.2069	-0.118834	5.17186	19.858	13.5236	20.1818	13.5129	-0.673135	4.77072	3.0895	1.39509	0.85369	0.822286
17.5807	11.2069	-0.118834	5.17186	20.3245	13.8896	20.1449	13.7509	-0.800753	4.74892	3.08509	1.40989	0.852271	0.819508
17.6546	11.591	-0.356375	5.04285	20.3387	13.5307	20.1017	13.9878	-0.928043	4.72374	3.07988	1.42195	0.850137	0.816341
17.6546	11.591	-0.356375	5.04285	20.1216	14.337	20.0521	14.2233	-1.0549	4.69521	3.07441	1.43741	0.848892	0.813325
17.6648	12.034	-0.628003	5.05722	19.6717	14.4038	19.9962	14.4573	-1.18121	4.66331	3.06857	1.44919	0.846709	0.810541
17.6648	12.034	-0.628003	5.05722	19.781	14.773	19.934	14.6897	-1.30687	4.62805	3.06241	1.46423	0.84537	0.807956
17.7158	12.3873	-0.753324	4.96087	20.1149	14.0165	19.8655	14.9202	-1.43177	4.58944	3.05559	1.47697	0.844049	0.805157
17.7158	12.3873	-0.753324	4.96087	20.0208	15.2053	19.7908	15.1486	-1.55581	4.54751	3.04843	1.49291	0.843697	0.802575
17.7119	12.7768	-1.26027	4.65545	20.0157	15.3443	19.7099	15.3749	-1.67887	4.50226	3.04092	1.50591	0.840951	0.799234
17.7119	12.7768	-1.26027	4.65545	19.9131	15.554	19.6229	15.5989	-1.80085	4.45372	3.03305	1.52199	0.838839	0.79603
17.7142	13.1403	-1.39811	4.6078	19.9388	15.0864	19.5298	15.8203	-1.92164	4.40193	3.02479	1.53547	0.836667	0.792876
17.7142	13.1403	-1.39811	4.6078	19.4748	16.0098	19.4307	16.039	-2.04114	4.3469	3.01616	1.55193	0.835227	0.7899
17.6464	13.5751	-1.60283	4.70595	19.1556	16.0022	19.3257	16.2549	-2.15925	4.28868	3.00748	1.56469	0.833289	0.787524
17.6464	13.5751	-1.60283	4.70595	19.238	16.2719	19.2148	16.4679	-2.27586	4.22731	2.99841	1.58025	0.832091	0.785469
17.5909	13.9666	-1.87631	4.61319	19.4007	16.2962	19.0981	16.6777	-2.39087	4.16284	2.98922	1.59278	0.829982	0.783305
17.5909	13.9666	-1.87631	4.61319	19.0029	16.8387	18.9757	16.8841	-2.50418	4.0953	2.97966	1.60796	0.828538	0.781511
17.4556	14.4295	-2.40852	4.4692	18.8373	17.7112	18.8477	17.0872	-2.61571	4.02476	2.97025	1.61915	0.8254	0.779376
17.4556	14.4295	-2.40852	4.4692	18.6148	17.3832	18.7142	17.2866	-2.72534	3.95127	2.96049	1.63278	0.82258	0.777633
17.3425	14.8539	-2.47564	4.66917	18.8177	17.0316	18.5752	17.4822	-2.83299	3.87489	2.95076	1.64306	0.819927	0.777766
17.3425	14.8539	-2.47564	4.66917	18.1023	17.5529	18.4309	17.674	-2.93858	3.79568	2.94071	1.6556	0.817725	0.778566
17.1969	15.2675	-2.70635	4.70265	18.2749	17.4877	18.2814	17.8617	-3.042	3.71372	2.93077	1.66498	0.815065	0.780429
17.1969	15.2675	-2.70635	4.70265	18.2094	18.0461	18.1268	18.0453	-3.14318	3.62906	2.92053	1.67645	0.81281	0.783124
17.0692	15.5962	-3.02847	4.43344	18.3021	17.498	17.9671	18.2246	-3.24204	3.5418	2.91034	1.68583	0.809895	0.784016
17.0692	15.5962	-3.02847	4.43344	17.9018	18.2183	17.8026	18.3994	-3.3385	3.45199	2.89992	1.69715	0.807252	0.785711
16.9598	15.9555	-3.17916	4.35183	18.8558	18.1364	17.6334	18.5697	-3.43247	3.35973	2.88951	1.70595	0.804491	0.787478
16.9598	15.9555	-3.17916	4.35183	17.3845	18.7039	17.4595	18.7353	-3.5239	3.26509	2.87895	1.71653	0.802018	0.790151
16.7958	16.2754	-3.4481	4.16409	17.7945	18.0801	17.281	18.8962	-3.61271	3.16817	2.8685	1.72504	0.799146	0.791885
16.7958	16.2754	-3.4481	4.16409	17.1762	18.8863	17.0983	19.0521	-3.69883	3.06904	2.85797	1.73517	0.796473	0.794556
16.5222	16.7417	-3.82147	4.24848	16.9398	19.7311	16.9113	19.203	-3.78221	2.9678	2.84764	1.74162	0.793547	0.79921
16.5222	16.7417	-3.82147	4.24848	16.5734	19.052	16.7201	19.3488	-3.86278	2.86455	2.83728	1.74949	0.790653	0.805018
16.1957	17.2091	-4.29478	4.24401	16.1674	20.2201	16.5251	19.4894	-3.9405	2.75938	2.82712	1.75391	0.78836	0.811992
16.1957	17.2091	-4.29478	4.24401	16.2338	19.6171	16.3262	19.6246	-4.01531	2.65237	2.81695	1.75956	0.785877	0.820251
15.9923	17.4209	-4.50201	3.90201	16.4366	18.2742	16.1237	19.7545	-4.08716	2.54364	2.8069	1.76432	0.78385	0.82534
15.9923	17.4209	-4.50201	3.90201	15.9243	19.8703	15.9176	19.8789	-4.15602	2.43329	2.79693	1.7702	0.781609	0.831657
15.735	17.7323	-4.65066	3.90908	16.2328	19.2166	15.7082	19.9978	-4.22185	2.32141	2.78707	1.77417	0.779682	0.839366
15.735	17.7323	-4.65066	3.90908	15.4332	20.1836	15.4956	20.111	-4.28461	2.2081	2.77738	1.77911	0.777554	0.848434
15.28	18.2339	-5.1876	4.03304	14.3677	21.3406	15.2799	20.2185	-4.34427	2.09347	2.76772	1.78062	0.77803	0.860794
15.28	18.2339	-5.1876	4.03304	15.2016	20.4385	15.0613	20.3203	-4.4008	1.97763	2.75822	1.78291	0.778091	0.874638
14.9477	18.5254	-5.48089	3.83933	14.7476	19.9571	14.84	20.4162	-4.4542	1.86068	2.74877	1.78367	0.780063	0.886887
14.9477	18.5254	-5.48089	3.83933	14.6665	20.6088	14.6161	20.5063	-4.50443	1.74272	2.73954	1.78509	0.781566	0.900622
14.5218	18.8905	-5.91339	3.71656	13.841	21.0031	14.3897	20.5904	-4.55149	1.62386	2.73029	1.78453	0.786924	0.913909
14.5218	18.8905	-5.91339	3.71656	14.0521	20.5924	14.1611	20.6686	-4.59537	1.50421	2.72127	1.78448	0.791677	0.928695
14.1322	19.1871	-6.23662	3.51369	13.8232	20.859	13.9304	20.7408	-4.63606	1.38386	2.71224	1.78304	0.799783	0.941788
14.1322	19.1871	-6.23662	3.51369	13.4686	20.7253	13.6977	20.807	-4.67357	1.26294	2.70347	1.78201	0.807216	0.956368
13.8012	19.3772	-6.46743	3.11121	13.8263	20.4261	13.4632	20.8671	-4.70789	1.14153	2.69471	1.78025	0.817116	0.966513
13.8012	19.3772	-6.46743	3.11121	13.1072	20.8294	13.2271	20.9211	-4.73904	1.01975	2.68629	1.7788	0.826341	0.978075
13.3996	19.635	-6.7192	2.96119	13.2669	21.1579	12.9895	20.969	-4.76702	0.897694	2.67775	1.77628	0.838542	0.988974
13.3996	19.635	-6.7192	2.96119	12.8729	21.0592	12.7506	21.0108	-4.79186	0.775469	2.66961	1.77398	0.850048	1.00129
12.8582	19.9446	-7.17847	2.85371	11.5171	21.6724	12.5106	21.0465	-4.81358	0.653175	2.66119	1.77049	0.868217	1.01351
12.8582	19.9446	-7.17847	2.85371	12.2062	21.11	12.2695	21.0761	-4.83219	0.530912	2.65311	1.76715	0.885473	1.02714
12.4687	20.1196	-7.34795	2.57852	12.3859	21.1066	12.0276	21.0996	-4.84773	0.408778	2.64494	1.76327	0.904801	1.03833
12.4687	20.1196	-7.34795	2.57852	11.6814	20.8651	11.785	21.117	-4.86022	0.286869	2.63716	1.7595	0.923276	1.0509
12.0527	20.2494	-7.53403	2.29016	11.5265	20.6748	11.5418	21.1283	-4.86971	0.165281	2.62922	1.75536	0.944181	1.06099
12.0527	20.2494	-7.53403	2.29016	11.363	21.0688	11.2982	21.1335	-4.87623	0.0441057	2.62172	1.75129	0.964269	1.0724
11.5807	20.3671	-7.78635	2.0144	10.5558	20.5567	11.0544	21.1327	-4.87982	-0.076565	2.61394	1.74691	0.98804	1.08163
11.5807	20.3671	-7.78635	2.0144	10.8903	20.927	10.8105	21.1259	-4.88053	-0.196643	2.60661	1.74256	1.01096	1.09213
10.9684	20.5836	-8.18604	2.00423	9.30535	21.3896	10.5666	21.1131	-4.8784	-0.31604	2.59884	1.73773	1.04044	1.10377
10.9684	20.5836	-8.18604	2.00423	10.189	21.209	10.3229	21.0943	-4.87349	-0.434674	2.59144	1.73291	1.06886	1.11668
10.5043	20.7005	-8.34995	1.74854	9.97958	21.2932	10.0795	21.0697	-4.86585	-0.552463	2.58383	1.72792	1.09941	1.12754
10.5043	20.7005	-8.34995	1.74854	9.99634	20.9797	9.83658	21.0391	-4.85554	-0.669327	2.5766	1.72294	1.12897	1.13962
10.009	20.8176	-8.5005	1.67615	9.38223	21.111	9.59422	21.0028	-4.84262	-0.785189	2.56912	1.71787	1.16045	1.15199
10.009	20.8176	-8.5005	1.67615	9.53921	20.8762	9.35258	20.9607	-4.82714	-0.899977	2.56201	1.71281	1.19101	1.16554
9.62144	20.8558	-8.51067	1.34287	9.63392	20.9724	9.11177	20.9128	-4.80919	-1.01362	2.55476	1.70777	1.22097	1.17608
9.62144	20.8558	-8.51067	1.34287	8.70331	20.8221	8.87192	20.8594	-4.78881	-1.12605	2.54792	1.70277	1.25022	1.18774
9.33931	20.7962	-8.34525	0.962634	9.84634	20.009	8.63315	20.8003	-4.76608	-1.2372	2.54108	1.69781	1.27611	1.1961
9.33931	20.7962	-8.34525	0.962634	8.22277	20.4839	8.39557	20.7358	-4.74108	-1.34701	2.53474	1.69291	1.30158	1.2055
8.88245	20.8014	-8.47283	0.647937	8.29647	20.4978	8.1593	20.6657	-4.71387	-1.45542	2.52804	1.68807	1.32875	1.21256
8.88245	20.8014	-8.47283	0.647937	7.88599	20.45	7.92445	20.5903	-4.68453	-1.56237	2.52184	1.68331	1.35555	1.22058
8.47541	20.7803	-8.51431	0.277007	8.29081	20.6565	7.69111	20.5096	-4.65313	-1.66781	2.51536	1.67865	1.38267	1.2259
8.47541	20.7803	-8.51431	0.277007	7.18029	20.392	7.45939	20.4237	-4.61975	-1.7717	2.50941	1.67411	1.40949	1.2321
7.96642	20.7574	-8.67577	0.069973	7.09214	20.1196	7.22939	20.3326	-4.58448	-1.87399	2.50296	1.66971	1.43859	1.23724
7.96642	20.7574	-8.67577	0.069973	6.81542	20.1859	7.00119	20.2364	-4.54738	-1.97462	2.497	1.66549	1.46738	1.24321
7.48812	20.7195	-8.76877	-0.127368	6.89359	20.1536	6.7749	20.1352	-4.50854	-2.07357	2.49062	1.66143	1.49735	1.24821
7.48812	20.7195	-8.76877	-0.127368	6.38914	20.0137	6.55059	20.0292	-4.46805	-2.17079	2.48471	1.65763	1.52705	1.25399
7.03993	20.6657	-8.80912	-0.363135	6.67637	20.2142	6.32834	19.9183	-4.42598	-2.26625	2.47844	1.654	1.55712	1.25847
7.03993	20.6657	-8.80912	-0.363135	5.86119	19.8306	6.10823	19.8027	-4.38241	-2.35993	2.47262	1.6507	1.58696	1.26368
6.48689	20.5783	-9.01442	-0.723375	5.28178	19.5036	5.89034	19.6824	-4.33744	-2.45178	2.46628	1.64754	1.61977	1.26666
6.48689	20.5783	-9.01442	-0.723375	5.69089	19.5755	5.67472	19.5577	-4.29114	-2.5418	2.46033	1.64479	1.65229	1.27029
6.09844	20.4266	-8.92674	-1.00696	5.9506	18.9859	5.46145	19.4284	-4.24359	-2.62995	2.45415	1.642	1.68324	1.27245
6.09844	20.4266	-8.92674	-1.00696	5.17021	19.4397	5.25059	19.2948	-4.19488	-2.71622	2.44837	1.63969	1.71402	1.27518
5.71727	20.3041	-8.82328	-1.10809	5.87397	19.301	5.04219	19.157	-4.1451	-2.80059	2.44234	1.63746	1.74317	1.27776
5.71727	20.3041	-8.82328	-1.10809	4.89149	18.982	4.8363	19.015	-4.09432	-2.88305	2.43671	1.63581	1.77226	1.2809
5.141	20.185	-9.0436	-1.42094	3.98679	19.0452	4.63297	18.8689	-4.04263	-2.96359	2.43057	1.63429	1.80444	1.28242
5.141	20.185	-9.0436	-1.42094	4.4685	18.834	4.43224	18.7188	-3.99012	-3.0422	2.42474	1.63346	1.83648	1.28442
4.73741	20.0162	-8.95845	-1.55749	4.69245	18.4634	4.23416	18.5648	-3.93685	-3.11888	2.41869	1.63256	1.8672	1.28602
4.73741	20.0162	-8.95845	-1.55749	4.26269	18.481	4.03876	18.4071	-3.88293	-3.19362	2.41294	1.63244	1.89785	1.28808
4.23385	19.848	-9.04778	-2.04653	3.42434	18.8357	3.84606	18.2457	-3.82841	-3.26644	2.40688	1.63229	1.92969	1.28774
4.23385	19.848	-9.04778	-2.04653	3.45919	18.167	3.65611	18.0807	-3.77339	-3.33732	2.40106	1.63301	1.96144	1.28775
3.89761	19.6412	-8.85282	-2.11281	4.3011	17.9267	3.46891	17.9122	-3.71795	-3.40627	2.39512	1.63351	1.99052	1.28778
3.89761	19.6412	-8.85282	-2.11281	3.12525	17.7493	3.28449	17.7402	-3.66215	-3.47331	2.38943	1.63498	2.01961	1.28816
3.38571	19.4331	-8.94639	-2.49307	2.65664	17.888	3.10287	17.565	-3.60609	-3.53844	2.38347	1.63624	2.04994	1.28705
3.38571	19.4331	-8.94639	-2.49307	2.9449	17.8154	2.92405	17.3866	-3.54982	-3.60167	2.3777	1.63856	2.08026	1.28622
3.06326	19.1591	-8.72229	-2.8674	3.26647	17.0897	2.74805	17.2051	-3.49344	-3.66302	2.37186	1.64029	2.10773	1.28423
3.06326	19.1591	-8.72229	-2.8674	2.55407	17.0853	2.57486	17.0205	-3.437	-3.72251	2.3662	1.64314	2.13528	1.28245
2.62271	18.9214	-8.71278	-2.85881	2.55039	16.8884	2.4045	16.833	-3.38059	-3.78014	2.36039	1.64564	2.16278	1.28091
2.62271	18.9214	-8.71278	-2.85881	2.25371	16.8334	2.23695	16.6427	-3.32428	-3.83595	2.35472	1.64936	2.19034	1.27959
2.10324	18.6494	-8.81621	-3.01153	1.57735	16.0489	2.07221	16.4497	-3.26812	-3.88995	2.34894	1.6525	2.21923	1.27793
2.10324	18.6494	-8.81621	-3.01153	1.88972	16.1054	1.91027	16.254	-3.21219	-3.94216	2.34325	1.65694	2.24814	1.27647
1.70161	18.3819	-8.72586	-3.16573	1.74362	16.2687	1.75112	16.0557	-3.15656	-3.99261	2.33755	1.66084	2.276	1.27467
1.70161	18.3819	-8.72586	-3.16573	1.44745	16.0853	1.59474	15.8549	-3.10129	-4.04132	2.33191	1.6661	2.3039	1.27304
1.38499	18.0587	-8.47451	-3.58379	1.6097	15.5526	1.44111	15.6517	-3.04644	-4.08832	2.3263	1.67045	2.32897	1.27046
1.38499	18.0587	-8.47451	-3.58379	1.18395	15.4284	1.29021	15.4463	-2.99207	-4.13364	2.32074	1.67622	2.35414	1.26799
0.944324	17.7588	-8.46844	-3.76591	0.828993	15.528	1.14201	15.2386	-2.93825	-4.1773	2.31525	1.68124	2.37933	1.26528
0.944324	17.7588	-8.46844	-3.76591	0.722706	15.0075	0.996486	15.0288	-2.88503	-4.21933	2.30976	1.68775	2.4046	1.26267
0.60698	17.457	-8.30742	-3.83248	1.03147	15.2134	0.853604	14.8169	-2.83246	-4.25977	2.30437	1.6935	2.42822	1.26003
0.60698	17.457	-8.30742	-3.83248	0.737301	14.7047	0.71333	14.603	-2.78061	-4.29864	2.29896	1.7008	2.45193	1.25747
0.311782	17.0953	-8.0401	-4.20036	0.722177	14.2445	0.575628	14.3872	-2.72952	-4.33598	2.29366	1.70689	2.47299	1.25457
0.311782	17.0953	-8.0401	-4.20036	0.253435	14.2029	0.440459	14.1696	-2.67925	-4.37181	2.28833	1.71456	2.49417	1.2517
-0.0719915	16.7147	-7.92669	-4.64021	-0.0328023	13.9604	0.307779	13.9502	-2.62984	-4.40617	2.28318	1.7209	2.51435	1.2489
-0.0719915	16.7147	-7.92669	-4.64021	0.459172	13.6856	0.177545	13.7292	-2.58135	-4.43909	2.27797	1.72885	2.53466	1.24609
-0.375554	16.3305	-7.70589	-4.92911	0.0524412	13.6377	0.0497099	13.5065	-2.53381	-4.47061	2.27292	1.73545	2.55299	1.24362
-0.375554	16.3305	-7.70589	-4.92911	-0.190344	13.2856	-0.0757753	13.2823	-2.48728	-4.50075	2.26782	1.7437	2.57145	1.24112
-0.720999	15.9493	-7.61921	-4.97776	-0.275043	13.1456	-0.198962	13.0566	-2.44179	-4.52955	2.26293	1.75063	2.58923	1.23866
-0.720999	15.9493	-7.61921	-4.97776	0.0462308	12.9301	-0.319903	12.8295	-2.39739	-4.55704	2.25797	1.75922	2.60714	1.23618
-1.09264	15.5438	-7.57919	-5.05572	-0.684792	12.3563	-0.438654	12.6011	-2.35412	-4.58326	2.2533	1.76633	2.62479	1.2338
-1.09264	15.5438	-7.57919	-5.05572	-0.476482	12.3633	-0.555273	12.3714	-2.31202	-4.60823	2.24853	1.77512	2.64255	1.23139
-1.42887	15.1569	-7.46978	-5.18414	-0.972122	12.5207	-0.669818	12.1404	-2.27111	-4.63198	2.24408	1.78259	2.65942	1.2292
-1.42887	15.1569	-7.46978	-5.18414	-0.582624	12.0386	-0.78235	11.9083	-2.23144	-4.65456	2.23951	1.79176	2.67639	1.22697
-1.76912	14.7364	-7.36287	-5.36779	-1.26757	11.6495	-0.892931	11.6751	-2.19304	-4.67598	2.2353	1.79935	2.69251	1.22512
-1.76912	14.7364	-7.36287	-5.36779	-1.17212	11.3988	-1.00163	11.4409	-2.15594	-4.69628	2.23096	1.80866	2.70871	1.22323
-1.9815	14.3237	-7.09019	-5.3526	-0.891441	10.959	-1.1085	11.2057	-2.12017	-4.71549	2.22681	1.81646	2.72273	1.22127
-1.9815	14.3237	-7.09019	-5.3526	-1.39289	11.0424	-1.21362	10.9695	-2.08575	-4.73364	2.22252	1.82599	2.73684	1.21929
-2.19189	13.9015	-6.74902	-5.62155	-1.29894	10.9012	-1.31706	10.7324	-2.05273	-4.75075	2.21844	1.83396	2.74838	1.21799
-2.19189	13.9015	-6.74902	-5.62155	-1.49687	10.4198	-1.41889	10.4945	-2.02111	-4.76686	2.21421	1.84367	2.76001	1.21665
-2.44944	13.4399	-6.53093	-5.88139	-1.59293	10.0212	-1.51917	10.2559	-1.99093	-4.78198	2.21028	1.85153	2.77014	1.21617
-2.44944	13.4399	-6.53093	-5.88139	-1.61875	10.2374	-1.61797	10.0165	-1.96221	-4.79615	2.2062	1.86111	2.78035	1.21564
-2.6606	13.0122	-6.32007	-5.89837	-1.59702	9.96554	-1.71539	9.77637	-1.93498	-4.80939	2.20235	1.86914	2.78917	1.21512
-2.6606	13.0122	-6.32007	-5.89837	-1.73381	9.71347	-1.81147	9.53564	-1.90924	-4.82172	2.19836	1.8789	2.79806	1.21457
-2.97655	12.536	-6.25205	-6.16314	-2.27191	9.37316	-1.90631	9.29431	-1.88502	-4.83316	2.1948	1.88675	2.80656	1.21508
-2.97655	12.536	-6.25205	-6.16314	-1.93833	8.77028	-1.99998	9.05243	-1.86233	-4.84374	2.19109	1.89631	2.81511	1.21554
-3.1644	12.1047	-6.03847	-6.13945	-1.96565	9.13274	-2.09256	8.81003	-1.8412	-4.85347	2.18758	1.90434	2.82234	1.21584
-3.1644	12.1047	-6.03847	-6.13945	-2.1768	8.5411	-2.18412	8.56717	-1.82164	-4.86238	2.18392	1.91408	2.8296	1.21611
-3.50564	11.5955	-6.07092	-6.38288	-2.65862	8.19477	-2.27474	8.32388	-1.80365	-4.87047	2.18081	1.92172	2.8371	1.21749
-3.50564	11.5955	-6.07092	-6.38288	-2.21875	8.15339	-2.3645	8.0802	-1.78726	-4.87778	2.17753	1.93106	2.84463	1.21882
-3.63281	11.1817	-5.74517	-6.35138	-2.273	8.52315	-2.45348	7.83617	-1.77248	-4.8843	2.17434	1.93902	2.85021	1.21995
-3.63281	11.1817	-5.74517	-6.35138	-2.59674	7.60288	-2.54177	7.59184	-1.75931	-4.89006	2.17099	1.94869	2.85581	1.22104
-4.01607	10.6602	-5.97646	-6.4863	-3.08256	7.38874	-2.62944	7.34723	-1.74777	-4.89507	2.16836	1.95622	2.86278	1.22279
-4.01607	10.6602	-5.97646	-6.4863	-2.79865	7.064	-2.71658	7.10238	-1.73786	-4.89933	2.16552	1.96541	2.86973	1.2245
-4.18905	10.1967	-5.68897	-6.61967	-2.79412	7.20818	-2.80326	6.85734	-1.72958	-4.90286	2.16292	1.97293	2.875	1.2269
-4.18905	10.1967	-5.68897	-6.61967	-2.74651	6.86867	-2.88957	6.61214	-1.72295	-4.90566	2.16012	1.9821	2.88025	1.22926
-4.35219	9.7275	-5.55133	-6.54545	-2.57673	6.36755	-2.97559	6.36681	-1.71797	-4.90774	2.15753	1.98958	2.88472	1.23118
-4.35219	9.7275	-5.55133	-6.54545	-2.90217	6.22989	-3.0614	6.12139	-1.71464	-4.90911	2.15475	1.99869	2.88918	1.23307
-4.68276	9.17946	-5.61548	-6.88941	-3.50172	6.10796	-3.14709	5.87592	-1.71297	-4.90976	2.15263	2.0056	2.89394	1.23696
-4.68276	9.17946	-5.61548	-6.88941	-3.1778	5.53101	-3.23274	5.63043	-1.71295	-4.9097	2.15028	2.0141	2.89865	1.2408
-4.97099	8.61937	-5.71281	-7.06184	-3.19736	5.19093	-3.31843	5.38496	-1.71458	-4.90893	2.14854	2.0204	2.90384	1.24574
-4.97099	8.61937	-5.71281	-7.06184	-3.43031	5.10507	-3.40424	5.13955	-1.71787	-4.90745	2.14655	2.02823	2.90896	1.25063
-5.21188	8.06805	-5.59028	-7.33225	-3.4281	4.94644	-3.49026	4.89422	-1.72281	-4.90525	2.14504	2.03401	2.91335	1.25742
-5.21188	8.06805	-5.59028	-7.33225	-3.69435	4.52196	-3.57657	4.64902	-1.72939	-4.90233	2.14328	2.04128	2.91766	1.26414
-5.53539	7.45017	-5.79489	-7.61581	-3.50501	4.17643	-3.66325	4.40398	-1.73763	-4.89868	2.14228	2.04616	2.92298	1.27305
-5.53539	7.45017	-5.79489	-7.61581	-4.00238	4.04684	-3.75039	4.15913	-1.74749	-4.8943	2.14101	2.05247	2.92819	1.28186
-5.83838	6.83986	-5.78618	-8.00882	-4.06447	4.10977	-3.83806	3.91452	-1.75899	-4.88918	2.14048	2.05657	2.93325	1.29403
-5.83838	6.83986	-5.78618	-8.00882	-3.88053	3.75177	-3.92635	3.67019	-1.77212	-4.8833	2.13965	2.06202	2.93818	1.30605
-6.13035	6.24428	-5.90104	-8.25838	-4.23729	3.88878	-4.01533	3.42616	-1.78686	-4.87666	2.13955	2.06546	2.94361	1.3203
-6.13035	6.24428	-5.90104	-8.25838	-4.15119	3.21968	-4.10509	3.18248	-1.8032	-4.86925	2.13913	2.07019	2.94889	1.33437
-6.47812	5.53382	-6.05126	-8.80025	-4.27467	2.88187	-4.19571	2.93919	-1.82113	-4.86104	2.13969	2.07245	2.95484	1.35387
-6.47812	5.53382	-6.05126	-8.80025	-4.32451	2.55034	-4.28727	2.69633	-1.84065	-4.85202	2.13989	2.07589	2.96062	1.37305
-6.76522	4.82229	-5.92921	-9.33356	-4.38481	2.39989	-4.37985	2.45393	-1.86173	-4.84218	2.14087	2.07708	2.9656	1.39805
-6.76522	4.82229	-5.92921	-9.33356	-4.61223	2.09192	-4.47352	2.21205	-1.88436	-4.83149	2.14146	2.07935	2.9704	1.42255
-7.03632	4.0896	-5.96768	-9.80764	-4.29257	1.92854	-4.56836	1.97072	-1.90853	-4.81994	2.14278	2.0795	2.97524	1.45243
-7.03632	4.0896	-5.96768	-9.80764	-4.86829	1.53442	-4.66444	1.72998	-1.93422	-4.80751	2.14369	2.08062	2.97991	1.48165
-7.3144	3.31089	-5.83094	-10.4165	-4.98165	1.43611	-4.76186	1.48989	-1.9614	-4.79417	2.14536	2.07971	2.98372	1.51824
-7.3144	3.31089	-5.83094	-10.4165	-4.66779	1.28643	-4.86066	1.25049	-1.99007	-4.7799	2.14658	2.07964	2.98736	1.5539
-7.4911	2.60537	-5.3578	-10.7501	-4.98594	1.10894	-4.96095	1.01182	-2.02019	-4.76468	2.14813	2.07804	2.98874	1.59322
-7.4911	2.60537	-5.3578	-10.7501	-4.85498	0.825661	-5.06277	0.77393	-2.05174	-4.74848	2.14923	2.07719	2.98997	1.63153
-7.66199	1.75647	-4.87211	-11.4031	-4.84736	0.18101	-5.16621	0.536876	-2.08471	-4.73127	2.15061	2.07469	2.98925	1.67802
-7.66199	1.75647	-4.87211	-11.4031	-5.1231	0.257311	-5.27133	0.300706	-2.11906	-4.71303	2.15154	2.07276	2.98842	1.72319
-7.79337	0.978059	-4.11974	-11.7783	-5.99809	-0.290765	-5.3782	0.0654719	-2.15477	-4.69374	2.15256	2.0697	2.98532	1.77249
-7.79337	0.978059	-4.11974	-11.7783	-5.29972	-0.212982	-5.4869	-0.168772	-2.1918	-4.67335	2.15314	2.06709	2.98216	1.8204
-7.84916	0.34439	-3.57438	-11.7205	-5.64447	-0.144522	-5.59748	-0.401971	-2.23014	-4.65185	2.1535	2.06384	2.97785	1.86625
-7.84916	0.34439	-3.57438	-11.7205	-5.85359	-0.445801	-5.71001	-0.634069	-2.26974	-4.62919	2.15345	2.06095	2.9735	1.91099
-7.87155	-0.349739	-3.1141	-11.8467	-5.30947	-0.724468	-5.82456	-0.865006	-2.31058	-4.60536	2.15308	2.05747	2.96854	1.95636
-7.87155	-0.349739	-3.1141	-11.8467	-5.87835	-1.26863	-5.94118	-1.09472	-2.35262	-4.58032	2.15232	2.05426	2.96356	2.00072
-7.85972	-1.06399	-2.39497	-11.9342	-5.68069	-1.52871	-6.05993	-1.32316	-2.39581	-4.55404	2.15116	2.05065	2.95827	2.04527
-7.85972	-1.06399	-2.39497	-11.9342	-6.27263	-1.50938	-6.18087	-1.55025	-2.44014	-4.52648	2.14967	2.0472	2.953	2.0889
-7.85719	-1.71258	-2.01472	-11.9359	-6.11355	-1.75966	-6.30406	-1.77593	-2.48555	-4.49762	2.14784	2.04357	2.94789	2.13172
-7.85719	-1.71258	-2.01472	-11.9359	-6.34007	-2.13685	-6.42954	-2.00014	-2.532	-4.46742	2.14573	2.04003	2.94284	2.17377
-7.87555	-2.24207	-1.5462	-11.5325	-6.99344	-2.17445	-6.55738	-2.22281	-2.57946	-4.43585	2.14337	2.03644	2.9383	2.21042
-7.87555	-2.24207	-1.5462	-11.5325	-6.79288	-2.4458	-6.68761	-2.44386	-2.62788	-4.40288	2.14077	2.03289	2.93384	2.24659
-7.88568	-2.77485	-1.18644	-11.2382	-7.14408	-2.67584	-6.82029	-2.66323	-2.6772	-4.36847	2.13795	2.02935	2.93003	2.27915
-7.88568	-2.77485	-1.18644	-11.2382	-6.8003	-3.10086	-6.95546	-2.88084	-2.7274	-4.3326	2.13493	2.02582	2.92633	2.31141
-7.87129	-3.29355	-0.759043	-10.8977	-7.13937	-3.22028	-7.09316	-3.09663	-2.7784	-4.29523	2.13171	2.02233	2.92367	2.33996
-7.87129	-3.29355	-0.759043	-10.8977	-7.12118	-3.26434	-7.23344	-3.3105	-2.83017	-4.25632	2.12835	2.01883	2.92115	2.36835
-7.87087	-3.82931	-0.410293	-10.6702	-7.77186	-4.08999	-7.37632	-3.5224	-2.88265	-4.21586	2.12487	2.01543	2.91972	2.39445
-7.87087	-3.82931	-0.410293	-10.6702	-7.49009	-3.49081	-7.52184	-3.73223	-2.93579	-4.1738	2.12132	2.01197	2.91846	2.42048
-7.87846	-4.26894	-0.265852	-10.2865	-7.52393	-3.88213	-7.67004	-3.93992	-2.98953	-4.13012	2.11772	2.00861	2.91781	2.44304
-7.87846	-4.26894	-0.265852	-10.2865	-7.88049	-4.29783	-7.82094	-4.14538	-3.04381	-4.08479	2.1141	2.0052	2.91735	2.46563
-7.90891	-4.70145	-0.138465	-9.91683	-8.08524	-4.57834	-7.97457	-4.34854	-3.09857	-4.03778	2.11051	2.00189	2.91749	2.4852
-7.90891	-4.70145	-0.138465	-9.91683	-8.22492	-4.79812	-8.13095	-4.5493	-3.15376	-3.98906	2.10697	1.99851	2.91783	2.50488
-7.96255	-5.08023	-0.00959989	-9.39487	-8.453	-4.95621	-8.2901	-4.74759	-3.2093	-3.93862	2.10349	1.99523	2.91883	2.52067
-7.96255	-5.08023	-0.00959989	-9.39487	-8.33552	-5.1059	-8.45204	-4.94331	-3.26514	-3.88641	2.10014	1.99188	2.92003	2.53664
-8.05231	-5.38122	-0.084286	-8.82769	-8.55062	-4.79248	-8.61678	-5.13637	-3.32121	-3.83242	2.09687	1.98859	2.92115	2.54886
-8.05231	-5.38122	-0.084286	-8.82769	-8.91477	-5.51752	-8.78433	-5.32669	-3.37745	-3.77663	2.09379	1.98526	2.92247	2.56131
-8.1487	-5.73307	-0.174401	-8.51161	-9.04115	-5.69364	-8.95469	-5.51417	-3.43377	-3.71901	2.09081	1.98199	2.92366	2.57196
-8.1487	-5.73307	-0.174401	-8.51161	-9.03391	-5.80267	-9.12788	-5.69872	-3.49012	-3.65955	2.0881	1.9787	2.92505	2.58287
-8.26204	-6.00195	-0.298257	-8.00867	-8.86897	-5.41973	-9.30388	-5.88026	-3.54643	-3.59823	2.0855	1.97543	2.92618	2.59105
-8.26204	-6.00195	-0.298257	-8.00867	-9.30811	-5.82368	-9.4827	-6.05868	-3.60261	-3.53503	2.08324	1.97217	2.92751	2.59951
-8.41856	-6.30871	-0.491439	-7.70272	-9.80646	-6.41174	-9.66432	-6.23389	-3.6586	-3.46994	2.08104	1.96893	2.92833	2.60656
-8.41856	-6.30871	-0.491439	-7.70272	-9.62547	-6.55958	-9.84874	-6.4058	-3.71431	-3.40295	2.07924	1.96571	2.92934	2.6139
-8.67656	-6.5474	-0.953687	-7.35383	-10.6688	-6.35543	-10.0359	-6.57431	-3.76969	-3.33404	2.07729	1.96249	2.92898	2.61973
-8.67656	-6.5474	-0.953687	-7.35383	-10.2246	-6.83402	-10.2259	-6.73933	-3.82463	-3.26321	2.07579	1.95932	2.92879	2.62586
-8.87981	-6.80822	-1.20828	-7.05511	-10.2205	-6.71044	-10.4186	-6.90075	-3.87907	-3.19046	2.07427	1.95615	2.92799	2.63082
-8.87981	-6.80822	-1.20828	-7.05511	-10.7616	-7.29159	-10.614	-7.05849	-3.93293	-3.11577	2.07326	1.95303	2.92735	2.63611
-9.14646	-7.02263	-1.5531	-6.68266	-10.8944	-6.83335	-10.8121	-7.21245	-3.98613	-3.03916	2.07207	1.94991	2.92589	2.63997
-9.14646	-7.02263	-1.5531	-6.68266	-11.2219	-7.56979	-11.0128	-7.36252	-4.03859	-2.96062	2.07144	1.94687	2.92458	2.64416
-9.38772	-7.256	-1.73332	-6.34173	-10.986	-7.3707	-11.2161	-7.50862	-4.09021	-2.88015	2.07071	1.9438	2.92294	2.64719
-9.38772	-7.256	-1.73332	-6.34173	-11.0934	-7.6776	-11.422	-7.65064	-4.14093	-2.79777	2.07059	1.94082	2.92144	2.65053
-9.66343	-7.45397	-1.97045	-5.9736	-11.4213	-7.46085	-11.6304	-7.78849	-4.19066	-2.71349	2.07027	1.93782	2.91947	2.6527
-9.66343	-7.45397	-1.97045	-5.9736	-11.5269	-7.8215	-11.8413	-7.92208	-4.23932	-2.6273	2.07062	1.93492	2.91764	2.65519
-9.94987	-7.63983	-2.09236	-5.54138	-11.9422	-7.88317	-12.0546	-8.05131	-4.28682	-2.53924	2.07073	1.93199	2.91563	2.65636
-9.94987	-7.63983	-2.09236	-5.54138	-12.09	-8.08828	-12.2702	-8.17609	-4.33309	-2.44932	2.07157	1.92918	2.91375	2.65784
-10.2895	-7.81525	-2.52022	-5.33203	-12.4462	-8.02117	-12.4881	-8.29633	-4.37802	-2.35756	2.07198	1.92633	2.91103	2.6589
-10.2895	-7.81525	-2.52022	-5.33203	-12.4231	-8.2599	-12.7082	-8.41193	-4.42156	-2.26399	2.07316	1.9236	2.90841	2.66028
-10.6126	-7.96393	-2.62381	-4.88865	-12.7461	-8.19449	-12.9304	-8.5228	-4.4636	-2.16863	2.07396	1.92085	2.90568	2.66047
-10.6126	-7.96393	-2.62381	-4.88865	-13.2911	-8.64594	-13.1547	-8.62886	-4.50407	-2.07151	2.07559	1.91821	2.90305	2.66097
-11.0206	-8.09068	-3.02031	-4.58687	-13.7929	-8.47158	-13.381	-8.73002	-4.54289	-1.97267	2.07653	1.91556	2.89978	2.66083
-11.0206	-8.09068	-3.02031	-4.58687	-13.384	-8.57583	-13.6092	-8.82619	-4.57997	-1.87214	2.07831	1.91303	2.89659	2.66099
-11.379	-8.18406	-3.09697	-4.10129	-13.6376	-8.26344	-13.8392	-8.91729	-4.61524	-1.76997	2.0796	1.91051	2.89335	2.66004
-11.379	-8.18406	-3.09697	-4.10129	-13.9959	-8.99264	-14.0709	-9.00324	-4.64861	-1.6662	2.08176	1.90811	2.89017	2.65938
-11.7999	-8.29043	-3.51166	-3.89047	-14.4737	-8.79552	-14.3043	-9.08395	-4.68001	-1.56086	2.08319	1.90569	2.88646	2.65843
-11.7999	-8.29043	-3.51166	-3.89047	-14.4273	-9.1875	-14.5391	-9.15936	-4.70936	-1.45402	2.08551	1.90338	2.88281	2.65778
-12.1647	-8.42979	-3.57843	-3.63576	-14.5757	-9.32634	-14.7754	-9.22939	-4.73658	-1.34573	2.08731	1.90099	2.87912	2.65673
-12.1647	-8.42979	-3.57843	-3.63576	-15.062	-9.04396	-15.013	-9.29397	-4.76161	-1.23603	2.09004	1.8987	2.87548	2.65599
-12.5873	-8.55281	-3.75143	-3.40237	-15.6189	-9.69365	-15.2517	-9.35302	-4.78436	-1.125	2.09202	1.89633	2.87168	2.65492
-12.5873	-8.55281	-3.75143	-3.40237	-15.6682	-9.56749	-15.4916	-9.40649	-4.80476	-1.01269	2.09495	1.89404	2.86793	2.65416
-13.0063	-8.62769	-3.80765	-3.03611	-15.9382	-9.35751	-15.7324	-9.45431	-4.82275	-0.899159	2.09714	1.89173	2.86415	2.65276
-13.0063	-8.62769	-3.80765	-3.03611	-16.0862	-9.59819	-15.9741	-9.49642	-4.83827	-0.784484	2.10029	1.88949	2.8604	2.65164
-13.4744	-8.6306	-4.01304	-2.61761	-16.6033	-8.85459	-16.2164	-9.53277	-4.85124	-0.668734	2.1025	1.8873	2.85648	2.64982
-13.4744	-8.6306	-4.01304	-2.61761	-16.4229	-9.37029	-16.4594	-9.5633	-4.8616	-0.55198	2.10569	1.88517	2.85259	2.64826
-13.8392	-8.69906	-4.02417	-2.37593	-16.011	-9.33486	-16.7027	-9.58797	-4.8693	-0.434301	2.10835	1.88299	2.84872	2.64644
-13.8392	-8.69906	-4.02417	-2.37593	-17.1132	-9.43043	-16.9464	-9.60673	-4.87427	-0.315773	2.11201	1.88085	2.84486	2.64489
-14.2221	-8.85979	-4.11669	-2.39923	-16.9255	-10.8571	-17.1903	-9.61954	-4.87646	-0.196479	2.11506	1.87852	2.84095	2.64369
-14.2221	-8.85979	-4.11669	-2.39923	-17.5448	-9.57485	-17.4342	-9.62636	-4.87583	-0.0765024	2.11913	1.8762	2.83706	2.64281
-14.6996	-8.8531	-4.23181	-2.02211	-18.1371	-9.39146	-17.6781	-9.62717	-4.87232	0.0440703	2.12217	1.87391	2.8331	2.64129
-14.6996	-8.8531	-4.23181	-2.02211	-17.9724	-9.42299	-17.9216	-9.62194	-4.86588	0.165151	2.12622	1.87163	2.82915	2.64008
-15.1568	-8.82413	-4.28787	-1.63892	-18.3083	-9.18778	-18.1648	-9.61064	-4.85648	0.286648	2.12933	1.86937	2.82518	2.63827
-15.1568	-8.82413	-4.28787	-1.63892	-18.2763	-9.60997	-18.4074	-9.59325	-4.84408	0.40847	2.13346	1.86711	2.82122	2.63674
-15.5767	-8.83659	-4.4122	-1.44845	-18.2443	-9.58547	-18.6493	-9.56977	-4.82864	0.530522	2.13679	1.86481	2.8172	2.63507
-15.5767	-8.83659	-4.4122	-1.44845	-18.9545	-9.51544	-18.8904	-9.54017	-4.81012	0.652707	2.14113	1.86249	2.8132	2.63367
-16.0139	-8.79019	-4.52725	-1.15596	-18.6983	-9.02886	-19.1305	-9.50447	-4.78851	0.774927	2.14459	1.86019	2.80916	2.63191
-16.0139	-8.79019	-4.52725	-1.15596	-19.2983	-9.09865	-19.3694	-9.46265	-4.76378	0.897083	2.14906	1.85786	2.80514	2.63043
-16.4796	-8.69413	-4.49004	-0.727353	-19.7037	-8.79906	-19.6069	-9.41472	-4.73591	1.01907	2.15251	1.85559	2.80114	2.62831
-16.4796	-8.69413	-4.49004	-0.727353	-19.8731	-8.96417	-19.8431	-9.36071	-4.70487	1.1408	2.15695	1.85328	2.79715	2.62645
-16.9988	-8.47815	-4.61213	-0.166193	-20.3815	-7.6755	-20.0775	-9.30061	-4.67066	1.26215	2.16015	1.85115	2.79315	2.62381
-16.9988	-8.47815	-4.61213	-0.166193	-20.1607	-9.59663	-20.3102	-9.23446	-4.63328	1.38303	2.1643	1.84895	2.78917	2.62137
-17.4321	-8.44972	-4.62668	-0.0348671	-20.4587	-9.7448	-20.5409	-9.16227	-4.59271	1.50334	2.16756	1.84671	2.7852	2.61893
-17.4321	-8.44972	-4.62668	-0.0348671	-20.6596	-8.91527	-20.7696	-9.08409	-4.54895	1.62296	2.17177	1.84441	2.78126	2.6167
-17.9298	-8.28968	-4.64147	0.347335	-21.5568	-8.5005	-20.9959	-8.99994	-4.50202	1.74179	2.17481	1.84219	2.77734	2.61406
-17.9298	-8.28968	-4.64147	0.347335	-21.0195	-8.85081	-21.2198	-8.90987	-4.45191	1.85972	2.17875	1.83988	2.77344	2.61161
-18.3993	-8.14669	-4.58811	0.659093	-21.8628	-8.64129	-21.4412	-8.81393	-4.39865	1.97666	2.18166	1.83764	2.76956	2.60887
-18.3993	-8.14669	-4.58811	0.659093	-21.5029	-8.87191	-21.6597	-8.71217	-4.34224	2.0925	2.18542	1.83531	2.76571	2.60632
-18.8433	-7.91508	-4.38957	1.13358	-21.9514	-7.41274	-21.8754	-8.60465	-4.2827	2.20712	2.18824	1.8331	2.76185	2.60329
-18.8433	-7.91508	-4.38957	1.13358	-21.9793	-8.57089	-22.0881	-8.49143	-4.22007	2.32043	2.19189	1.8308	2.75802	2.60042
-19.2845	-7.70378	-4.46742	1.42917	-22.1914	-7.70392	-22.2975	-8.37258	-4.15437	2.43232	2.1946	1.8286	2.75423	2.59734
-19.2845	-7.70378	-4.46742	1.42917	-22.5838	-8.35296	-22.5035	-8.24817	-4.08564	2.5427	2.1981	1.82629	2.75049	2.59441
-19.6582	-7.59861	-4.30902	1.54549	-22.3177	-8.57758	-22.7061	-8.11829	-4.01391	2.65145	2.2009	1.82397	2.74673	2.59147
-19.6582	-7.59861	-4.30902	1.54549	-22.9861	-7.6724	-22.9049	-7.98301	-3.93923	2.75848	2.20446	1.82156	2.74301	2.58868
-20.0481	-7.45881	-4.03854	1.73815	-23.2693	-8.32031	-23.1	-7.84243	-3.86163	2.8637	2.20723	1.81917	2.73926	2.5858
-20.0481	-7.45881	-4.03854	1.73815	-23.4777	-7.56583	-23.2911	-7.69663	-3.78118	2.967	2.21073	1.81672	2.73554	2.58305
-20.4712	-7.20413	-4.12891	2.02618	-23.473	-7.02103	-23.4781	-7.54572	-3.69792	3.06828	2.2133	1.81433	2.73189	2.5801
-20.4712	-7.20413	-4.12891	2.02618	-23.5408	-7.36069	-23.6609	-7.3898	-3.61191	3.16746	2.21654	1.81188	2.7283	2.57727
-20.8934	-6.91908	-4.08129	2.36158	-24.0505	-6.56968	-23.8393	-7.22897	-3.52321	3.26445	2.21885	1.80949	2.72475	2.5742
-20.8934	-6.91908	-4.08129	2.36158	-23.9384	-7.26171	-24.0132	-7.06336	-3.43189	3.35916	2.22179	1.80705	2.72126	2.57123
-21.2969	-6.59781	-3.91861	2.73919	-24.3577	-5.94086	-24.1825	-6.89307	-3.33801	3.45149	2.22385	1.80467	2.71775	2.56802
-21.2969	-6.59781	-3.91861	2.73919	-24.2574	-6.4352	-24.347	-6.71823	-3.24166	3.54138	2.22649	1.80225	2.71431	2.56489
-21.652	-6.40874	-3.64644	2.8591	-24.788	-7.18367	-24.5066	-6.53896	-3.14289	3.62873	2.22841	1.79984	2.71079	2.56176
-21.652	-6.40874	-3.64644	2.8591	-24.3008	-6.43799	-24.6612	-6.35538	-3.0418	3.71347	2.23087	1.79742	2.70733	2.5587
-21.9845	-6.14075	-3.45253	3.087	-24.6108	-6.00878	-24.8107	-6.16764	-2.93846	3.79553	2.23267	1.79502	2.70384	2.55554
-21.9845	-6.14075	-3.45253	3.087	-25.146	-5.91902	-24.955	-5.97587	-2.83295	3.87484	2.23497	1.79264	2.70042	2.55246
-22.3211	-5.79368	-3.31273	3.41073	-24.8975	-5.02285	-25.094	-5.7802	-2.72537	3.95132	2.23657	1.79026	2.697	2.54921
-22.3211	-5.79368	-3.31273	3.41073	-25.1941	-5.64372	-25.2276	-5.58079	-2.61581	4.02492	2.23861	1.78792	2.69366	2.54603
-22.6621	-5.49051	-3.25909	3.6096	-25.5328	-5.4399	-25.3556	-5.37777	-2.50435	4.09557	2.23994	1.78556	2.69037	2.54278
-22.6621	-5.49051	-3.25909	3.6096	-25.5713	-5.10241	-25.4779	-5.1713	-2.39109	4.16322	2.24165	1.78328	2.68719	2.53958
-22.9228	-5.3542	-3.15647	3.52604	-25.0178	-6.55904	-25.5946	-4.96152	-2.27613	4.22781	2.24289	1.78104	2.68403	2.53649
-22.9228	-5.3542	-3.15647	3.52604	-25.6952	-4.89995	-25.7055	-4.7486	-2.15956	4.2893	2.24448	1.77898	2.681	2.53346
-23.2303	-5.01353	-3.00859	3.77979	-25.8162	-4.40681	-25.8105	-4.53268	-2.04149	4.34764	2.24542	1.77682	2.67794	2.53031
-23.2303	-5.01353	-3.00859	3.77979	-25.9516	-4.26659	-25.9096	-4.31392	-1.92202	4.40279	2.24666	1.77486	2.67502	2.52721
-23.5381	-4.69547	-2.6162	3.98027	-26.8953	-4.43966	-26.0027	-4.0925	-1.80125	4.45471	2.24726	1.77281	2.67186	2.52403
-23.5381	-4.69547	-2.6162	3.98027	-26.1198	-3.67723	-26.0897	-3.86856	-1.67928	4.50337	2.2481	1.77101	2.66881	2.52089
-23.796	-4.36278	-2.24217	4.18226	-26.5652	-3.85723	-26.1706	-3.64227	-1.55623	4.54875	2.24844	1.76909	2.66558	2.51769
-23.796	-4.36278	-2.24217	4.18226	-25.9974	-3.24722	-26.2453	-3.41381	-1.4322	4.59081	2.24898	1.76746	2.66245	2.51452
-24.0188	-3.98149	-1.91847	4.43724	-26.2976	-3.01078	-26.3138	-3.18332	-1.30729	4.62954	2.2491	1.76565	2.6592	2.5113
-24.0188	-3.98149	-1.91847	4.43724	-26.1741	-2.87885	-26.376	-2.95098	-1.18162	4.66493	2.24939	1.76415	2.65604	2.5081
-24.221	-3.66929	-1.70298	4.55093	-26.4681	-3.44967	-26.4319	-2.71697	-1.05529	4.69696	2.24929	1.76255	2.65284	2.50489
-24.221	-3.66929	-1.70298	4.55093	-26.674	-2.73852	-26.4815	-2.48143	-0.928411	4.72562	2.24932	1.76132	2.64973	2.5017
-24.4392	-3.19669	-1.57336	4.89297	-26.657	-1.72382	-26.5247	-2.24456	-0.80109	4.75091	2.24891	1.75973	2.64664	2.49852
-24.4392	-3.19669	-1.57336	4.89297	-26.6691	-2.17333	-26.5616	-2.0065	-0.673434	4.77284	2.2486	1.75851	2.64366	2.49534
-24.6171	-2.73213	-1.41749	5.19516	-26.3248	-1.32261	-26.5921	-1.76744	-0.545553	4.79141	2.24795	1.75695	2.64067	2.49226
-24.6171	-2.73213	-1.41749	5.19516	-26.4671	-1.53207	-26.6161	-1.52753	-0.417552	4.80664	2.24735	1.75577	2.6378	2.48918
-24.7431	-2.42929	-1.02663	5.21833	-26.4998	-2.19526	-26.6338	-1.28695	-0.289538	4.81852	2.24652	1.75449	2.63473	2.48611
-24.7431	-2.42929	-1.02663	5.21833	-26.5998	-1.14277	-26.6451	-1.04586	-0.161616	4.8271	2.24572	1.75366	2.63177	2.48306
-24.8994	-2.06607	-0.814902	5.32025	-27.2008	-1.67679	-26.65	-0.804425	-0.0338883	4.83238	2.24462	1.75259	2.62875	2.48006
-24.8994	-2.06607	-0.814902	5.32025	-26.7355	-0.59539	-26.6485	-0.562811	0.0935412	4.83439	2.24351	1.75201	2.62585	2.47707
-25.0265	-1.57512	-0.460266	5.59817	-26.9891	0.0351487	-26.6406	-0.321181	0.220572	4.83317	2.24216	1.75095	2.62279	2.47427
-25.0265	-1.57512	-0.460266	5.59817	-26.4553	0.0602653	-26.6264	-0.0796947	0.347104	4.82874	2.24079	1.75035	2.61982	2.47148
-25.1269	-1.11701	-0.154428	5.79918	-26.9537	0.136943	-26.6059	0.161489	0.473041	4.82116	2.23921	1.74934	2.61675	2.46888
-25.1269	-1.11701	-0.154428	5.79918	-26.6201	0.57588	-26.5792	0.402213	0.598287	4.81045	2.2376	1.74881	2.61377	2.46631
-25.2124	-0.661688	-0.000151604	5.98958	-26.8241	0.381506	-26.5462	0.642323	0.722748	4.79667	2.23582	1.74784	2.61078	2.46397
-25.2124	-0.661688	-0.000151604	5.98958	-26.7293	1.06082	-26.5069	0.881666	0.846334	4.77986	2.23398	1.74737	2.6079	2.46166
-25.264	-0.00247052	0.138879	6.47806	-25.9562	2.60409	-26.4616	1.12009	0.968955	4.76007	2.23202	1.7461	2.60501	2.46011
-25.264	-0.00247052	0.138879	6.47806	-26.3986	1.42212	-26.4101	1.35745	1.09053	4.73737	2.23	1.74526	2.60223	2.4586
-25.2946	0.221556	0.31726	6.27331	-26.5072	-0.563928	-26.3526	1.59361	1.21096	4.71181	2.22788	1.74444	2.59942	2.4568
-25.2946	0.221556	0.31726	6.27331	-26.3594	1.79315	-26.2891	1.82841	1.33018	4.68345	2.2257	1.74412	2.59672	2.45505
-25.3058	0.672933	0.649189	6.39953	-26.3475	1.82827	-26.2197	2.06173	1.44811	4.65235	2.22344	1.74334	2.59385	2.45357
-25.3058	0.672933	0.649189	6.39953	-26.2502	2.18481	-26.1444	2.29342	1.56467	4.61859	2.22112	1.74305	2.59109	2.45216
-25.2998	1.14241	0.832711	6.56426	-26.069	2.27896	-26.0633	2.52336	1.67979	4.58223	2.21874	1.74227	2.58828	2.45113
-25.2998	1.14241	0.832711	6.56426	-26.0641	2.80701	-25.9765	2.75141	1.79339	4.54334	2.2163	1.74195	2.58558	2.45018
-25.2736	1.61627	1.27793	6.66297	-26.3234	3.02388	-25.8841	2.97746	1.90543	4.502	2.21383	1.74114	2.58264	2.44952
-25.2736	1.61627	1.27793	6.66297	-25.8345	3.42005	-25.7861	3.20139	2.01582	4.45828	2.2113	1.74078	2.57978	2.44896
-25.235	2.14578	1.556	6.8598	-26.1824	3.73376	-25.6826	3.42306	2.12452	4.41227	2.20875	1.73981	2.57683	2.44896
-25.235	2.14578	1.556	6.8598	-25.6666	3.63509	-25.5737	3.64239	2.23146	4.36404	2.20616	1.73927	2.57395	2.44907
-25.1526	2.5299	1.84322	6.84	-25.5773	3.13316	-25.4596	3.85924	2.3366	4.31367	2.20358	1.7384	2.57098	2.44926
-25.1526	2.5299	1.84322	6.84	-25.7492	3.99968	-25.3402	4.07353	2.43989	4.26125	2.20096	1.73796	2.56808	2.44957
-25.0513	2.94895	2.10663	6.87882	-25.3516	3.75691	-25.2157	4.28514	2.54127	4.20686	2.19836	1.73712	2.5651	2.45013
-25.0513	2.94895	2.10663	6.87882	-25.0214	4.52803	-25.0863	4.49399	2.64071	4.15058	2.19574	1.73669	2.56219	2.45083
-24.895	3.39038	2.33891	6.98191	-24.2719	4.30917	-24.9518	4.69998	2.73817	4.09251	2.19314	1.7358	2.55922	2.45196
-24.895	3.39038	2.33891	6.98191	-25.0363	4.88499	-24.8126	4.90303	2.83361	4.03273	2.19055	1.7353	2.55631	2.45325
-24.7303	3.85012	2.66188	7.06591	-24.3609	4.95947	-24.6686	5.10304	2.92701	3.97132	2.18797	1.73432	2.55333	2.45496
-24.7303	3.85012	2.66188	7.06591	-24.5041	5.35293	-24.5201	5.29995	3.01833	3.90839	2.18542	1.73371	2.55038	2.45685
-24.553	4.2689	3.09142	7.03647	-24.4379	5.24592	-24.367	5.49367	3.10754	3.84401	2.18287	1.73269	2.54738	2.45884
-24.553	4.2689	3.09142	7.03647	-24.1159	5.61152	-24.2095	5.68414	3.19464	3.77827	2.18038	1.73202	2.5444	2.46101
-24.382	4.58128	3.41243	6.86989	-24.5638	4.75836	-24.0477	5.8713	3.27959	3.71127	2.17789	1.73111	2.54144	2.46287
-24.382	4.58128	3.41243	6.86989	-23.9153	5.94377	-23.8818	6.05508	3.36239	3.64309	2.17548	1.73056	2.53848	2.46493
-24.1609	5.12464	3.52104	7.15013	-23.5491	6.44495	-23.7117	6.23542	3.44302	3.57383	2.17306	1.72937	2.53553	2.46809
-24.1609	5.12464	3.52104	7.15013	-23.6471	6.29102	-23.5377	6.41227	3.52148	3.50357	2.17074	1.72848	2.53258	2.47148
-23.9488	5.58648	3.75113	7.22811	-23.7544	6.53746	-23.3598	6.58559	3.59775	3.4324	2.16841	1.72715	2.52966	2.47536
-23.9488	5.58648	3.75113	7.22811	-23.0099	6.86182	-23.1781	6.75533	3.67185	3.36041	2.16623	1.72607	2.52674	2.47948
-23.7039	5.8779	3.99814	7.06369	-22.7862	5.74143	-22.9928	6.92146	3.74376	3.28768	2.164	1.7248	2.52386	2.48324
-23.7039	5.8779	3.99814	7.06369	-22.6991	7.063	-22.804	7.08393	3.8135	3.21431	2.16194	1.72379	2.52097	2.48724
-23.4204	6.25425	4.39074	6.98522	-22.418	6.76159	-22.6117	7.24273	3.88106	3.14038	2.15981	1.72246	2.5182	2.4912
-23.4204	6.25425	4.39074	6.98522	-22.5083	7.31524	-22.4161	7.39782	3.94647	3.06598	2.15787	1.72136	2.5154	2.49541
-23.0951	6.70851	4.91936	6.96762	-22.0543	7.85452	-22.2173	7.54917	4.00974	2.99118	2.15581	1.71986	2.51291	2.49979
-23.0951	6.70851	4.91936	6.96762	-22.1947	7.69478	-22.0154	7.69679	4.07087	2.91607	2.15397	1.71855	2.51037	2.50441
-22.7429	7.33011	5.15362	7.33071	-21.6178	9.0351	-21.8105	7.84064	4.12989	2.84074	2.15198	1.71677	2.50799	2.51071
-22.7429	7.33011	5.15362	7.33071	-21.6473	7.94	-21.6026	7.98072	4.18681	2.76526	2.15023	1.7151	2.50557	2.51726
-22.4465	7.67809	5.32668	7.23939	-21.8637	7.78661	-21.392	8.11703	4.24166	2.68971	2.14838	1.71329	2.50326	2.52371
-22.4465	7.67809	5.32668	7.23939	-21.0853	7.83229	-21.1787	8.24957	4.29447	2.61417	2.1468	1.71157	2.50092	2.53042
-22.0603	8.22836	5.54868	7.49656	-20.5503	9.28616	-20.9628	8.37833	4.34526	2.53871	2.14501	1.70966	2.49875	2.5385
-22.0603	8.22836	5.54868	7.49656	-21.0519	8.50983	-20.7444	8.50333	4.39406	2.46341	2.14351	1.70778	2.49654	2.54684
-21.6535	8.66095	6.01551	7.411	-19.9265	9.40847	-20.5237	8.62457	4.4409	2.38835	2.14177	1.70587	2.49486	2.55508
-21.6535	8.66095	6.01551	7.411	-20.21	8.68914	-20.3006	8.74206	4.48582	2.31358	2.14033	1.70396	2.49311	2.56358
-21.2955	9.01534	6.11439	7.38295	-20.2277	8.8532	-20.0753	8.85583	4.52884	2.23919	2.13872	1.70208	2.49146	2.57223
-21.2955	9.01534	6.11439	7.38295	-20.0633	8.86724	-19.848	8.96589	4.57001	2.16524	2.13743	1.70018	2.48975	2.58113
-20.9478	9.31142	6.19225	7.26909	-19.9264	8.78179	-19.6186	9.07227	4.60937	2.09179	2.13597	1.69833	2.4881	2.58979
-20.9478	9.31142	6.19225	7.26909	-19.4861	8.96665	-19.3873	9.17499	4.64694	2.01891	2.13486	1.69646	2.4864	2.5987
-20.4901	9.7479	6.62165	7.23496	-18.5719	10.2069	-19.1542	9.27409	4.68278	1.94666	2.13343	1.69473	2.48533	2.60772
-20.4901	9.7479	6.62165	7.23496	-18.6786	9.19191	-18.9193	9.36959	4.71692	1.8751	2.13235	1.69295	2.48419	2.61698
-20.1471	9.93484	6.75281	6.88605	-19.2825	8.98189	-18.6827	9.46154	4.7494	1.80429	2.13111	1.69123	2.48324	2.62495
-20.1471	9.93484	6.75281	6.88605	-18.4242	9.46852	-18.4446	9.54996	4.78028	1.73429	2.13026	1.68947	2.48223	2.63317
-19.7585	10.0598	7.03075	6.40381	-18.1634	8.72444	-18.2049	9.63492	4.80959	1.66514	2.12917	1.68773	2.48169	2.63962
-19.7585	10.0598	7.03075	6.40381	-17.7736	9.72478	-17.9639	9.71643	4.83737	1.59691	2.12849	1.68596	2.48109	2.6463
-19.2672	10.4168	7.23588	6.46741	-17.2296	9.97767	-17.7214	9.79457	4.86368	1.52964	2.12739	1.68437	2.48086	2.65346
-19.2672	10.4168	7.23588	6.46741	-17.3436	9.88109	-17.4777	9.86936	4.88856	1.46338	2.12672	1.68273	2.48058	2.66084
-18.8011	10.7097	7.4949	6.33194	-17.1554	10.212	-17.2328	9.94087	4.91205	1.39818	2.12566	1.68128	2.4808	2.66789
-18.8011	10.7097	7.4949	6.33194	-16.8876	10.145	-16.9868	10.0091	4.93421	1.33408	2.12503	1.67977	2.48098	2.67514
-18.3315	10.9608	7.69554	6.17415	-16.5958	10.1078	-16.7396	10.0743	4.95507	1.27113	2.12403	1.67846	2.48157	2.68196
-18.3315	10.9608	7.69554	6.17415	-16.5153	10.3091	-16.4915	10.1362	4.97469	1.20937	2.12345	1.67708	2.48211	2.68898
-17.8356	11.2394	7.93517	6.05202	-16.09	10.5824	-16.2424	10.1952	4.99311	1.14883	2.12245	1.67598	2.4832	2.69571
-17.8356	11.2394	7.93517	6.05202	-16.006	10.1843	-15.9924	10.2511	5.01039	1.08956	2.12189	1.6748	2.48423	2.70262
-17.3572	11.4697	8.0547	5.93145	-15.7234	10.41	-15.7416	10.3041	5.02655	1.03159	2.12093	1.67387	2.48552	2.70925
-17.3572	11.4697	8.0547	5.93145	-15.5699	10.1904	-15.4899	10.3543	5.04166	0.974957	2.12042	1.67288	2.48677	2.71604
-16.7737	11.7378	8.50385	5.685	-14.2385	10.9109	-15.2376	10.4016	5.05576	0.919692	2.11935	1.67223	2.48922	2.72207
-16.7737	11.7378	8.50385	5.685	-14.9365	10.4722	-14.9846	10.4462	5.06889	0.865828	2.1187	1.67151	2.49162	2.72826
-16.3368	11.8287	8.36179	5.53198	-14.724	9.63507	-14.7309	10.4882	5.0811	0.813394	2.11774	1.67088	2.49357	2.73403
-16.3368	11.8287	8.36179	5.53198	-14.4088	10.222	-14.4766	10.5276	5.09243	0.762418	2.11722	1.67018	2.49547	2.73995
-15.822	12.0005	8.53724	5.3086	-13.9005	10.5238	-14.2218	10.5645	5.10293	0.712926	2.11626	1.66972	2.49783	2.74521
-15.822	12.0005	8.53724	5.3086	-13.8049	10.9383	-13.9665	10.5989	5.11263	0.664944	2.11575	1.66919	2.50015	2.75061
-15.2835	12.217	8.62725	5.29741	-13.3956	10.7857	-13.7107	10.631	5.12159	0.618496	2.11475	1.66902	2.5027	2.7561
-15.2835	12.217	8.62725	5.29741	-13.3556	10.5517	-13.4545	10.6608	5.12983	0.573603	2.11419	1.66879	2.50521	2.76171
-14.7651	12.3665	8.78929	5.03672	-12.9374	10.8137	-13.1979	10.6884	5.13741	0.530288	2.11318	1.66881	2.50817	2.76653
-14.7651	12.3665	8.78929	5.03672	-12.9591	11.0099	-12.9409	10.7138	5.14436	0.48857	2.11262	1.66878	2.51109	2.77146
-14.1922	12.5806	8.97276	4.96701	-12.2518	11.2495	-12.6836	10.7373	5.15071	0.448467	2.11154	1.66916	2.51454	2.77627
-14.1922	12.5806	8.97276	4.96701	-12.3713	10.6091	-12.426	10.7587	5.15651	0.409997	2.11088	1.6695	2.51796	2.78117
-13.6686	12.7152	9.03474	4.80593	-11.9352	10.9161	-12.1681	10.7783	5.16179	0.373177	2.10979	1.6701	2.52154	2.78563
-13.6686	12.7152	9.03474	4.80593	-11.9451	11.0515	-11.91	10.7961	5.16658	0.338022	2.10912	1.67065	2.52509	2.79018
-13.0931	12.858	9.20675	4.6136	-10.9703	10.9676	-11.6516	10.8121	5.17092	0.304546	2.10795	1.67152	2.52916	2.79419
-13.0931	12.858	9.20675	4.6136	-11.4548	10.9407	-11.393	10.8265	5.17484	0.272761	2.10719	1.67235	2.53319	2.79827
-12.6798	12.7972	9.23004	3.88484	-11.3472	10.5111	-11.1342	10.8394	5.17836	0.242681	2.10618	1.67299	2.53726	2.80028
-12.6798	12.7972	9.23004	3.88484	-10.6009	10.6823	-10.8753	10.8509	5.18153	0.214317	2.10561	1.67359	2.5413	2.80235
-12.1625	12.8606	9.26229	3.68869	-10.6563	10.8369	-10.6161	10.8609	5.18435	0.187679	2.10461	1.67433	2.54542	2.80397
-12.1625	12.8606	9.26229	3.68869	-10.4142	10.8747	-10.3569	10.8697	5.18687	0.162776	2.10404	1.67504	2.5495	2.80564
-11.5718	13.0186	9.30962	3.84459	-9.90413	11.2255	-10.0976	10.8772	5.1891	0.139618	2.10294	1.67613	2.55371	2.80778
-11.5718	13.0186	9.30962	3.84459	-9.83445	11.1032	-9.83809	10.8837	5.19106	0.118212	2.10225	1.6772	2.55788	2.80996
-11.1808	12.9681	9.09296	3.49799	-10.195	10.3498	-9.57852	10.8891	5.19278	0.0985664	2.10135	1.67811	2.56134	2.81129
-11.1808	12.9681	9.09296	3.49799	-9.3066	11.0348	-9.31887	10.8936	5.19428	0.0806865	2.10089	1.67902	2.56477	2.81266
-10.6997	12.9688	9.03433	3.27402	-9.2226	10.3527	-9.05915	10.8972	5.19557	0.0645787	2.10006	1.67991	2.568	2.81352
-10.6997	12.9688	9.03433	3.27402	-8.78899	11.0707	-8.79937	10.9001	5.19667	0.050248	2.09967	1.68079	2.57121	2.81441
-10.2523	12.9238	8.91791	2.98716	-8.83914	10.0319	-8.53953	10.9023	5.19759	0.0376992	2.09896	1.68155	2.57406	2.81469
-10.2523	12.9238	8.91791	2.98716	-8.62045	10.6577	-8.27965	10.9039	5.19835	0.0269359	2.09871	1.6823	2.57689	2.815
-9.6446	13.0284	9.1145	2.94608	-7.91543	11.1157	-8.01974	10.905	5.19896	0.0179617	2.09787	1.68331	2.58028	2.81523
-9.6446	13.0284	9.1145	2.94608	-7.51971	11.0005	-7.75979	10.9057	5.19942	0.0107791	2.09746	1.6843	2.58366	2.81547
-9.05141	13.0857	9.23881	2.87062	-7.25987	10.6458	-7.49981	10.9061	5.19975	0.00539029	2.0965	1.68544	2.5874	2.81558
-9.05141	13.0857	9.23881	2.87062	-7.15631	10.815	-7.23983	10.9063	5.19994	0.00179692	2.09597	1.68658	2.59113	2.81568
