0.201778	0.385989	-1.24257	-2.37696	0.201778	0.385989	0.359997	0.600041	-4.80025	0.0016588	0.158219	0.214052	3.55768	2.37862
0.217225	0.676948	-1.23866	-2.35629	0.218966	0.686146	0.119984	0.600207	-4.80057	0.00497648	0.131318	0.160791	3.5598	2.36996
-0.0556516	0.730402	-0.936911	0.716554	-0.0814087	0.49792	-0.120044	0.600581	-4.801	0.00995308	0.113483	0.151174	3.66404	1.9776
-0.148033	0.659308	-1.20796	0.737678	-0.306645	0.557228	-0.360093	0.601244	-4.80155	0.0165887	0.144573	0.134101	3.64655	1.75019
-0.585284	0.618527	-4.46174	1.73314	-0.423231	0.382203	-0.60017	0.602281	-4.80221	0.0248832	0.129481	0.120164	3.26513	1.74189
-0.800812	0.672175	-4.38017	1.68833	-0.920801	0.498185	-0.840279	0.603774	-4.80296	0.0348368	0.119293	0.113192	2.98563	1.72747
-1.02349	0.642708	-4.41026	1.34559	-0.999175	0.569138	-1.08042	0.605806	-4.8038	0.0464493	0.11252	0.10572	2.76816	1.67301
-1.23288	0.694208	-4.36374	1.32015	-1.21709	0.564086	-1.32061	0.608459	-4.80472	0.0597206	0.109728	0.103435	2.59406	1.62716
-1.45147	0.689715	-4.34798	0.965298	-1.31575	0.565548	-1.56084	0.611818	-4.8057	0.0746505	0.109688	0.100917	2.45046	1.56257
-1.63353	0.722493	-4.23899	0.979864	-1.46626	0.627215	-1.80112	0.615965	-4.80673	0.0912385	0.116777	0.101492	2.33163	1.50878
-1.89081	0.71181	-4.47654	0.676561	-1.76309	0.586975	-2.04145	0.620982	-4.80778	0.109484	0.120251	0.100569	2.22537	1.44869
-2.14355	0.751865	-4.5473	0.657678	-2.28461	0.787442	-2.28182	0.626953	-4.80884	0.129387	0.121854	0.102818	2.13197	1.39538
-2.43755	0.658084	-4.81011	0.0672726	-2.50204	0.4664	-2.52225	0.63396	-4.80989	0.150946	0.119407	0.0990107	2.04833	1.34083
-2.68968	0.686611	-4.82361	0.157266	-2.7473	0.847233	-2.76273	0.642086	-4.81089	0.174159	0.116708	0.0961484	1.97382	1.29207
-2.95237	0.699231	-4.79557	0.137601	-3.65705	0.865703	-3.00325	0.651414	-4.81184	0.199026	0.113513	0.0937051	1.9069	1.24836
-3.21066	0.733891	-4.82353	0.231024	-3.30883	0.881059	-3.24381	0.662026	-4.8127	0.225545	0.110221	0.0924913	1.84635	1.20872
-3.45858	0.70212	-4.82319	0.060244	-3.47146	0.613185	-3.48441	0.674004	-4.81344	0.253712	0.107113	0.0899885	1.79122	1.17357
-3.71336	0.646523	-4.86318	-0.160194	-3.76347	0.400296	-3.72504	0.687432	-4.81403	0.283526	0.104132	0.087983	1.74079	1.14529
-3.95202	0.682464	-4.91154	0.0083264	-3.79537	0.758312	-3.9657	0.702391	-4.81445	0.314984	0.101403	0.0857583	1.69451	1.11696
-4.23898	0.627852	-4.99628	-0.198927	-4.43196	0.438228	-4.20636	0.718963	-4.81465	0.348081	0.0991043	0.0860339	1.6521	1.09553
-4.48105	0.620804	-4.97113	-0.18804	-4.35973	0.613548	-4.44703	0.73723	-4.81461	0.382812	0.0970004	0.0877202	1.61265	1.07636
-4.72579	0.675606	-4.95659	0.0277633	-4.72477	0.881914	-4.68769	0.757274	-4.81428	0.419174	0.0951178	0.0874542	1.57586	1.05492
-4.95204	0.742446	-4.97782	0.257584	-4.42669	0.850619	-4.92832	0.779176	-4.81363	0.45716	0.0931585	0.0858741	1.5416	1.03257
-5.21567	0.743721	-5.006	0.216484	-5.28802	0.714213	-5.1689	0.803017	-4.81263	0.496763	0.0916953	0.0849329	1.50966	1.01244
-5.48097	0.723899	-5.11442	0.125747	-5.47463	0.612257	-5.40943	0.828877	-4.81122	0.537976	0.0909748	0.0858246	1.4804	0.995408
-5.7039	0.820578	-5.04238	0.41662	-5.5629	1.05194	-5.64986	0.856837	-4.80937	0.580791	0.0898354	0.0844579	1.45237	0.976609
-5.93369	0.911228	-4.78127	0.609286	-6.29502	1.26514	-5.8902	0.886977	-4.80703	0.625197	0.0885526	0.0830104	1.42523	0.958358
-6.1263	0.930261	-4.69831	0.584054	-5.88309	0.886	-6.1304	0.919375	-4.80415	0.671184	0.0869603	0.0815405	1.39969	0.941233
-6.37778	0.971959	-4.97193	0.655605	-5.95255	0.944273	-6.37044	0.954111	-4.8007	0.718741	0.0854587	0.0801908	1.37572	0.924937
-6.64937	0.966359	-5.02044	0.535713	-6.75307	0.884443	-6.61028	0.991262	-4.79662	0.767854	0.0843249	0.078974	1.35321	0.910378
-6.88978	0.993127	-5.01327	0.539558	-6.62052	0.961842	-6.84991	1.03091	-4.79187	0.818509	0.0832622	0.0779856	1.3318	0.896974
-7.13087	1.08702	-4.98513	0.739082	-7.10876	1.23352	-7.08928	1.07312	-4.78638	0.87069	0.08228	0.0767967	1.3113	0.883154
-7.38196	1.07532	-4.92805	0.58442	-7.52937	0.8358	-7.32835	1.11798	-4.78012	0.92438	0.0815594	0.0759879	1.29153	0.871681
-7.61659	1.12071	-4.90384	0.633733	-7.56319	1.15044	-7.56709	1.16556	-4.77304	0.979561	0.0807983	0.0752561	1.27259	0.860812
-7.83299	1.15645	-4.84139	0.649535	-7.25187	1.11533	-7.80545	1.21593	-4.76506	1.03621	0.0797716	0.0748515	1.25435	0.85094
-8.06327	1.18756	-4.82008	0.647652	-8.00209	1.17936	-8.04339	1.26918	-4.75615	1.09431	0.0787257	0.0750479	1.23685	0.842334
-8.29656	1.29613	-4.85658	0.878629	-8.07459	1.74513	-8.28085	1.32536	-4.74625	1.15383	0.0776975	0.0741825	1.22016	0.832104
-8.52925	1.32917	-4.83971	0.849239	-8.47207	1.30248	-8.51779	1.38455	-4.7353	1.21475	0.0766908	0.0737491	1.20411	0.82322
-8.73823	1.35985	-4.49437	0.775395	-8.95167	1.35495	-8.75416	1.44681	-4.72324	1.27704	0.0757442	0.0741171	1.18914	0.816558
-8.95955	1.46119	-4.47809	0.952777	-8.97275	1.58275	-8.98989	1.51223	-4.71002	1.34067	0.0749451	0.0736284	1.17476	0.808616
-9.19781	1.48655	-4.73178	0.924446	-8.71353	1.22502	-9.22493	1.58085	-4.69558	1.40561	0.0741465	0.0742012	1.16036	0.802221
-9.45705	1.50119	-4.77871	0.832061	-9.55672	1.45188	-9.45921	1.65276	-4.67987	1.47183	0.0732593	0.0769529	1.14656	0.798737
-9.70877	1.49858	-4.90666	0.720493	-9.55852	1.10142	-9.69268	1.728	-4.66282	1.53929	0.072444	0.0837144	1.13376	0.79921
-9.98358	1.64358	-4.94282	1.01943	-10.1925	1.86579	-9.92526	1.80665	-4.64437	1.60795	0.0721537	0.0863317	1.1217	0.795041
-10.2032	1.77276	-4.78855	1.22855	-10.0357	2.49884	-10.1569	1.88875	-4.62448	1.67776	0.0716807	0.0871005	1.10944	0.789005
-10.4002	1.87327	-4.70439	1.34365	-10.2047	1.92272	-10.3875	1.97438	-4.60307	1.7487	0.0709221	0.0874289	1.09742	0.782663
-10.6584	1.96502	-4.8796	1.43414	-10.746	2.16649	-10.6169	2.06357	-4.58009	1.82071	0.0704246	0.0876803	1.08656	0.776343
-10.8948	2.0174	-4.86922	1.38233	-10.8445	1.97723	-10.8452	2.15639	-4.55549	1.89375	0.0700539	0.0890513	1.07613	0.771752
-11.1201	2.11003	-4.81591	1.44797	-10.8211	2.33578	-11.0722	2.25288	-4.52921	1.96776	0.0696717	0.0904697	1.06588	0.767437
-11.3038	2.27076	-4.69391	1.69952	-11.0683	2.3968	-11.2979	2.35309	-4.50118	2.04269	0.0689765	0.090314	1.05552	0.761273
-11.5444	2.35394	-4.71317	1.69512	-11.6414	2.33697	-11.5221	2.45707	-4.47136	2.11849	0.0683681	0.0905828	1.04567	0.7561
-11.7779	2.50289	-4.69565	1.86987	-11.81	2.61859	-11.7448	2.56486	-4.43968	2.1951	0.0678628	0.0901183	1.03618	0.750151
-12.0322	2.6243	-4.82687	1.96533	-12.1673	2.93299	-11.9658	2.6765	-4.4061	2.27246	0.0678364	0.0895516	1.02798	0.744237
-12.2749	2.75956	-4.82096	2.06499	-12.3079	2.82794	-12.1851	2.79202	-4.37055	2.35051	0.0683066	0.0888284	1.02026	0.738337
-12.5126	2.83408	-4.72942	1.96524	-12.6907	2.51318	-12.4026	2.91145	-4.333	2.42918	0.0692899	0.0886333	1.01235	0.734264
-12.7217	3.00683	-4.6611	2.17092	-12.6407	3.12177	-12.6182	3.03483	-4.29338	2.5084	0.0700469	0.087918	1.00448	0.729075
-12.9452	3.12922	-4.61314	2.20385	-12.8479	3.34065	-12.8317	3.16218	-4.25165	2.5881	0.071038	0.0872527	0.996778	0.724441
-13.1383	3.31616	-4.5247	2.41684	-13.0124	3.4261	-13.0431	3.29353	-4.20776	2.66821	0.0715238	0.0865482	0.989024	0.718927
-13.3283	3.41864	-4.39165	2.35633	-12.7477	3.16125	-13.2522	3.42888	-4.16167	2.74865	0.0716042	0.085822	0.981063	0.714636
-13.5096	3.56046	-4.31399	2.42838	-13.3393	3.57168	-13.459	3.56827	-4.11333	2.82935	0.071305	0.0851098	0.973198	0.710543
-13.7391	3.72008	-4.35294	2.53456	-13.9985	4.35452	-13.6633	3.71169	-4.0627	2.91022	0.0713818	0.0844161	0.965903	0.706335
-13.9433	3.82679	-4.33296	2.48443	-13.8581	3.77748	-13.865	3.85915	-4.00974	2.99118	0.0714984	0.0838334	0.958961	0.703565
-14.136	3.98204	-4.18725	2.54648	-13.9436	4.59359	-14.064	4.01066	-3.95441	3.07214	0.0715065	0.0832435	0.951772	0.701094
-14.3233	4.14735	-4.13562	2.65172	-14.2501	4.19728	-14.2602	4.16622	-3.89669	3.15303	0.0713828	0.0826243	0.944779	0.698412
-14.5483	4.29857	-4.11727	2.68265	-15.1095	4.72468	-14.4535	4.32581	-3.83653	3.23373	0.0718007	0.0820559	0.93813	0.696381
-14.7274	4.51294	-4.04433	2.8998	-14.6748	4.63724	-14.6436	4.48943	-3.77392	3.31417	0.0719968	0.0814833	0.931591	0.692965
-14.9251	4.66121	-3.98837	2.89451	-14.98	4.78418	-14.8306	4.65706	-3.70883	3.39425	0.0723842	0.0808745	0.925243	0.690479
-15.0695	4.84319	-3.87346	3.00508	-14.8394	4.85714	-15.0143	4.82869	-3.64123	3.47388	0.0721614	0.0802969	0.918846	0.687737
-15.2488	4.97848	-3.7908	2.9488	-15.1197	4.75476	-15.1945	5.00428	-3.5711	3.55294	0.071934	0.0797734	0.912547	0.686598
-15.428	5.20167	-3.74797	3.14868	-15.4595	5.33623	-15.3712	5.1838	-3.49844	3.63135	0.0717398	0.0792304	0.906496	0.684113
-15.5856	5.37896	-3.52599	3.15221	-15.4323	6.03152	-15.5441	5.36723	-3.42323	3.70901	0.071403	0.0786827	0.900172	0.682484
-15.7861	5.50203	-3.58295	3.05652	-15.8636	5.46187	-15.7133	5.55452	-3.34546	3.78581	0.0714221	0.0783789	0.894337	0.683157
-15.9587	5.63394	-3.58551	3.00635	-15.7856	5.16246	-15.8785	5.74562	-3.26513	3.86164	0.0715495	0.07893	0.888982	0.685807
-16.0836	5.84932	-3.46085	3.18862	-15.899	5.91441	-16.0396	5.94048	-3.18223	3.9364	0.0712484	0.0791078	0.883548	0.686681
-16.2507	5.99675	-3.35416	3.12087	-16.4427	5.87663	-16.1965	6.13906	-3.09679	4.00999	0.071048	0.0802784	0.878141	0.689771
-16.3745	6.27557	-3.22967	3.44873	-16.3132	6.46809	-16.3491	6.34128	-3.00879	4.08229	0.0706392	0.0801039	0.872713	0.689062
-16.5187	6.39916	-3.1106	3.28486	-16.473	5.43254	-16.4972	6.54708	-2.91826	4.1532	0.0702218	0.0813477	0.867304	0.691688
-16.6706	6.61808	-3.08472	3.42594	-16.7212	6.72454	-16.6407	6.75639	-2.82522	4.22261	0.0698521	0.0823277	0.862228	0.693134
-16.8326	6.80896	-3.12554	3.48806	-16.8736	7.23338	-16.7795	6.96912	-2.72968	4.29042	0.0696654	0.083766	0.85791	0.694624
-17.0241	7.07888	-3.16031	3.722	-17.312	7.32125	-16.9135	7.18521	-2.63167	4.3565	0.0703251	0.0840854	0.854577	0.693905
-17.1476	7.27329	-2.90527	3.67298	-16.9134	7.89837	-17.0425	7.40456	-2.53122	4.42077	0.0708584	0.0848281	0.850302	0.694596
-17.2333	7.57714	-2.74615	3.99534	-17.1166	7.75043	-17.1665	7.62707	-2.42838	4.4831	0.0708105	0.0844893	0.84583	0.692446
-17.3728	7.75912	-2.77951	3.95947	-17.3858	7.23331	-17.2852	7.85264	-2.32317	4.54339	0.0710359	0.0846039	0.84221	0.691239
-17.4937	7.92113	-2.75777	3.87414	-17.3617	7.8192	-17.3986	8.08118	-2.21565	4.60153	0.0713707	0.0858927	0.839269	0.691681
-17.6041	8.13699	-2.58784	3.88857	-17.2143	9.0337	-17.5066	8.31257	-2.10586	4.65742	0.0717336	0.0874839	0.835953	0.692639
-17.7389	8.38795	-2.57702	4.02903	-17.8436	8.51915	-17.6091	8.54669	-1.99386	4.71095	0.0726768	0.0886422	0.833455	0.692515
-17.8249	8.55602	-2.31415	3.86287	-17.5099	8.1616	-17.7059	8.78343	-1.87971	4.76202	0.0733763	0.0914414	0.829959	0.695239
-17.8761	8.88002	-2.13569	4.21014	-17.7757	9.07777	-17.797	9.02267	-1.76348	4.81052	0.0734442	0.0921832	0.826183	0.694234
-17.9547	9.0983	-1.87599	4.13405	-17.8359	9.90657	-17.8822	9.26426	-1.64522	4.85637	0.073434	0.0933367	0.821893	0.694556
-17.9433	9.45572	-1.60588	4.54188	-17.7006	9.64203	-17.9614	9.50807	-1.52502	4.89946	0.0730498	0.0929807	0.817358	0.691714
-18.0077	9.69436	-1.48531	4.52937	-17.8028	10.3244	-18.0346	9.75398	-1.40296	4.9397	0.0727018	0.0926794	0.812901	0.689247
-18.0899	9.93192	-1.49664	4.55411	-18.1418	9.9702	-18.1016	10.0018	-1.27911	4.97699	0.0723159	0.0924617	0.808789	0.686907
-18.184	10.1172	-1.47915	4.39807	-19.0447	8.88465	-18.1624	10.2515	-1.15357	5.01125	0.0719608	0.0930122	0.805137	0.686156
-18.1761	10.4165	-1.27928	4.61977	-17.949	10.4783	-18.2169	10.5027	-1.02642	5.04239	0.0717007	0.0929421	0.801267	0.683887
-18.2616	10.6518	-1.42505	4.68563	-18.4785	10.383	-18.265	10.7555	-0.897764	5.07032	0.0713232	0.0930613	0.798873	0.681422
-18.3292	10.8424	-1.43665	4.58036	-18.2427	10.7283	-18.3066	11.0095	-0.767697	5.09498	0.0709883	0.0941338	0.797628	0.679896
-18.3832	11.0512	-1.22396	4.42165	-18.592	11.0156	-18.3417	11.2647	-0.636323	5.11627	0.0707472	0.0961242	0.795746	0.680049
-18.344	11.4714	-0.931168	4.93894	-18.2521	11.808	-18.3702	11.5209	-0.503751	5.13414	0.070435	0.095763	0.792852	0.676858
-18.3857	11.7104	-0.83476	4.86169	-18.5573	11.765	-18.392	11.778	-0.370091	5.14852	0.0700812	0.0955199	0.790219	0.674048
-18.4175	11.9662	-0.808469	4.89569	-18.3979	11.9824	-18.4072	12.0356	-0.235457	5.15934	0.0697375	0.095294	0.788343	0.671187
-18.4524	12.206	-0.82257	4.90148	-18.2756	12.0095	-18.4156	12.2937	-0.099968	5.16654	0.0694877	0.0952221	0.787719	0.668377
-18.4892	12.4868	-0.797334	4.98852	-18.5334	12.5747	-18.4171	12.552	0.0362564	5.17007	0.069514	0.0949736	0.788182	0.665335
-18.5013	12.7361	-0.579251	4.88485	-18.1665	13.4543	-18.4119	12.8105	0.173093	5.16989	0.0697338	0.0947954	0.787842	0.662693
-18.5019	13.0389	-0.492988	5.03398	-18.4912	13.149	-18.3998	13.0688	0.310414	5.16594	0.0701167	0.0943841	0.787993	0.659626
-18.5004	13.2347	-0.192849	4.70794	-18.9473	12.4856	-18.3809	13.3269	0.448093	5.1582	0.0707501	0.0943637	0.786722	0.657946
-18.4249	13.5668	0.0319371	4.96647	-18.2622	13.6861	-18.355	13.5845	0.585998	5.14663	0.0707423	0.0939333	0.78485	0.655069
-18.4115	13.8306	0.149315	4.94197	-18.1306	14.7596	-18.3223	13.8414	0.723997	5.1312	0.0709374	0.0934991	0.783147	0.652258
-18.3648	14.109	0.247643	5.02926	-18.2698	14.1282	-18.2826	14.0974	0.861956	5.11189	0.0710499	0.0930719	0.781751	0.64928
-18.3329	14.3481	0.48075	4.84784	-18.3678	14.848	-18.2361	14.3524	0.999739	5.08868	0.0713282	0.0926449	0.779742	0.646706
-18.2858	14.5767	0.523633	4.82407	-18.1737	14.4943	-18.1827	14.6061	1.13721	5.06157	0.0716799	0.0922654	0.778392	0.644158
-18.2306	14.8011	0.823299	4.58998	-18.1394	15.4391	-18.1224	14.8584	1.27423	5.03055	0.0720917	0.0920098	0.776059	0.642612
-18.123	15.1021	1.00115	4.7791	-18.0078	15.1957	-18.0553	15.1091	1.41067	4.99562	0.0720537	0.0916005	0.773555	0.640063
-18.0613	15.3561	1.017	4.83373	-17.4962	15.9091	-17.9814	15.3578	1.54638	4.95679	0.0721266	0.0911944	0.771733	0.63733
-17.9825	15.6097	1.0835	4.87125	-17.9036	15.5953	-17.9007	15.6046	1.68122	4.91408	0.0722176	0.0907948	0.770377	0.634541
-17.9131	15.8245	1.14403	4.77309	-17.8307	15.1843	-17.8133	15.8491	1.81507	4.8675	0.0725025	0.0904283	0.769569	0.631838
-17.8205	16.0721	1.22604	4.8064	-17.7118	16.0351	-17.7192	16.0912	1.94777	4.81708	0.0727996	0.0900551	0.769169	0.629109
-17.7899	16.3074	1.1061	4.82983	-18.7022	15.56	-17.6185	16.3307	2.0792	4.76286	0.074199	0.0896952	0.771141	0.626446
-17.6178	16.599	1.38863	4.98539	-17.3057	16.5441	-17.5113	16.5674	2.20923	4.70486	0.0745314	0.0893616	0.771573	0.62432
-17.4938	16.7732	1.80567	4.50502	-17.2848	16.3539	-17.3977	16.8011	2.33771	4.64314	0.0747389	0.089022	0.769871	0.62182
-17.3759	17.03	1.88269	4.58548	-17.3409	17.0829	-17.2776	17.0316	2.46452	4.57774	0.0749662	0.0886505	0.768494	0.619224
-17.2476	17.2088	2.23279	4.17632	-17.3363	17.2838	-17.1512	17.2588	2.58952	4.50871	0.0751689	0.0884003	0.765999	0.6174
-17.0768	17.507	2.40977	4.39607	-17.0467	17.6995	-17.0187	17.4824	2.71259	4.43613	0.0750445	0.0880653	0.763345	0.614875
-16.9298	17.6895	2.58283	4.18036	-16.7259	17.405	-16.88	17.7023	2.83361	4.36005	0.0748734	0.0877142	0.760572	0.612585
-16.7957	17.9144	2.60192	4.21716	-16.8092	17.9605	-16.7354	17.9184	2.95245	4.28054	0.0747671	0.0873605	0.758153	0.610136
-16.6442	18.1057	2.71987	4.09297	-16.294	18.1023	-16.5848	18.1303	3.069	4.19769	0.0746569	0.0870382	0.75576	0.607763
-16.4831	18.262	2.75342	3.99653	-16.3146	18.044	-16.4285	18.3381	3.18313	4.11157	0.0745191	0.0869569	0.753727	0.605433
-16.347	18.4491	2.77687	3.9286	-16.6234	18.1814	-16.2665	18.5415	3.29475	4.02228	0.0745685	0.0870014	0.752159	0.603102
-16.1585	18.6821	2.90894	4.02557	-16.0729	18.7231	-16.0991	18.7403	3.40374	3.9299	0.0744619	0.0868135	0.750491	0.600801
-15.9831	18.8555	3.12625	3.77847	-15.5341	19.1726	-15.9262	18.9344	3.50999	3.83452	0.0743417	0.086755	0.748339	0.598488
-15.7646	19.1192	3.30653	3.96099	-15.7147	19.2819	-15.7481	19.1237	3.61342	3.73626	0.0740694	0.0864216	0.745941	0.596508
-15.5849	19.2777	3.49479	3.65671	-15.8172	19.1796	-15.5649	19.308	3.71392	3.63521	0.0738068	0.0861319	0.743335	0.59423
-15.3941	19.4993	3.55102	3.7447	-15.4174	19.6167	-15.3767	19.4872	3.8114	3.53148	0.0735423	0.0858114	0.740861	0.592265
-15.1943	19.6442	3.76916	3.41155	-15.1705	19.6712	-15.1838	19.6612	3.90579	3.42518	0.073271	0.0855009	0.738166	0.590036
-14.9556	19.8728	3.91536	3.55096	-14.9167	20.0068	-14.9862	19.8297	3.99699	3.31643	0.073045	0.0852625	0.73544	0.588179
-14.7821	20.0102	3.96677	3.28179	-16.2753	19.2089	-14.7841	19.9928	4.08495	3.20535	0.0727741	0.0849594	0.732782	0.586033
-14.6533	20.1351	3.78326	3.17694	-14.7756	20.1032	-14.5777	20.1503	4.16958	3.09206	0.072795	0.0846564	0.730834	0.58392
-14.4631	20.2636	3.81493	3.04895	-14.8586	19.6043	-14.3671	20.302	4.25082	2.97668	0.0729916	0.0844108	0.729113	0.581818
-14.196	20.46	4.01763	3.16545	-14.0673	20.5034	-14.1526	20.448	4.32862	2.85933	0.0728204	0.0841105	0.726949	0.580292
-13.9732	20.5735	4.1965	2.85346	-13.8455	20.4367	-13.9342	20.588	4.40292	2.74015	0.0726334	0.0838165	0.724541	0.57828
-13.7819	20.7222	4.15495	2.85998	-13.8405	20.7784	-13.7123	20.722	4.47367	2.61927	0.0726121	0.0835166	0.722451	0.57657
-13.5592	20.826	4.31053	2.56366	-13.606	20.7507	-13.4868	20.8499	4.54085	2.49681	0.0726103	0.0832443	0.720146	0.57455
-13.2983	20.9727	4.42841	2.61586	-13.2142	20.9737	-13.2582	20.9717	4.6044	2.37291	0.0724325	0.0829507	0.717758	0.572886
-13.0442	21.0814	4.58208	2.44074	-12.0825	21.3646	-13.0264	21.0872	4.6643	2.2477	0.0721941	0.0826616	0.715277	0.571108
-12.7653	21.2458	4.72222	2.54202	-12.7118	21.3432	-12.7917	21.1965	4.72053	2.12131	0.0719767	0.0824767	0.712789	0.5702
-12.5278	21.3559	4.7639	2.42571	-12.6946	21.2291	-12.5543	21.2994	4.77306	1.99388	0.0717619	0.0823258	0.710327	0.569361
-12.2419	21.5025	4.89197	2.49045	-12.1679	21.5349	-12.3143	21.3959	4.8219	1.86555	0.0717664	0.0825163	0.707914	0.56976
-11.965	21.5785	5.08801	2.14333	-11.2552	21.6205	-12.072	21.486	4.86702	1.73644	0.0720645	0.0825885	0.705737	0.568809
-11.7967	21.6741	4.87042	2.09622	-11.9786	21.7567	-11.8276	21.5696	4.90844	1.60668	0.0718657	0.0827556	0.703356	0.568311
-11.5382	21.7495	4.98329	1.86766	-11.3033	21.7891	-11.5811	21.6467	4.94615	1.47643	0.0717103	0.0829061	0.700998	0.567307
-11.269	21.7984	5.0141	1.78493	-11.1569	21.5707	-11.3329	21.7173	4.98017	1.34579	0.0716609	0.082894	0.698663	0.566548
-11.0261	21.8634	5.04571	1.6061	-11.6156	21.6417	-11.083	21.7813	5.01051	1.21491	0.071573	0.0828889	0.696352	0.565566
-10.8197	21.8775	4.90379	1.46393	-10.8239	21.6462	-10.8317	21.8388	5.03719	1.08391	0.0713438	0.0826754	0.694142	0.564544
-10.5519	21.915	5.07188	1.12647	-10.0557	22.2319	-10.5792	21.8898	5.06025	0.952912	0.0711446	0.0824299	0.69187	0.562871
-10.2706	21.9644	5.13845	1.12	-10.2017	21.894	-10.3256	21.9341	5.07971	0.822051	0.0710515	0.0821981	0.689636	0.561554
-9.9993	21.9713	5.23586	0.840857	-9.88122	21.5481	-10.0711	21.972	5.09561	0.691445	0.0710563	0.0819326	0.687501	0.559868
-9.75308	22.0023	5.19224	0.815499	-9.77038	21.9721	-9.81592	22.0033	5.10799	0.561215	0.0710067	0.0816696	0.685327	0.558442
-9.48429	22.0019	5.29166	0.512685	-9.48221	21.8931	-9.56019	22.0282	5.11691	0.431476	0.0710389	0.0814362	0.683283	0.556699
-9.27799	22.0383	5.14822	0.520216	-9.41029	22.1647	-9.3041	22.0465	5.1224	0.302344	0.0708442	0.0811807	0.68112	0.555205
-9.01279	22.0227	5.23738	0.222733	-9.05214	21.8671	-9.04782	22.0584	5.12453	0.17393	0.0706757	0.0809745	0.679034	0.55347
-8.71005	22.0558	5.34949	0.273835	-8.65675	22.1083	-8.79151	22.0639	5.12336	0.046341	0.0707482	0.0807236	0.677145	0.552031
-8.44043	22.0317	5.46705	-0.146458	-8.60582	22.4381	-8.53534	22.0631	5.11895	-0.0803171	0.0709237	0.0805105	0.675596	0.550338
-8.13686	22.049	5.55314	-0.0934079	-8.108	22.1304	-8.27947	22.0559	5.11137	-0.205944	0.0715868	0.0802634	0.674401	0.548708
-7.84039	22.0419	5.64684	-0.230065	-7.07631	22.599	-8.02405	22.0425	5.10068	-0.330441	0.0728023	0.0800169	0.673689	0.547079
-7.62679	22.034	5.47136	-0.235788	-7.76	22.1292	-7.76924	22.0229	5.08697	-0.453715	0.0734274	0.0797772	0.672302	0.545674
-7.35585	21.9778	5.54933	-0.639391	-7.67843	22.0828	-7.51519	21.9971	5.07031	-0.575677	0.0742481	0.0795494	0.671298	0.54404
-7.14834	21.9419	5.36743	-0.658576	-7.2723	21.9974	-7.26204	21.9653	5.05078	-0.696241	0.0745482	0.0793302	0.669724	0.542407
-6.86645	21.8902	5.43659	-0.826507	-6.434	22.0079	-7.00994	21.9275	5.02847	-0.815324	0.0751496	0.0791449	0.668463	0.540781
-6.73575	21.8207	5.06205	-0.901738	-6.96025	21.824	-6.75902	21.8838	5.00346	-0.932849	0.0749471	0.0790588	0.666486	0.539175
-6.51194	21.7761	4.97966	-0.886701	-7.61343	21.5459	-6.50942	21.8342	4.97584	-1.04874	0.0747253	0.0789511	0.664511	0.537722
-6.36571	21.7226	4.71006	-0.91958	-6.53769	21.7748	-6.26126	21.7789	4.94569	-1.16294	0.0749346	0.078837	0.6628	0.536463
-6.1133	21.6539	4.74936	-0.96588	-5.6148	21.2147	-6.01466	21.7179	4.91312	-1.27537	0.0750951	0.0787584	0.660978	0.535415
-5.86502	21.6228	4.78267	-0.932212	-5.86181	21.6984	-5.76976	21.6513	4.87822	-1.38597	0.0752279	0.0785592	0.659094	0.534976
-5.6311	21.5362	4.84267	-1.35768	-5.92345	21.8491	-5.52665	21.5793	4.84107	-1.49469	0.0754294	0.0784003	0.657186	0.53353
-5.32538	21.4977	5.017	-1.29476	-5.2419	21.5904	-5.28546	21.5018	4.80178	-1.60148	0.0752732	0.0781753	0.655498	0.532502
-5.02789	21.4198	5.16598	-1.44323	-3.33441	21.6774	-5.04628	21.4191	4.76045	-1.70628	0.0750707	0.0779516	0.654341	0.531351
-4.80537	21.3716	5.07856	-1.40305	-4.88396	21.5199	-4.80922	21.3312	4.71717	-1.80906	0.0748577	0.0777894	0.653048	0.530722
-4.57059	21.2841	5.0187	-1.41516	-5.29911	20.7449	-4.57436	21.2382	4.67204	-1.90978	0.0746464	0.0776461	0.651722	0.530525
-4.25512	21.2975	5.20924	-1.25473	-4.20854	21.6781	-4.34181	21.1401	4.62517	-2.0084	0.0747195	0.0783208	0.651361	0.53204
-3.97295	21.2187	5.28968	-1.43659	-3.1589	21.4431	-4.11165	21.0373	4.57664	-2.10489	0.0752283	0.0792701	0.651722	0.532898
-3.8819	21.0903	4.81887	-1.55158	-4.1265	20.9097	-3.88395	20.9296	4.52656	-2.19922	0.0750192	0.0799514	0.650274	0.533604
-3.63847	20.946	4.87437	-2.08033	-3.56887	20.8741	-3.65879	20.8173	4.47504	-2.29137	0.0748269	0.0803021	0.649154	0.532359
-3.39243	20.792	4.8698	-2.17147	-3.36091	20.5346	-3.43624	20.7004	4.42216	-2.38133	0.0746917	0.0803685	0.648218	0.531122
-3.17136	20.6737	4.81359	-2.23632	-3.91178	20.5601	-3.21637	20.5791	4.36803	-2.46907	0.0745616	0.0804529	0.647283	0.529949
-2.90183	20.5576	4.88922	-2.24282	-2.85438	20.5218	-2.99923	20.4534	4.31275	-2.5546	0.0747046	0.080601	0.646919	0.529006
-2.61576	20.4406	4.99941	-2.24022	-1.29645	20.3141	-2.78489	20.3235	4.2564	-2.63789	0.075533	0.0808429	0.647477	0.528384
-2.47225	20.2971	4.71076	-2.29993	-2.62511	20.1777	-2.57339	20.1895	4.1991	-2.71895	0.0756938	0.0810102	0.646823	0.527857
-2.23167	20.1494	4.74115	-2.59924	-1.97724	20.2519	-2.36478	20.0515	4.14093	-2.79777	0.0761161	0.0811096	0.646583	0.526643
-2.05917	19.9591	4.55915	-2.70907	-2.13855	19.6683	-2.1591	19.9097	4.082	-2.87437	0.0762625	0.0809736	0.645799	0.525379
-1.83997	19.7815	4.54161	-2.95501	-2.05241	19.4221	-1.95638	19.764	4.02238	-2.94874	0.0765304	0.0807692	0.645195	0.523988
-1.63008	19.6178	4.4933	-2.98377	-1.65223	19.5396	-1.75666	19.6147	3.96217	-3.02089	0.0768791	0.0805567	0.644647	0.522614
-1.38625	19.43	4.55079	-3.2538	-0.738775	19.2577	-1.55997	19.4618	3.90147	-3.09085	0.0777011	0.0803784	0.644672	0.521377
-1.23689	19.2777	4.34354	-3.23313	-1.35851	19.3467	-1.36632	19.3055	3.84036	-3.15861	0.0780594	0.0801939	0.644016	0.520046
-1.02115	19.0901	4.34001	-3.37862	-1.01545	18.8516	-1.17574	19.1458	3.77892	-3.22421	0.0786481	0.0800863	0.643613	0.518816
-0.915626	18.9151	4.04129	-3.38504	-1.08512	18.8972	-0.988236	18.9829	3.71725	-3.28766	0.0786182	0.0800279	0.642374	0.517524
-0.69737	18.752	4.08449	-3.3112	-0.297213	18.675	-0.803824	18.8169	3.65542	-3.34899	0.078786	0.0799578	0.641461	0.516202
-0.556923	18.6206	3.91765	-3.24611	-0.656428	18.8029	-0.622508	18.6479	3.59351	-3.40821	0.0787243	0.0797774	0.640241	0.515014
-0.369536	18.429	3.89232	-3.4418	-0.507529	18.2624	-0.444288	18.476	3.53161	-3.46536	0.0787046	0.0796449	0.639131	0.513708
-0.292589	18.2545	3.57697	-3.43841	-0.472563	18.2416	-0.269164	18.3013	3.46979	-3.52047	0.0785233	0.079513	0.637561	0.512442
-0.129008	18.0598	3.53214	-3.67267	-0.402717	18.2	-0.0971295	18.1238	3.40813	-3.57357	0.0783583	0.0794426	0.636017	0.511201
0.0642261	17.8881	3.57771	-3.65234	0.0904022	17.9513	0.0718255	17.9438	3.34669	-3.6247	0.078164	0.0793415	0.634636	0.509926
0.266777	17.7111	3.64559	-3.53489	0.752102	17.4652	0.237714	17.7612	3.28556	-3.67388	0.0779963	0.0792228	0.633564	0.50875
0.462816	17.5416	3.68297	-3.52304	0.484895	17.5811	0.400552	17.5762	3.22479	-3.72115	0.0779262	0.079064	0.632816	0.507681
0.69471	17.3885	3.81453	-3.47751	1.8428	17.8251	0.560361	17.389	3.16445	-3.76656	0.0783039	0.078869	0.632902	0.506835
0.758421	17.2015	3.47331	-3.4862	0.558563	17.1082	0.717162	17.1994	3.10461	-3.81013	0.0781651	0.0786756	0.631876	0.506099
0.919152	17.0045	3.42611	-3.68814	0.759535	17.0392	0.870984	17.0078	3.04533	-3.85192	0.0780468	0.0784839	0.630894	0.504993
0.992299	16.8321	3.16312	-3.6531	0.841759	16.8684	1.02185	16.8141	2.98666	-3.89195	0.0778843	0.0783032	0.629481	0.504041
1.15144	16.6214	3.14413	-3.95993	1.37472	16.8477	1.16981	16.6185	2.92867	-3.93028	0.0777065	0.0781141	0.628137	0.502826
1.23152	16.4061	2.93688	-3.98017	1.10394	16.291	1.31487	16.4209	2.87142	-3.96695	0.0777346	0.0779328	0.626642	0.501617
1.37608	16.1982	2.92366	-4.06676	1.38463	16.2359	1.4571	16.2216	2.81494	-4.00199	0.0777506	0.077763	0.625186	0.500435
1.63331	15.9763	3.22165	-4.1176	1.8035	15.923	1.59651	16.0206	2.7593	-4.03546	0.0776068	0.0776378	0.624511	0.499274
1.74728	15.7729	3.09258	-4.11126	0.827112	15.8045	1.73317	15.8179	2.70454	-4.06739	0.0774288	0.0775156	0.623602	0.498099
1.72098	15.5826	2.60733	-4.0494	1.43418	15.5774	1.86711	15.6137	2.65071	-4.09783	0.0778952	0.077362	0.622137	0.496934
1.88185	15.3926	2.68649	-4.05799	2.50862	15.7505	1.99838	15.408	2.59786	-4.12682	0.0781212	0.0771873	0.620704	0.495789
2.01636	15.1828	2.68722	-4.07062	2.01311	15.1473	2.12703	15.2009	2.54602	-4.15442	0.0783048	0.0770168	0.619328	0.494662
2.1524	14.9557	2.66007	-4.32039	2.37797	15.114	2.25311	14.9924	2.49524	-4.18065	0.0784238	0.0768781	0.617988	0.493602
2.3319	14.7143	2.78591	-4.37641	2.39489	14.6113	2.37668	14.7827	2.44555	-4.20557	0.0783014	0.076841	0.61699	0.492596
2.44986	14.4778	2.71912	-4.45771	2.13497	14.2461	2.49779	14.5718	2.397	-4.22922	0.0781885	0.0769286	0.615955	0.491704
2.62924	14.2856	2.83312	-4.41189	2.72365	14.4703	2.6165	14.3597	2.34961	-4.25165	0.0780137	0.0769156	0.615413	0.490695
2.78329	14.0451	2.83437	-4.61015	3.16438	14.1304	2.73287	14.1465	2.30343	-4.27288	0.0779099	0.077045	0.615054	0.490104
2.88163	13.8222	2.71791	-4.58454	2.81109	13.828	2.84695	13.9322	2.25847	-4.29298	0.0777678	0.0772269	0.614435	0.489383
2.99795	13.5767	2.66101	-4.63355	2.70333	13.2741	2.95882	13.717	2.21478	-4.31197	0.0776363	0.0776278	0.613778	0.488754
3.0061	13.3763	2.32496	-4.53877	2.8064	13.4294	3.06854	13.5009	2.17238	-4.32991	0.0775745	0.0779032	0.61248	0.487853
3.0938	13.1803	2.26987	-4.37055	2.58903	13.4515	3.17617	13.2839	2.13129	-4.34682	0.0775967	0.0780372	0.611175	0.486761
3.23791	12.9821	2.34896	-4.34215	3.31266	13.1104	3.28177	13.0661	2.09154	-4.36275	0.0774787	0.0780649	0.610052	0.485675
3.37507	12.7516	2.4276	-4.28994	3.50416	12.2406	3.38542	12.8475	2.05316	-4.37774	0.0773095	0.0781531	0.609207	0.48463
3.3976	12.625	2.15288	-4.0938	3.29401	12.964	3.48718	12.6282	2.01617	-4.39182	0.077368	0.0779803	0.607925	0.483963
3.52312	12.406	2.1715	-4.23243	3.88839	12.4809	3.58713	12.4083	1.98058	-4.40503	0.0773143	0.0778085	0.606717	0.483031
3.65416	12.1874	2.2322	-4.25322	3.69076	12.1757	3.68533	12.1876	1.94641	-4.41741	0.0771721	0.0776377	0.605681	0.482093
3.73609	11.9739	2.14339	-4.27212	3.3772	11.9578	3.78186	11.9664	1.9137	-4.42898	0.0770628	0.0774696	0.604548	0.481151
3.88182	11.7519	2.24671	-4.30213	3.95029	11.7531	3.87678	11.7446	1.88244	-4.43979	0.0768958	0.0773025	0.60371	0.48019
3.96644	11.5336	2.11311	-4.46109	3.85773	11.9001	3.97018	11.5223	1.85266	-4.44986	0.0767296	0.0771385	0.602646	0.47915
4.08045	11.2668	2.14345	-4.54789	4.04721	11.0677	4.06213	11.2996	1.82437	-4.45922	0.0765735	0.0770021	0.60171	0.478152
4.21742	11.0562	2.2322	-4.49465	4.60651	11.3932	4.1527	11.0763	1.79758	-4.4679	0.0765265	0.076848	0.601092	0.477128
4.24749	10.8955	2.00553	-4.33616	4.14933	11.0963	4.24196	10.8527	1.77231	-4.47593	0.0763637	0.0767347	0.6	0.476195
4.32014	10.6783	1.89399	-4.41435	4.1326	10.843	4.33	10.6287	1.74858	-4.48333	0.0762038	0.0766396	0.598797	0.475202
4.41414	10.4642	1.89069	-4.40126	4.42111	10.4937	4.41689	10.4043	1.72638	-4.49013	0.0760424	0.0765763	0.597623	0.474229
4.52585	10.2328	1.92144	-4.46844	4.75659	10.1975	4.50271	10.1796	1.70573	-4.49636	0.0758966	0.0764926	0.596526	0.473231
4.5774	10.0172	1.80417	-4.43217	4.48366	9.99235	4.58753	9.95461	1.68663	-4.50203	0.0757399	0.0764395	0.59532	0.472258
4.67293	9.79489	1.7631	-4.54564	4.96096	10.1488	4.67143	9.72935	1.66911	-4.50715	0.0755813	0.0763972	0.594104	0.471275
4.71477	9.60802	1.63334	-4.44242	4.65898	9.72335	4.7545	9.50385	1.65315	-4.51176	0.0754673	0.0765338	0.592867	0.470314
4.75589	9.45145	1.53146	-4.24869	4.47989	10.361	4.83681	9.27814	1.63878	-4.51587	0.0754907	0.0771864	0.591676	0.469652
4.79118	9.20234	1.43582	-4.30124	4.63217	8.98022	4.91844	9.05223	1.62599	-4.51949	0.0757774	0.0776288	0.590578	0.468891
4.88836	8.94839	1.48403	-4.44489	5.06495	8.52665	4.99946	8.82616	1.61479	-4.52264	0.0759565	0.0778648	0.589422	0.467952
5.00674	8.68356	1.60897	-4.55478	5.05882	8.56623	5.07997	8.59994	1.60519	-4.52532	0.0759455	0.0778892	0.588213	0.466996
5.13511	8.44823	1.80663	-4.48241	5.36813	8.24251	5.16003	8.37361	1.59718	-4.52755	0.0758071	0.0778762	0.587164	0.466051
5.23169	8.18447	1.83445	-4.5682	5.18715	8.02727	5.23973	8.14717	1.59078	-4.52933	0.0756546	0.0777541	0.586175	0.465109
5.35644	7.93355	1.95254	-4.59647	5.49333	7.6344	5.31916	7.92067	1.58598	-4.53068	0.0755385	0.0776009	0.585452	0.464185
5.42048	7.7058	1.86895	-4.57177	5.32495	7.66023	5.39838	7.6941	1.58279	-4.5316	0.0753991	0.0774478	0.584553	0.463256
5.54422	7.45804	1.96052	-4.61932	5.74756	7.30442	5.47748	7.46751	1.5812	-4.53209	0.0753663	0.0772945	0.583873	0.462358
5.56298	7.24306	1.76279	-4.53421	5.34165	7.17527	5.55654	7.24091	1.58122	-4.53215	0.0752165	0.0771398	0.582817	0.461432
5.66876	7.03057	1.92997	-4.36323	5.52242	6.92525	5.63564	7.01431	1.58285	-4.53178	0.0750956	0.0769929	0.582067	0.460635
5.79103	6.79734	1.99676	-4.41369	5.85104	6.78356	5.71486	6.78775	1.58608	-4.53098	0.0750999	0.0768423	0.581487	0.459779
5.82385	6.59105	1.69052	-4.48351	5.5405	6.7359	5.79428	6.56124	1.59093	-4.52975	0.0749744	0.0767132	0.580371	0.458879
5.8592	6.37839	1.57117	-4.42399	5.70661	6.33767	5.87398	6.33481	1.59737	-4.52808	0.0748324	0.0766109	0.579229	0.458021
5.93313	6.11497	1.54552	-4.54813	5.63609	5.57892	5.95405	6.10848	1.60542	-4.52597	0.0746971	0.0764616	0.578105	0.457124
5.99109	5.90588	1.49446	-4.49233	5.95076	5.93707	6.03455	5.88226	1.61507	-4.52341	0.0746005	0.0763264	0.577024	0.456235
6.03435	5.67244	1.29688	-4.60385	5.96266	5.64138	6.11558	5.65619	1.62631	-4.52038	0.0746275	0.0761845	0.576266	0.455376
6.07876	5.46805	1.24172	-4.52833	6.0423	5.52	6.19721	5.43028	1.63914	-4.51687	0.0748469	0.0760731	0.575681	0.454493
6.15672	5.23349	1.31696	-4.52999	6.20583	5.17266	6.27951	5.20457	1.65356	-4.51288	0.0750908	0.0759473	0.574949	0.453616
6.24896	4.97858	1.38529	-4.61745	6.30992	4.93053	6.36258	4.97906	1.66956	-4.50838	0.0752768	0.0758011	0.574113	0.452794
6.29963	4.80344	1.30312	-4.48163	6.49415	5.34675	6.44648	4.7538	1.68714	-4.50337	0.0756803	0.0757182	0.573505	0.451927
6.44938	4.47387	1.51934	-4.8045	6.64607	4.28476	6.53131	4.52881	1.70628	-4.49781	0.0757051	0.0756497	0.572526	0.451462
6.55021	4.22617	1.71518	-4.75691	6.42345	4.10243	6.61712	4.30411	1.72698	-4.4917	0.0756736	0.0756585	0.571437	0.450899
6.67632	3.93783	1.8136	-4.91492	6.7837	3.85166	6.70401	4.07974	1.74923	-4.485	0.0755494	0.0760185	0.570367	0.450822
6.79406	3.69017	1.98165	-4.88286	6.88194	3.71244	6.79205	3.85571	1.77302	-4.4777	0.0754068	0.0765533	0.569434	0.450658
6.82327	3.52928	1.82193	-4.61517	6.60478	3.66164	6.88132	3.63207	1.79834	-4.46978	0.0753491	0.0766688	0.568365	0.449899
6.89988	3.31596	1.79343	-4.55679	6.71835	3.36038	6.97188	3.40885	1.82518	-4.4612	0.0753368	0.0767359	0.567303	0.449093
7.00409	3.18244	1.80575	-4.31002	7.17782	3.43284	7.06383	3.18607	1.85352	-4.45194	0.0752846	0.0765929	0.566251	0.448339
7.10108	3.03509	1.94828	-4.07309	7.10962	3.4589	7.15723	2.96378	1.88336	-4.44197	0.0752225	0.076574	0.565211	0.448069
7.20682	2.81862	1.96657	-4.11328	7.23497	2.79647	7.25216	2.742	1.91468	-4.43125	0.0751337	0.0765741	0.564172	0.447657
7.3076	2.61174	1.8375	-4.16106	7.81269	2.7161	7.34868	2.52078	1.94746	-4.41977	0.0750365	0.0766321	0.56317	0.447107
7.38964	2.39271	1.81979	-4.18602	7.33132	2.35955	7.44688	2.30016	1.98168	-4.40749	0.0749788	0.0766967	0.562219	0.446486
7.46865	2.12397	1.70416	-4.37255	7.29836	1.74476	7.54683	2.08018	2.01733	-4.39436	0.0749908	0.076602	0.561509	0.44567
7.56453	1.85896	1.72764	-4.50813	7.58602	1.76558	7.64859	1.86087	2.0544	-4.38037	0.0750259	0.0764621	0.560831	0.444923
7.69569	1.63292	2.00378	-4.49614	7.99229	1.72323	7.75224	1.6423	2.09284	-4.36546	0.0749669	0.0763251	0.559836	0.444183
7.83619	1.27506	2.07741	-4.89152	7.97494	1.01608	7.85785	1.42449	2.13266	-4.34961	0.0748423	0.0767158	0.558831	0.444576
7.95209	1.09003	2.15831	-4.7195	8.13791	1.49328	7.96547	1.2075	2.17382	-4.33277	0.0747114	0.0769017	0.557822	0.44438
8.00898	0.859519	2.06557	-4.68628	7.74579	0.856143	8.07519	0.991377	2.21629	-4.31491	0.0746826	0.0771696	0.556891	0.444139
8.12263	0.634254	2.19343	-4.65856	7.9966	0.717656	8.18706	0.776179	2.26005	-4.29598	0.0746484	0.0774984	0.555906	0.443874
8.24951	0.454793	2.23309	-4.50963	8.34388	0.562841	8.30115	0.561955	2.30508	-4.27595	0.0745788	0.0776245	0.554929	0.4433
8.38321	0.262503	2.25846	-4.41847	8.9356	0.484177	8.41752	0.348763	2.35134	-4.25478	0.0744741	0.0776569	0.553969	0.442619
8.49481	0.126119	2.27223	-4.17541	8.48104	0.291966	8.53623	0.136661	2.39881	-4.23241	0.0743829	0.0775217	0.553037	0.441846
8.67684	-0.0864541	2.74122	-4.2125	9.02773	0.00101087	8.65734	-0.0742907	2.44744	-4.20881	0.0742604	0.0773879	0.552335	0.441065
8.84052	-0.241484	2.80089	-4.0582	8.96733	-0.139408	8.78091	-0.28403	2.4972	-4.18394	0.0742139	0.0772928	0.551657	0.440351
8.99344	-0.362011	2.92605	-3.82903	8.87814	0.254363	8.90699	-0.492491	2.54807	-4.15775	0.0742603	0.0775432	0.551143	0.440009
9.14359	-0.569925	2.92931	-3.87639	9.16885	-0.602737	9.03564	-0.699608	2.59998	-4.1302	0.0744047	0.0777865	0.550523	0.439495
9.2877	-0.805816	2.91029	-3.99616	9.30978	-1.13129	9.16691	-0.905311	2.65292	-4.10124	0.0746164	0.0778726	0.549773	0.438773
9.37805	-1.11606	2.78372	-4.30335	9.13964	-1.3033	9.30084	-1.10953	2.70683	-4.07084	0.0746256	0.0777382	0.548836	0.438224
9.53194	-1.38505	2.99345	-4.48949	9.30144	-1.67135	9.4375	-1.31219	2.76168	-4.03893	0.0747032	0.0777219	0.548056	0.438268
9.71029	-1.59291	3.05073	-4.44374	9.84791	-1.57675	9.57692	-1.51322	2.8174	-4.00549	0.0749844	0.0777288	0.547281	0.438268
9.84093	-1.75484	2.84591	-4.2364	9.81628	-1.35201	9.71914	-1.71253	2.87396	-3.97047	0.0751951	0.0776347	0.546343	0.437792
9.94472	-1.92848	2.78758	-4.13184	9.72359	-1.82788	9.86421	-1.91005	2.93131	-3.93381	0.075214	0.0775092	0.545471	0.437195
10.1117	-2.14865	3.08239	-4.22596	9.92581	-2.08875	10.0122	-2.1057	2.98938	-3.89549	0.0753101	0.0774175	0.544567	0.436875
10.2578	-2.34569	3.07246	-4.1873	10.2065	-2.31135	10.163	-2.29939	3.04813	-3.85546	0.075385	0.0773329	0.543642	0.436561
10.3707	-2.50239	2.8323	-3.99665	9.93719	-2.06904	10.3169	-2.49103	3.1075	-3.81368	0.0753222	0.0772045	0.542956	0.43595
10.5136	-2.75469	2.81613	-4.1396	10.5663	-2.86039	10.4737	-2.68054	3.16742	-3.7701	0.0752306	0.0771944	0.542422	0.435743
10.6465	-2.94104	2.732	-4.06102	10.6621	-2.78836	10.6335	-2.86783	3.22785	-3.72468	0.0751076	0.0771813	0.542272	0.435446
10.7619	-3.11303	2.70378	-3.97989	10.6279	-3.02971	10.7963	-3.05279	3.2887	-3.67739	0.075008	0.0771307	0.542421	0.435068
10.9539	-3.3149	3.16677	-4.09398	10.9936	-3.04182	10.9622	-3.23535	3.34992	-3.62819	0.074884	0.0771389	0.541617	0.435174
11.1243	-3.47933	3.20469	-3.98398	11.141	-3.40911	11.1311	-3.4154	3.41144	-3.57705	0.0747601	0.0770986	0.540845	0.435083
11.3004	-3.66207	3.3595	-3.97714	11.1921	-3.33868	11.3032	-3.59284	3.47319	-3.52392	0.074636	0.0770738	0.539986	0.435145
11.4891	-3.86327	3.39783	-3.97965	11.5914	-3.89091	11.4783	-3.76758	3.53509	-3.46877	0.0745149	0.0771429	0.539149	0.435417
11.6646	-4.07087	3.40121	-4.00016	11.8203	-4.21307	11.6565	-3.9395	3.59707	-3.41158	0.0743933	0.0773844	0.538376	0.436011
11.8482	-4.25511	3.43297	-3.95569	11.8945	-4.23758	11.8378	-4.10852	3.65905	-3.35231	0.0742732	0.0777131	0.537646	0.436667
12.0461	-4.45668	3.53244	-3.97938	12.4401	-4.50646	12.0223	-4.27453	3.72095	-3.29094	0.0741639	0.0782836	0.536873	0.437729
12.2518	-4.57943	3.61769	-3.77261	12.298	-4.45269	12.2098	-4.43741	3.7827	-3.22744	0.0740815	0.0785761	0.536078	0.438123
12.4551	-4.75273	3.8207	-3.7874	12.3763	-4.33915	12.4003	-4.59707	3.84421	-3.16178	0.0740268	0.0789495	0.535205	0.438864
12.6703	-4.83369	3.90864	-3.49813	12.6495	-4.63194	12.594	-4.75339	3.90539	-3.09395	0.0740343	0.0789539	0.534336	0.438756
12.864	-4.99378	3.82537	-3.42527	13.0698	-4.87656	12.7907	-4.90626	3.96616	-3.02393	0.0740319	0.0789831	0.533531	0.43864
13.0685	-5.15501	3.85455	-3.39588	13.118	-5.15028	12.9904	-5.05558	4.02643	-2.95171	0.0740455	0.0790576	0.532759	0.438658
13.2313	-5.31908	3.79074	-3.38533	12.6188	-5.16246	13.1931	-5.20124	4.0861	-2.87726	0.0739581	0.0792127	0.532165	0.438899
13.3917	-5.50569	3.7283	-3.4377	13.2779	-5.50545	13.3988	-5.34312	4.1451	-2.80059	0.0738405	0.0796194	0.531836	0.439677
13.6351	-5.66076	4.13855	-3.50307	13.8504	-4.96233	13.6074	-5.48111	4.20332	-2.72168	0.0737391	0.080138	0.530998	0.44119
13.8268	-5.79258	4.12514	-3.39521	13.699	-5.67898	13.8189	-5.6151	4.26067	-2.64053	0.073623	0.0806348	0.530207	0.442541
14.0607	-5.95475	4.25877	-3.40067	14.3872	-5.71768	14.0332	-5.74499	4.31706	-2.55715	0.0735223	0.0813696	0.529375	0.444387
14.3102	-6.05886	4.35416	-3.22094	14.392	-5.96477	14.2504	-5.87065	4.37238	-2.47154	0.073483	0.0819277	0.528538	0.445681
14.5265	-6.21833	4.33835	-3.21141	14.5382	-6.20694	14.4703	-5.99197	4.42655	-2.38369	0.0734349	0.0827805	0.527726	0.4474
14.7759	-6.2679	4.44137	-2.91722	14.7763	-6.0709	14.6928	-6.10885	4.47946	-2.29364	0.0734671	0.0831301	0.5269	0.448062
14.9914	-6.40335	4.47648	-2.91094	14.7003	-6.11223	14.918	-6.22118	4.53101	-2.20138	0.0734669	0.0836241	0.526083	0.44912
15.1712	-6.46188	4.42191	-2.70006	14.8509	-6.21469	15.1457	-6.32884	4.58111	-2.10694	0.0733658	0.0838239	0.525335	0.449642
15.4034	-6.58951	4.42092	-2.6667	15.7265	-6.46475	15.3758	-6.43173	4.62966	-2.01035	0.0732677	0.0841553	0.524646	0.450433
15.64	-6.66963	4.46925	-2.52581	15.6399	-6.57617	15.6084	-6.52973	4.67655	-1.91162	0.073175	0.0843854	0.523958	0.451034
15.8813	-6.79843	4.66782	-2.59736	15.7316	-6.60536	15.8432	-6.62276	4.72169	-1.81079	0.0730924	0.0848198	0.523155	0.452457
16.1327	-6.93624	4.69991	-2.61248	16.2265	-6.97743	16.0803	-6.71069	4.76497	-1.7079	0.0730376	0.0856108	0.522359	0.454545
16.3156	-7.04187	4.4106	-2.47872	15.8267	-6.78095	16.3195	-6.79342	4.8063	-1.60298	0.0729255	0.0865828	0.522017	0.456437
16.5581	-7.13216	4.46435	-2.38628	16.6141	-7.09003	16.5607	-6.87087	4.84558	-1.49608	0.0728137	0.0876528	0.521643	0.458396
16.7687	-7.25595	4.45602	-2.40943	16.4214	-7.35453	16.8038	-6.94292	4.88271	-1.38725	0.0727281	0.0892142	0.521379	0.461172
17.0215	-7.28254	4.54534	-2.16099	17.0335	-7.12355	17.0487	-7.00949	4.9176	-1.27653	0.0726326	0.0903449	0.520989	0.463051
17.2324	-7.36628	4.46302	-2.0782	17.0944	-6.8385	17.2953	-7.07048	4.95015	-1.16398	0.072605	0.0916697	0.52089	0.465086
17.5243	-7.29016	4.65461	-1.59842	17.6002	-7.00217	17.5434	-7.1258	4.98026	-1.04968	0.0725025	0.0919768	0.520409	0.465362
17.8052	-7.3372	4.95197	-1.57733	18.2702	-6.07225	17.793	-7.17537	5.00785	-0.933668	0.072396	0.0922675	0.519631	0.466003
18.0795	-7.31372	5.03503	-1.30762	18.068	-7.13549	18.044	-7.21909	5.03282	-0.816029	0.0723132	0.0922747	0.518848	0.466082
18.3046	-7.33046	4.84671	-1.1292	18.3087	-6.15194	18.2961	-7.2569	5.05509	-0.696834	0.0722061	0.0922242	0.518194	0.465985
18.5548	-7.34525	4.8739	-1.02002	18.5372	-7.26977	18.5492	-7.28872	5.07456	-0.57616	0.0720985	0.092138	0.517534	0.46592
18.8357	-7.39108	4.99063	-1.01228	19.5536	-7.06548	18.8033	-7.31446	5.09116	-0.454089	0.0720126	0.0920955	0.51679	0.466223
19.0673	-7.40009	4.96822	-0.910504	18.9302	-7.29311	19.0581	-7.33408	5.10481	-0.330708	0.0719071	0.0920289	0.516075	0.466602
19.2881	-7.46611	4.83246	-0.943253	18.816	-8.27535	19.3135	-7.3475	5.11543	-0.206107	0.0718137	0.0921191	0.515539	0.467636
19.641	-7.37009	5.08379	-0.54349	19.9881	-7.22324	19.5694	-7.35466	5.12294	-0.0803797	0.0718131	0.0919866	0.51478	0.467623
19.9079	-7.39246	5.14161	-0.538873	20.1094	-7.15442	19.8255	-7.35551	5.12728	0.0463764	0.0718465	0.0918727	0.514021	0.468013
20.2072	-7.34646	5.24083	-0.339175	20.3189	-7.25458	20.0818	-7.35	5.12836	0.17406	0.0720621	0.0917377	0.513301	0.468153
20.4703	-7.38012	5.34129	-0.41842	20.0602	-7.86255	20.3381	-7.33809	5.12615	0.302565	0.0723114	0.0916314	0.51268	0.469093
20.68	-7.40803	5.23102	-0.452304	20.4141	-7.35358	20.5942	-7.31974	5.12056	0.431784	0.0723544	0.0916218	0.511965	0.47084
20.9096	-7.40841	4.95371	-0.326386	21.0198	-6.96188	20.8499	-7.29491	5.11155	0.561605	0.0723207	0.0916931	0.511289	0.472592
21.1874	-7.29257	5.04336	0.0226548	21.1782	-7.07525	21.1051	-7.26358	5.09906	0.691914	0.0723515	0.0915731	0.510554	0.473282
21.4458	-7.28281	5.06378	0.0449481	21.6131	-6.92172	21.3596	-7.22573	5.08306	0.822593	0.0723954	0.0914919	0.509815	0.474447
21.6584	-7.37494	4.96495	-0.209833	21.5691	-7.50657	21.6132	-7.18134	5.06349	0.953522	0.0723315	0.0919506	0.509105	0.477871
21.8727	-7.35781	4.57129	-0.0362753	22.3609	-6.74362	21.8657	-7.1304	5.04032	1.08458	0.0722282	0.092626	0.508994	0.480961
22.2089	-7.13652	4.82679	0.568825	22.4821	-6.84052	22.117	-7.07291	5.01352	1.21564	0.0722925	0.0925556	0.508361	0.481519
22.3962	-7.11391	4.44523	0.623382	22.0518	-7.75788	22.3669	-7.00887	4.98307	1.34657	0.0722059	0.0925938	0.508447	0.482384
22.5974	-6.98614	4.42669	0.868051	22.3914	-6.78652	22.6151	-6.93829	4.94893	1.47726	0.0721088	0.0924968	0.508487	0.482794
22.8454	-6.97043	4.66468	0.745343	22.6149	-7.88858	22.8616	-6.86119	4.9111	1.60756	0.0720112	0.0925488	0.507933	0.484298
23.069	-6.96894	4.63931	0.650029	23.0586	-7.02348	23.106	-6.77759	4.86956	1.73734	0.0719359	0.0929783	0.507359	0.487069
23.2557	-6.94048	4.40799	0.669556	22.6521	-7.46004	23.3483	-6.68751	4.82431	1.86648	0.0720027	0.0938177	0.507125	0.490533
23.5065	-6.81	4.48403	0.929019	23.5581	-6.66759	23.5883	-6.59099	4.77535	1.99484	0.0720324	0.0944055	0.506644	0.493105
23.7556	-6.7762	4.61222	0.878871	23.969	-7.15519	23.8257	-6.48809	4.72269	2.12228	0.0720271	0.0955046	0.505964	0.496812
23.9871	-6.62124	4.6351	1.16772	23.8837	-6.42686	24.0604	-6.37883	4.66633	2.24867	0.0720308	0.0962318	0.505256	0.499411
24.1922	-6.55015	4.38742	1.2468	24.3438	-6.1767	24.2922	-6.26328	4.6063	2.37389	0.0721243	0.097289	0.504681	0.502266
24.4694	-6.33572	4.52198	1.6566	24.6144	-6.12588	24.5209	-6.14151	4.54262	2.49779	0.072075	0.0976937	0.503977	0.50353
24.7144	-6.24857	4.66659	1.64641	24.8015	-5.92355	24.7463	-6.01357	4.47532	2.62023	0.0719942	0.0983428	0.503375	0.505448
24.9603	-6.09069	4.70196	1.84657	24.9561	-5.97289	24.9683	-5.87956	4.40444	2.7411	0.0718954	0.0988345	0.50292	0.506943
25.1585	-5.98625	4.39894	1.92379	25.2043	-5.60245	25.1866	-5.73954	4.33001	2.86026	0.0718109	0.099548	0.502236	0.508634
25.4143	-5.79252	4.47925	2.18669	25.5127	-5.65871	25.4011	-5.5936	4.25209	2.97757	0.071715	0.0999587	0.501684	0.509629
25.5839	-5.68563	4.14497	2.21714	25.1219	-6.08842	25.6117	-5.44185	4.17073	3.09291	0.071631	0.100638	0.500995	0.510998
25.7709	-5.37482	4.13412	2.73745	25.5133	-5.02906	25.8181	-5.28439	4.08598	3.20616	0.0715754	0.100611	0.500312	0.510887
25.9567	-5.23699	3.98513	2.75645	25.8718	-5.258	26.0202	-5.12131	3.99791	3.31719	0.0715545	0.100655	0.499627	0.51103
26.1556	-5.12138	3.98198	2.69798	26.1696	-5.15715	26.2178	-4.95274	3.90659	3.42588	0.0715307	0.100903	0.498959	0.511748
26.3412	-4.95158	3.79229	2.81831	26.7614	-3.08969	26.4107	-4.7788	3.81209	3.53212	0.0715252	0.101169	0.49828	0.512407
26.5639	-4.65277	3.86868	3.23972	26.6275	-4.42212	26.5989	-4.5996	3.7145	3.63578	0.0714513	0.101069	0.497668	0.512126
26.7674	-4.48752	3.9283	3.24405	26.871	-4.28196	26.7821	-4.41529	3.6139	3.73676	0.0713585	0.101002	0.497262	0.512075
26.9277	-4.35379	3.86027	3.163	26.7603	-4.37714	26.9602	-4.226	3.51038	3.83494	0.071282	0.101084	0.496923	0.512574
27.125	-4.18413	3.93764	3.18496	27.0374	-3.55517	27.1331	-4.03186	3.40403	3.93023	0.0711871	0.101257	0.497025	0.513343
27.3685	-3.94499	4.02808	3.40311	27.5646	-3.84582	27.3006	-3.83304	3.29495	4.02252	0.0711785	0.101287	0.49781	0.513657
27.5146	-3.77673	3.45506	3.44683	27.8979	-3.80197	27.4625	-3.62967	3.18325	4.11172	0.0711343	0.101437	0.497342	0.514122
27.7094	-3.55783	3.49768	3.57301	27.8006	-3.49682	27.6188	-3.42193	3.06903	4.19774	0.0711935	0.101545	0.497171	0.51445
27.8534	-3.36573	3.16787	3.63393	28.156	-2.47925	27.7694	-3.20995	2.95242	4.28049	0.0712308	0.101728	0.496632	0.514847
27.9916	-3.08094	3.13557	3.90369	27.8439	-2.91563	27.914	-2.99393	2.83351	4.35989	0.0712484	0.101692	0.496216	0.5147
28.1221	-2.87878	2.94647	3.93137	28.0476	-2.41976	28.0527	-2.77401	2.71243	4.43586	0.0712435	0.1017	0.495704	0.514673
28.2359	-2.60214	2.88799	4.13919	28.0346	-2.4696	28.1853	-2.55039	2.5893	4.50833	0.0711968	0.101601	0.495286	0.514343
28.333	-2.3994	2.49469	4.14354	28.3248	-2.46974	28.3116	-2.32322	2.46425	4.57724	0.0711113	0.101542	0.494634	0.514146
28.4806	-2.18783	2.53597	4.15761	28.5977	-2.18783	28.4317	-2.0927	2.3374	4.64252	0.071062	0.101526	0.494088	0.514072
28.6093	-1.98328	2.52655	4.14954	28.6844	-2.17053	28.5453	-1.859	2.20888	4.70412	0.0710443	0.101592	0.493708	0.514182
28.7515	-1.73934	2.55513	4.24766	28.8261	-1.68876	28.6526	-1.62231	2.07883	4.76199	0.0711315	0.101635	0.493663	0.514183
28.8448	-1.52954	2.42368	4.24028	28.3124	-1.6871	28.7532	-1.38282	1.94737	4.8161	0.0711924	0.101779	0.493618	0.514353
28.9704	-1.20467	2.42961	4.53972	28.9751	-1.03856	28.8473	-1.14071	1.81465	4.86639	0.0713765	0.101699	0.493973	0.513953
29.0396	-0.969988	2.16585	4.5596	28.4647	-0.32712	28.9347	-0.896184	1.6808	4.91284	0.0714839	0.101636	0.49395	0.513601
29.1275	-0.699358	2.12752	4.67123	29.0173	-0.634573	29.0154	-0.649428	1.54595	4.95543	0.0716188	0.101536	0.494197	0.513139
29.166	-0.463962	1.61955	4.67226	28.9615	0.162307	29.0893	-0.400636	1.41024	4.99413	0.0716325	0.101456	0.493673	0.512737
29.221	-0.284606	1.5756	4.527	29.0872	-0.363706	29.1564	-0.150004	1.27382	5.02893	0.0716153	0.101556	0.493274	0.512709
29.2799	-0.0460455	1.25738	4.55541	29.7564	1.14927	29.2167	0.102274	1.13682	5.05982	0.0715949	0.101703	0.492678	0.512688
29.3332	0.271996	1.23429	4.79426	29.2861	0.404402	29.2701	0.356002	0.999371	5.08681	0.0715744	0.101662	0.49219	0.512245
29.3698	0.518328	1.0766	4.80757	29.1776	1.14383	29.3166	0.610984	0.861619	5.10989	0.0715335	0.10164	0.49168	0.511818
29.4445	0.695926	1.11934	4.64185	29.5469	0.605555	29.3563	0.867027	0.723698	5.12908	0.071581	0.101877	0.491459	0.511757
29.4574	0.942491	0.753546	4.66684	29.3942	2.37688	29.389	1.12393	0.585743	5.14439	0.071573	0.102158	0.490906	0.511672
29.5072	1.27668	0.766268	4.93419	29.5867	1.42748	29.4149	1.38152	0.447888	5.15584	0.0716333	0.102165	0.490545	0.511145
29.5361	1.52467	0.560089	4.92486	29.9335	1.97385	29.4338	1.63957	0.310266	5.16347	0.0717275	0.1022	0.490085	0.510638
29.5407	1.80979	0.513573	5.02769	29.4282	1.86217	29.4459	1.89792	0.173006	5.1673	0.0717952	0.102167	0.489765	0.510041
29.5264	2.04105	0.123338	4.94665	29.7238	1.41909	29.4512	2.15637	0.0362376	5.16738	0.0718039	0.102202	0.489167	0.509519
29.5102	2.42748	0.0651301	5.31472	29.4355	2.62855	29.4496	2.41474	-0.0999139	5.16374	0.0717779	0.102075	0.488622	0.508935
29.4842	2.67854	-0.187196	5.25433	29.525	2.24548	29.4412	2.67283	-0.235325	5.15644	0.0717203	0.101948	0.488016	0.50832
29.5123	3.03915	-0.133898	5.51171	29.7424	3.20057	29.426	2.93047	-0.369875	5.14552	0.0717605	0.101965	0.487548	0.508015
29.467	3.31459	-0.309385	5.49947	28.9264	3.72211	29.4042	3.18747	-0.503448	5.13105	0.0717396	0.102036	0.487036	0.507714
29.477	3.49942	-0.247749	5.26064	29.5679	3.37337	29.3757	3.44367	-0.635928	5.11309	0.0718284	0.101947	0.486815	0.507136
29.4196	3.75584	-0.531134	5.21647	29.0715	3.9654	29.3406	3.69889	-0.767205	5.09171	0.0718472	0.101859	0.486353	0.506544
29.3757	3.89857	-0.541458	4.9065	29.2254	3.70749	29.299	3.95295	-0.897172	5.06698	0.0718595	0.101769	0.486073	0.50598
29.3504	4.14227	-0.636852	4.8865	29.7082	4.22378	29.2509	4.2057	-1.02573	5.03897	0.0719408	0.101692	0.485857	0.505412
29.2766	4.36057	-0.70849	4.82075	29.0468	4.29607	29.1964	4.45697	-1.15277	5.00776	0.0719621	0.10168	0.485759	0.504874
29.1965	4.59332	-1.00097	4.76555	28.8869	4.75902	29.1356	4.7066	-1.2782	4.97344	0.071937	0.10171	0.485356	0.504359
29.1104	4.91526	-1.0832	4.98807	28.9789	5.02462	29.0686	4.95444	-1.40194	4.93609	0.0718786	0.101604	0.485018	0.503747
29.0352	5.16176	-1.17555	4.9718	28.7325	5.2483	28.9954	5.20034	-1.52389	4.8958	0.0718176	0.101497	0.484731	0.503145
29.0177	5.38617	-1.09469	4.90473	29.2109	5.37581	28.9162	5.44416	-1.64397	4.85267	0.0719048	0.101414	0.484899	0.502537
28.9013	5.64652	-1.50913	4.88925	28.1556	7.7268	28.831	5.68575	-1.7621	4.80678	0.071901	0.101309	0.484469	0.501942
28.8136	5.91932	-1.53819	4.96468	28.7725	5.9562	28.7399	5.92498	-1.87822	4.75823	0.0719054	0.101186	0.484171	0.501436
28.677	6.16841	-1.92531	4.91049	28.0465	7.37839	28.6431	6.16173	-1.99225	4.70713	0.0718376	0.101064	0.483595	0.500928
28.579	6.3914	-1.92296	4.85187	28.5522	6.35276	28.5407	6.39585	-2.10412	4.65358	0.0717755	0.100942	0.483093	0.500418
28.4992	6.64435	-2.05225	4.83793	29.2418	7.54597	28.4327	6.62724	-2.21379	4.59767	0.0717632	0.100824	0.482576	0.499954
28.42	6.81087	-1.98937	4.63865	28.4717	6.70428	28.3192	6.85578	-2.32119	4.53952	0.071847	0.100727	0.48227	0.499376
28.2933	7.0226	-2.13365	4.56319	28.1177	6.26311	28.2005	7.08135	-2.42628	4.47922	0.0719046	0.100647	0.481904	0.498794
28.1542	7.39178	-2.2317	4.93411	28.123	7.60344	28.0765	7.30386	-2.529	4.41689	0.0719191	0.100619	0.481547	0.498839
28.0046	7.63434	-2.52981	4.86323	27.7497	8.38372	27.9475	7.52321	-2.62933	4.35263	0.0718874	0.100645	0.480997	0.498867
27.8902	7.83324	-2.49465	4.74682	27.9059	7.76757	27.8135	7.73929	-2.72722	4.28656	0.0718992	0.10063	0.480558	0.498779
27.7223	8.05671	-2.7772	4.65488	27.3838	8.21907	27.6747	7.95203	-2.82265	4.21877	0.0718512	0.100639	0.479992	0.498639
27.5664	8.26692	-2.80224	4.59967	27.46	8.20897	27.5312	8.16134	-2.91558	4.14938	0.0717865	0.100651	0.479455	0.49853
27.3819	8.45244	-3.22349	4.37693	27.7325	7.24638	27.3831	8.36714	-3.00599	4.07849	0.0717016	0.100618	0.479004	0.498152
27.2503	8.58944	-3.14204	4.16108	27.3044	8.47237	27.2305	8.56936	-3.09388	4.00622	0.0716235	0.100504	0.478445	0.497621
27.0698	8.8001	-3.37221	4.10958	26.9578	9.67899	27.0736	8.76794	-3.17922	3.93267	0.0715394	0.100398	0.477973	0.497109
26.8176	9.14035	-3.57313	4.47136	26.5692	9.29585	26.9125	8.9628	-3.262	3.85794	0.0716032	0.100648	0.47765	0.497414
26.6169	9.3445	-3.62282	4.4204	26.3023	8.56687	26.7473	9.1539	-3.34223	3.78216	0.0717973	0.100953	0.477284	0.497791
26.4519	9.43457	-3.54763	4.08282	26.3716	9.20367	26.5781	9.34119	-3.4199	3.70541	0.0719725	0.100935	0.476766	0.497543
26.2829	9.64682	-3.52426	4.10581	26.372	9.97194	26.4052	9.52461	-3.49502	3.62781	0.0721308	0.10099	0.476212	0.497499
26.1111	9.86405	-3.5199	4.13526	26.1471	9.89295	26.2285	9.70414	-3.56759	3.54945	0.072269	0.101167	0.475663	0.497722
25.9192	10.0802	-3.54812	4.16559	25.3582	10.7466	26.0483	9.87973	-3.63763	3.47045	0.0724523	0.10151	0.475131	0.498271
25.7991	10.1385	-3.38433	3.77244	25.8724	9.91294	25.8646	10.0514	-3.70515	3.39089	0.072437	0.101479	0.474831	0.498032
25.589	10.3067	-3.78432	3.59218	25.6726	10.5934	25.6776	10.219	-3.77016	3.31087	0.0724784	0.101449	0.474283	0.49764
25.4399	10.345	-3.65563	3.22524	25.4369	10.1104	25.4875	10.3826	-3.8327	3.2305	0.0724309	0.101349	0.473813	0.497067
25.2282	10.5231	-3.81304	3.235	24.4778	11.9539	25.2942	10.5422	-3.89278	3.14987	0.0724168	0.101236	0.473283	0.496512
25.0101	10.6937	-3.86925	3.26367	24.8955	10.6742	25.098	10.6978	-3.95044	3.06906	0.072456	0.10112	0.472756	0.49603
24.797	10.8525	-3.91814	3.25213	24.3543	10.8958	24.899	10.8493	-4.00571	2.98817	0.0725374	0.101005	0.472233	0.495623
24.6131	10.9685	-3.87727	3.13199	24.6024	10.8869	24.6973	10.9967	-4.05861	2.90729	0.0725662	0.100898	0.471774	0.495173
24.4012	11.1402	-4.10835	3.08587	24.1967	12.6404	24.493	11.1402	-4.10919	2.8265	0.0726158	0.100783	0.471236	0.494764
24.2157	11.2938	-4.06928	3.07903	24.3047	11.321	24.2862	11.2795	-4.15749	2.74589	0.0726111	0.100671	0.470719	0.494456
23.996	11.4111	-4.30898	2.88082	24.5863	10.4852	24.0771	11.4149	-4.20354	2.66553	0.0726315	0.100557	0.470212	0.494002
23.8129	11.4342	-4.19741	2.57065	23.7789	11.2152	23.8657	11.5462	-4.24739	2.58551	0.0725927	0.100584	0.469686	0.493443
23.6045	11.5593	-4.21043	2.55266	23.7361	11.4278	23.6522	11.6736	-4.28909	2.50589	0.0725461	0.100617	0.46917	0.492891
23.3763	11.7166	-4.25735	2.63157	23.3423	11.7567	23.4366	11.797	-4.32868	2.42676	0.0725209	0.100576	0.468654	0.492431
23.1428	11.8453	-4.40169	2.57521	22.8857	12.2555	23.2191	11.9164	-4.36622	2.34818	0.0725296	0.10052	0.46813	0.491996
22.8988	11.999	-4.45929	2.64362	22.8321	12.0192	22.9998	12.0319	-4.40174	2.27022	0.0726058	0.100419	0.467613	0.491762
22.6737	12.1345	-4.52121	2.62172	22.7202	12.4833	22.7788	12.1436	-4.43532	2.19295	0.0726946	0.100308	0.467107	0.49163
22.4637	12.2226	-4.47116	2.51123	22.4654	12.1469	22.5561	12.2513	-4.46699	2.11642	0.0727447	0.100205	0.466585	0.491435
22.2509	12.3447	-4.38427	2.53556	22.4194	11.8766	22.3319	12.3553	-4.49681	2.04071	0.0727642	0.100094	0.466096	0.491443
21.9874	12.4651	-4.47049	2.53331	21.7874	12.3787	22.1062	12.4555	-4.52484	1.96586	0.0728987	0.0999841	0.465585	0.491624
21.7488	12.5762	-4.70029	2.37647	22.0426	12.7495	21.8792	12.552	-4.55114	1.89194	0.0730762	0.0998798	0.465121	0.491609
21.533	12.6346	-4.63504	2.22321	21.515	12.5172	21.6509	12.6448	-4.57575	1.81899	0.0732058	0.0997704	0.464615	0.491433
21.3075	12.731	-4.61929	2.18246	21.6464	12.0735	21.4215	12.734	-4.59875	1.74706	0.073321	0.0996603	0.464103	0.491316
21.0868	12.9237	-4.6353	2.38207	21.2694	13.1512	21.1909	12.8197	-4.62018	1.6762	0.0734028	0.0996701	0.463592	0.491891
20.8246	13.0303	-4.92373	2.21209	20.6799	13.6331	20.9593	12.9018	-4.6401	1.60647	0.0735935	0.0997426	0.463273	0.49217
20.6637	13.043	-4.70453	1.94867	20.8491	12.9353	20.7267	12.9804	-4.65858	1.53789	0.073572	0.0996764	0.46277	0.492006
20.411	13.0877	-5.01228	1.6297	21.2381	12.1655	20.4932	13.0557	-4.67567	1.47051	0.073592	0.0995785	0.462531	0.491524
20.1727	13.181	-4.9922	1.65405	20.2433	13.2333	20.2589	13.1276	-4.69142	1.40437	0.0736218	0.099501	0.46224	0.491126
19.9104	13.2779	-4.9379	1.75309	19.1758	13.6223	20.0239	13.1962	-4.70591	1.3395	0.0737322	0.0994657	0.461863	0.49097
19.7512	13.243	-4.69973	1.43077	19.89	13.0662	19.7882	13.2616	-4.71918	1.27594	0.0736722	0.0993614	0.461362	0.49049
19.4986	13.3375	-4.78127	1.46889	18.8414	14.4265	19.5518	13.3239	-4.73129	1.21372	0.073634	0.0992555	0.460867	0.490101
19.1927	13.4452	-4.93617	1.57314	18.9873	13.4215	19.3149	13.3831	-4.7423	1.15287	0.0737738	0.0991902	0.460456	0.489961
18.9401	13.4897	-5.01985	1.42827	19.2999	12.6552	19.0774	13.4392	-4.75226	1.09341	0.0739696	0.0991108	0.460127	0.489679
18.7395	13.4772	-4.87468	1.21237	18.7874	13.332	18.8395	13.4925	-4.76124	1.03538	0.0740357	0.0990065	0.459661	0.48922
18.4668	13.5299	-5.0199	1.13811	17.9617	13.7891	18.6011	13.5429	-4.76928	0.97879	0.0742178	0.0989018	0.459313	0.488749
18.2648	13.6132	-4.92912	1.18345	18.5012	13.776	18.3624	13.5904	-4.77644	0.923668	0.0742758	0.0988013	0.458875	0.488373
18.0054	13.7012	-4.90931	1.30493	17.2223	14.5158	18.1233	13.6353	-4.78278	0.870034	0.0743964	0.0987426	0.45842	0.488265
17.8085	13.739	-4.79318	1.22371	17.9436	13.7469	17.8839	13.6775	-4.78834	0.817907	0.0743986	0.098678	0.45793	0.488103
17.5591	13.7807	-5.00625	1.01798	17.9681	13.9542	17.6443	13.7172	-4.79318	0.767303	0.0744233	0.0986163	0.457548	0.48772
17.3193	13.8008	-4.9689	0.942499	17.3027	13.7285	17.4044	13.7543	-4.79734	0.718238	0.0744476	0.0985347	0.457129	0.487311
17.0666	13.8541	-5.05282	0.899135	17.0811	14.3435	17.1644	13.789	-4.80088	0.670728	0.074505	0.0984757	0.456791	0.486907
16.8417	13.8999	-4.99344	0.891118	16.9456	13.9531	16.9242	13.8214	-4.80385	0.624784	0.0745228	0.0984377	0.456391	0.486545
16.6072	13.907	-4.96434	0.778056	17.3034	12.7369	16.6839	13.8516	-4.80628	0.580418	0.0745274	0.0983666	0.455966	0.486116
16.4484	13.863	-4.72992	0.555064	16.6201	13.7709	16.4434	13.8795	-4.80823	0.537642	0.0744491	0.0982657	0.455499	0.485603
16.2198	13.8934	-4.66667	0.599743	16.2884	13.7529	16.2029	13.9054	-4.80974	0.496465	0.0743747	0.0981637	0.455066	0.485115
16.0334	13.885	-4.54578	0.494368	16.1305	13.8507	15.9623	13.9292	-4.81085	0.456895	0.0743681	0.0980815	0.45475	0.484608
15.8143	13.8859	-4.53715	0.416809	16.2232	13.2228	15.7217	13.9511	-4.8116	0.418941	0.074411	0.098024	0.454447	0.4841
15.549	13.9412	-4.63813	0.509744	15.4765	13.9799	15.481	13.9712	-4.81203	0.382607	0.0743981	0.097931	0.454041	0.483628
15.3164	13.9584	-4.74892	0.384416	15.6433	14.169	15.2404	13.9895	-4.81218	0.347902	0.0744016	0.0978391	0.453576	0.483126
15.1024	13.9954	-4.7062	0.416224	15.2167	14.0962	14.9997	14.006	-4.81208	0.314829	0.0744718	0.0977383	0.453129	0.482645
14.8972	13.9824	-4.73445	0.218115	16.1471	13.3014	14.7591	14.021	-4.81178	0.283394	0.0746604	0.0976526	0.452672	0.482152
14.5971	14.0156	-4.88605	0.291889	14.4216	13.9722	14.5184	14.0344	-4.8113	0.2536	0.074669	0.097555	0.452215	0.481655
14.3374	14.0168	-4.9464	0.234355	14.0834	13.8593	14.2778	14.0464	-4.81067	0.22545	0.074641	0.0974633	0.451789	0.481156
14.0053	14.0679	-5.15551	0.353745	13.7936	14.0438	14.0373	14.057	-4.80993	0.198947	0.074578	0.0973638	0.451595	0.48071
13.7135	14.0844	-5.17644	0.423454	12.7125	13.9172	13.7967	14.0663	-4.8091	0.174094	0.0745968	0.0972668	0.451438	0.480348
13.4833	14.0837	-5.10081	0.3645	13.5367	14.0609	13.5563	14.0745	-4.80821	0.150893	0.0745935	0.0971676	0.451168	0.479951
13.2272	14.092	-5.07542	0.367996	13.1756	13.7467	13.3158	14.0815	-4.80729	0.129345	0.074625	0.0970689	0.450868	0.47958
13.0356	14.0485	-4.90242	0.209223	13.1207	13.9437	13.0755	14.0874	-4.80635	0.109452	0.0745704	0.0969855	0.450427	0.47911
12.7993	14.04	-4.85073	0.188213	13.012	13.4479	12.8351	14.0925	-4.80542	0.0912136	0.0745117	0.0969154	0.449971	0.47864
12.5958	14.0121	-4.74247	0.0926138	12.65	13.9493	12.5949	14.0966	-4.80452	0.074632	0.0744356	0.0968916	0.44952	0.478152
12.3741	14.0231	-4.67298	0.144016	12.6389	13.9709	12.3546	14.1	-4.80366	0.0597074	0.074365	0.096855	0.449101	0.47768
12.1692	14.072	-4.62786	0.224464	12.3331	14.277	12.1144	14.1026	-4.80286	0.0464402	0.0743304	0.0967664	0.448714	0.477262
11.9233	14.1019	-4.67368	0.267909	11.5246	14.5844	11.8743	14.1046	-4.80214	0.0348309	0.0742878	0.0966683	0.448296	0.476893
11.6575	14.0816	-4.73116	0.206442	11.5002	13.8978	11.6342	14.1061	-4.80151	0.0248797	0.07422	0.0965767	0.447853	0.47648
11.4246	14.1247	-4.71236	0.31103	11.3723	14.7565	11.3941	14.1072	-4.80098	0.0165867	0.0741577	0.0964823	0.447418	0.476182
11.1315	14.1753	-4.86447	0.406382	11.0254	14.2062	11.1541	14.1078	-4.80056	0.00995216	0.0740898	0.0964326	0.446976	0.476035
10.8881	14.1617	-4.98471	0.147729	11.244	14.1065	10.914	14.1082	-4.80025	0.00497615	0.0740244	0.0963655	0.446603	0.475599
10.5981	14.1613	-5.07743	0.145121	10.468	14.0591	10.674	14.1084	-4.80006	0.00165874	0.0740283	0.0962979	0.446327	0.475165
