0.312243	0.58034	0	0	0.312243	0.58034	0.6	0.6	5.19994	0	0.287757	0.0196602	5.19994	0
0.312243	0.58034	0	0	0.862916	0.534212	0.859997	0.600045	5.19975	0.00179686	0.437515	0.0196827	5.19984	0.00127057
1.16834	0.481707	12.2301	-1.40905	1.17385	0.481073	1.11998	0.600225	5.19943	0.00538996	0.358319	0.0702881	5.87388	0.816628
1.16834	0.481707	12.2301	-1.40905	0.969149	0.397513	1.37996	0.600629	5.19898	0.0107781	0.327855	0.0850936	6.18353	1.00207
1.65425	0.618706	9.84147	2.53621	1.65063	0.62469	1.6399	0.601347	5.19839	0.0179597	0.293313	0.0765049	5.90766	1.43931
1.65425	0.618706	9.84147	2.53621	1.62331	0.499091	1.89982	0.60247	5.19766	0.0269323	0.285911	0.0701529	5.71646	1.66606
2.18125	0.665989	10.2528	1.59959	2.18882	0.648739	2.1597	0.604086	5.19678	0.0376932	0.264827	0.0690348	5.62686	1.65158
2.18125	0.665989	10.2528	1.59959	1.96701	0.557117	2.41954	0.606284	5.19573	0.0502389	0.261657	0.0679386	5.55883	1.63915
2.66708	0.690453	10.0251	1.12807	2.65526	0.66598	2.67932	0.609155	5.1945	0.0645654	0.246727	0.0695499	5.48269	1.58555
2.66708	0.690453	10.0251	1.12807	2.92034	0.645898	2.93904	0.612786	5.19309	0.080668	0.249366	0.0704038	5.42113	1.54022
3.07515	0.681308	9.40496	0.691864	3.01222	0.637046	3.19869	0.617267	5.19147	0.0985415	0.240661	0.0698494	5.32268	1.4794
3.07515	0.681308	9.40496	0.691864	3.56096	0.485311	3.45825	0.622685	5.18963	0.11818	0.255582	0.0689836	5.23935	1.42606
3.72751	0.504578	10.4059	-0.469658	3.89365	0.311793	3.71772	0.62913	5.18754	0.139576	0.24557	0.0747396	5.23774	1.3805
3.72751	0.504578	10.4059	-0.469658	4.19786	0.698311	3.97708	0.636689	5.18519	0.162724	0.245858	0.0802102	5.23653	1.34097
4.27647	0.526485	10.5411	-0.255561	4.30935	0.578564	4.23632	0.645449	5.18256	0.187614	0.237748	0.0833563	5.24475	1.30055
4.27647	0.526485	10.5411	-0.255561	4.61908	0.68951	4.49542	0.655498	5.17962	0.214238	0.236617	0.0869152	5.25213	1.26471
4.61329	0.675908	9.74722	0.421348	4.35143	0.899174	4.75437	0.666921	5.17634	0.242587	0.232089	0.0843483	5.21452	1.22772
4.61329	0.675908	9.74722	0.421348	5.20901	0.66599	5.01315	0.679804	5.1727	0.272649	0.24445	0.081977	5.18104	1.19364
5.2618	0.678196	10.3579	0.35018	5.51894	0.648233	5.27175	0.694234	5.16867	0.304413	0.237941	0.0798753	5.18147	1.16185
5.2618	0.678196	10.3579	0.35018	5.22834	0.639362	5.53013	0.710295	5.16422	0.337868	0.239552	0.078183	5.18208	1.13244
5.86622	0.700317	10.6626	0.366418	6.022	0.708619	5.78828	0.728072	5.15932	0.372999	0.234397	0.0765388	5.19783	1.10515
5.86622	0.700317	10.6626	0.366418	5.89392	0.373584	6.04618	0.747647	5.15393	0.409793	0.232199	0.0754568	5.21236	1.07978
6.38031	0.79571	10.5991	0.623675	6.34249	0.948833	6.30379	0.769103	5.14803	0.448233	0.227655	0.0740065	5.22297	1.05668
6.38031	0.79571	10.5991	0.623675	6.62134	0.836138	6.5611	0.792523	5.14157	0.488305	0.225896	0.0724512	5.23295	1.0348
6.86961	0.791078	10.4682	0.508389	6.78214	0.714036	6.81808	0.817988	5.13452	0.52999	0.221572	0.0711911	5.23701	1.0139
6.86961	0.791078	10.4682	0.508389	7.29121	0.630741	7.07469	0.845578	5.12685	0.573269	0.220961	0.0706221	5.24106	0.994292
7.31533	0.859257	10.2237	0.642978	7.13735	0.957217	7.3309	0.875373	5.11851	0.618123	0.216851	0.0693713	5.23609	0.975718
7.31533	0.859257	10.2237	0.642978	8.08349	0.819605	7.58668	0.907449	5.10946	0.664531	0.219031	0.0687274	5.23179	0.958144
7.82029	0.840817	10.2043	0.485615	7.80533	0.719126	7.84199	0.941886	5.09966	0.712469	0.215259	0.0700915	5.22746	0.942422
7.82029	0.840817	10.2043	0.485615	8.40453	0.884557	8.0968	0.978759	5.08907	0.761915	0.217579	0.0733711	5.22375	0.927954
8.30689	0.858009	10.1312	0.463664	8.24796	0.840322	8.35106	1.01814	5.07766	0.812843	0.214188	0.0776971	5.21835	0.915016
8.30689	0.858009	10.1312	0.463664	8.45858	1.41118	8.60472	1.06011	5.06537	0.865226	0.21729	0.0844072	5.21365	0.903398
8.79456	0.928174	10.0727	0.60919	8.74615	1.04858	8.85775	1.10473	5.05216	0.919037	0.214255	0.0886189	5.2079	0.891239
8.79456	0.928174	10.0727	0.60919	9.8809	1.1419	9.1101	1.15208	5.03798	0.974245	0.217907	0.0953776	5.20289	0.880264
9.28645	0.983695	10.0362	0.687027	9.25579	1.04913	9.36172	1.20223	5.0228	1.03082	0.215148	0.101002	5.19757	0.869541
9.28645	0.983695	10.0362	0.687027	10.1016	1.52474	9.61255	1.25524	5.00656	1.08873	0.21899	0.109391	5.19298	0.859989
9.85965	1.13549	10.2587	1.05311	10.0484	1.44598	9.86254	1.31118	4.98922	1.14794	0.216011	0.111701	5.19506	0.848432
9.85965	1.13549	10.2587	1.05311	10.5377	1.72555	10.1117	1.37011	4.97074	1.20841	0.217035	0.116608	5.19753	0.837572
10.3389	1.26208	10.1534	1.28438	10.2492	1.45907	10.3598	1.4321	4.95106	1.2701	0.21426	0.118279	5.19765	0.826768
10.3389	1.26208	10.1534	1.28438	10.9084	1.70343	10.6069	1.49721	4.93014	1.33298	0.215767	0.122565	5.19829	0.816404
10.8152	1.36066	10.055	1.3922	10.7313	1.45265	10.853	1.56549	4.90794	1.39701	0.213201	0.125216	5.19705	0.806387
10.8152	1.36066	10.055	1.3922	11.4783	1.42876	11.0979	1.637	4.8844	1.46213	0.215116	0.130858	5.19642	0.796802
11.391	1.48031	10.2846	1.54958	11.587	1.61462	11.3416	1.71179	4.85948	1.52832	0.212733	0.134059	5.20185	0.787489
11.391	1.48031	10.2846	1.54958	11.4763	1.53917	11.584	1.78992	4.83313	1.59551	0.212306	0.140506	5.20766	0.77852
11.8709	1.60881	10.1766	1.71026	11.7788	1.74591	11.8251	1.87144	4.80531	1.66366	0.210045	0.144347	5.21135	0.769852
11.8709	1.60881	10.1766	1.71026	12.136	2.14937	12.0647	1.95639	4.77598	1.73273	0.209705	0.151689	5.21554	0.761446
12.3643	1.71851	10.1277	1.78651	12.3226	1.78353	12.3029	2.04482	4.74508	1.80265	0.207656	0.157434	5.21915	0.753305
12.3643	1.71851	10.1277	1.78651	12.5457	1.77728	12.5394	2.13677	4.71257	1.87338	0.207031	0.167074	5.22331	0.745522
12.7952	1.90738	9.88984	2.10052	12.5924	2.17509	12.7743	2.23227	4.67842	1.94485	0.204929	0.171751	5.22307	0.738211
12.7952	1.90738	9.88984	2.10052	13.2198	2.6644	13.0075	2.33137	4.64258	2.01701	0.205078	0.180288	5.22355	0.730887
13.2349	2.11938	9.71688	2.43802	13.0875	2.40708	13.2388	2.43409	4.605	2.08981	0.203058	0.18387	5.22139	0.725327
13.2349	2.11938	9.71688	2.43802	12.7087	3.12439	13.4682	2.54047	4.56565	2.16317	0.203681	0.191227	5.22005	0.719329
13.752	2.34523	9.81541	2.76596	13.836	2.62479	13.6955	2.65053	4.52448	2.23703	0.2019	0.194001	5.22139	0.716205
13.752	2.34523	9.81541	2.76596	13.8302	2.73893	13.9208	2.7643	4.48147	2.31134	0.201336	0.200479	5.2235	0.712235
14.234	2.60781	9.78788	3.15799	14.2106	2.94205	14.1439	2.88179	4.43656	2.38601	0.199868	0.202054	5.22585	0.713366
14.234	2.60781	9.78788	3.15799	14.5568	2.87021	14.3646	3.00303	4.38974	2.46099	0.198843	0.207089	5.22898	0.713077
14.6525	2.80409	9.56409	3.27906	14.4616	2.90734	14.583	3.12802	4.34097	2.5362	0.197305	0.209701	5.22887	0.71361
14.6525	2.80409	9.56409	3.27906	14.6754	3.96041	14.7989	3.25679	4.29021	2.61157	0.19654	0.216217	5.22965	0.71284
15.1023	3.11403	9.47472	3.7394	15.0261	3.5067	15.0122	3.38932	4.23744	2.68703	0.19522	0.217352	5.22978	0.71993
15.1023	3.11403	9.47472	3.7394	15.3685	4.14761	15.2228	3.52563	4.18263	2.76249	0.19421	0.221987	5.23083	0.72496
15.5618	3.44418	9.42985	4.19085	15.5236	3.82936	15.4306	3.66572	4.12575	2.83789	0.193343	0.221979	5.23204	0.739567
15.5618	3.44418	9.42985	4.19085	15.7234	3.4105	15.6355	3.80957	4.06678	2.91315	0.192006	0.225019	5.23418	0.751311
16.0182	3.74781	9.38212	4.48748	15.9774	4.00094	15.8375	3.95719	4.00571	2.98817	0.191832	0.224779	5.23646	0.768888
16.0182	3.74781	9.38212	4.48748	16.3376	4.21632	16.0363	4.10854	3.94251	3.0629	0.19034	0.227529	5.2397	0.783366
16.445	4.10028	9.24886	4.89133	16.3313	4.44499	16.2319	4.26363	3.87716	3.13723	0.190712	0.226679	5.24176	0.807191
16.445	4.10028	9.24886	4.89133	16.7586	4.48231	16.4242	4.42242	3.80966	3.21109	0.189279	0.228424	5.2448	0.827322
16.8252	4.43387	8.98961	5.17196	16.6039	4.67344	16.613	4.5849	3.74	3.28438	0.189642	0.227462	5.24487	0.852892
16.8252	4.43387	8.98961	5.17196	16.9236	5.10119	16.7983	4.75103	3.66817	3.35704	0.188271	0.229036	5.24601	0.874738
17.1991	4.83294	8.75115	5.61478	16.9955	5.21099	16.9799	4.92077	3.59416	3.42897	0.188753	0.227616	5.24473	0.90737
17.1991	4.83294	8.75115	5.61478	17.3421	4.64623	17.1579	5.09409	3.51797	3.50008	0.187465	0.228129	5.24456	0.935651
17.5426	5.20084	8.45466	5.88952	17.2894	5.43542	17.3319	5.27094	3.4396	3.57028	0.187812	0.22667	5.2414	0.968954
17.5426	5.20084	8.45466	5.88952	17.6463	4.74597	17.5019	5.45128	3.35907	3.63949	0.186565	0.227017	5.2394	0.998071
17.9165	5.53038	8.30096	6.00006	17.7853	5.62476	17.6679	5.63506	3.27637	3.70762	0.187553	0.22579	5.23652	1.02688
17.9165	5.53038	8.30096	6.00006	17.9216	6.07151	17.8297	5.82221	3.19151	3.77458	0.186555	0.22681	5.23482	1.05222
18.276	5.92233	8.12566	6.28993	18.1263	6.16985	17.9872	6.01269	3.10453	3.84027	0.188284	0.225535	5.23203	1.08278
18.276	5.92233	8.12566	6.28993	18.1245	6.79027	18.1402	6.20641	3.01542	3.90462	0.187688	0.226403	5.23045	1.10989
18.5561	6.35183	7.7279	6.65245	18.2164	6.66138	18.2888	6.40332	2.92421	3.96753	0.188936	0.225005	5.22513	1.14432
18.5561	6.35183	7.7279	6.65245	18.4022	7.02231	18.4328	6.60333	2.83093	4.0289	0.18824	0.225364	5.22105	1.17513
18.834	6.70495	7.38609	6.71707	18.5422	6.76013	18.572	6.80638	2.7356	4.08867	0.189354	0.224224	5.21422	1.20453
18.834	6.70495	7.38609	6.71707	18.8089	7.24388	18.7064	7.01237	2.63825	4.14672	0.188707	0.225453	5.20865	1.231
19.1873	7.07944	7.33552	6.83887	19.1441	7.18344	18.8359	7.22122	2.53893	4.20299	0.19156	0.22461	5.20376	1.25794
19.1873	7.07944	7.33552	6.83887	18.5479	7.4012	18.9604	7.43283	2.43767	4.25737	0.19203	0.226622	5.20014	1.28234
19.4077	7.54258	6.87413	7.22092	19.0138	7.8688	19.0798	7.64712	2.3345	4.3098	0.194235	0.225545	5.19268	1.31403
19.4077	7.54258	6.87413	7.22092	19.3089	7.67375	19.1939	7.86397	2.22949	4.36017	0.19448	0.226924	5.1865	1.34297
19.5837	7.96452	6.34522	7.41289	19.132	8.12845	19.3028	8.08329	2.12266	4.40842	0.195718	0.225953	5.1762	1.37424
19.5837	7.96452	6.34522	7.41289	19.0239	8.17194	19.4062	8.30497	2.01409	4.45445	0.195516	0.227616	5.16717	1.40298
19.7509	8.32765	5.87225	7.3892	19.347	8.30741	19.5042	8.5289	1.90381	4.49819	0.196179	0.22733	5.15497	1.42891
19.7509	8.32765	5.87225	7.3892	19.6843	8.35902	19.5966	8.75494	1.7919	4.53956	0.195753	0.230578	5.14402	1.45288
20.0335	8.74952	5.83757	7.55442	20.0039	8.8906	19.6835	8.983	1.67841	4.57848	0.198155	0.230611	5.13401	1.47874
20.0335	8.74952	5.83757	7.55442	19.6061	9.48659	19.7645	9.21294	1.56341	4.61488	0.19908	0.234471	5.12525	1.50279
20.2799	9.21723	5.69413	7.83812	20.1574	9.45949	19.8398	9.44463	1.44697	4.64869	0.203286	0.234395	5.11642	1.53145
20.2799	9.21723	5.69413	7.83812	19.6163	9.76606	19.9093	9.67795	1.32916	4.67984	0.205838	0.238014	5.10884	1.55829
20.4543	9.6903	5.34637	8.09397	20.1573	9.90876	19.9728	9.91275	1.21005	4.70826	0.210728	0.237853	5.09937	1.58916
20.4543	9.6903	5.34637	8.09397	19.1911	11.5493	20.0303	10.1489	1.08972	4.73389	0.214118	0.241266	5.09114	1.61823
20.5711	10.1962	4.87197	8.41309	20.166	10.4687	20.0818	10.3863	0.968259	4.75666	0.218825	0.240784	5.08009	1.65282
20.5711	10.1962	4.87197	8.41309	19.6775	10.803	20.1271	10.6247	0.845742	4.77652	0.222349	0.243486	5.07024	1.68556
20.6945	10.7236	4.49315	8.74951	20.371	11.0109	20.1663	10.864	0.722256	4.7934	0.227608	0.242647	5.05855	1.72429
20.6945	10.7236	4.49315	8.74951	19.4335	12.3402	20.1993	11.1041	0.597892	4.80727	0.231903	0.244447	5.04803	1.76109
20.7559	11.2118	3.97846	8.90941	20.3164	11.3483	20.2261	11.3449	0.472738	4.81807	0.236793	0.243577	5.03481	1.79977
20.7559	11.2118	3.97846	8.90941	19.2063	12.2418	20.2466	11.5861	0.346889	4.82575	0.241048	0.245228	5.02272	1.83672
20.8625	11.7344	3.6875	9.15267	20.6141	11.9422	20.2608	11.8275	0.220439	4.83027	0.247212	0.244187	5.00969	1.87753
20.8625	11.7344	3.6875	9.15267	19.966	11.9688	20.2687	12.0692	0.093487	4.83159	0.252928	0.245237	4.99775	1.91667
20.8517	12.2746	3.07215	9.41274	20.3263	12.4966	20.2701	12.3108	-0.0338694	4.82968	0.258138	0.24407	4.98284	1.96007
20.8517	12.2746	3.07215	9.41274	20.0192	12.4823	20.2652	12.5522	-0.161529	4.82451	0.263252	0.244415	4.96896	2.00184
20.8679	12.7851	2.63898	9.53841	20.498	12.8924	20.254	12.7933	-0.28939	4.81605	0.268759	0.243249	4.95349	2.04489
20.8679	12.7851	2.63898	9.53841	20.9151	12.2555	20.2363	13.0339	-0.417348	4.80428	0.274433	0.243303	4.939	2.08652
20.7817	13.2367	1.95111	9.45883	20.1943	13.1688	20.2122	13.2738	-0.545298	4.78918	0.278639	0.24219	4.92178	2.12525
20.7817	13.2367	1.95111	9.45883	19.858	13.5236	20.1818	13.5129	-0.673135	4.77072	0.28329	0.242525	4.90545	2.16295
20.729	13.7584	1.47747	9.61248	20.3245	13.8896	20.1449	13.7509	-0.800753	4.74892	0.287483	0.241412	4.88777	2.20283
20.729	13.7584	1.47747	9.61248	20.3387	13.5307	20.1017	13.9878	-0.928043	4.72374	0.292357	0.241305	4.8709	2.24179
20.6183	14.2656	0.895721	9.69616	20.1216	14.337	20.0521	14.2233	-1.0549	4.69521	0.295958	0.240249	4.85245	2.28159
20.6183	14.2656	0.895721	9.69616	19.6717	14.4038	19.9962	14.4573	-1.18121	4.66331	0.300441	0.239859	4.83472	2.32063
20.4242	14.7565	0.142482	9.71542	19.781	14.773	19.934	14.6897	-1.30687	4.62805	0.302643	0.238878	4.81521	2.35939
20.4242	14.7565	0.142482	9.71542	20.1149	14.0165	19.8655	14.9202	-1.43177	4.58944	0.305822	0.238322	4.79631	2.39757
20.3201	15.2323	-0.207997	9.68385	20.0208	15.2053	19.7908	15.1486	-1.55581	4.54751	0.308465	0.237411	4.77706	2.4347
20.3201	15.2323	-0.207997	9.68385	20.0157	15.3443	19.7099	15.3749	-1.67887	4.50226	0.312314	0.236757	4.75839	2.47147
20.2023	15.6725	-0.546661	9.54516	19.9131	15.554	19.6229	15.5989	-1.80085	4.45372	0.315556	0.235841	4.73943	2.50549
20.2023	15.6725	-0.546661	9.54516	19.9388	15.0864	19.5298	15.8203	-1.92164	4.40193	0.320257	0.235233	4.721	2.53938
19.9853	16.1118	-1.14447	9.4257	19.4748	16.0098	19.4307	16.039	-2.04114	4.3469	0.322935	0.234338	4.70184	2.57119
19.9853	16.1118	-1.14447	9.4257	19.1556	16.0022	19.3257	16.2549	-2.15925	4.28868	0.327176	0.233725	4.68313	2.60305
19.7412	16.4988	-1.7337	9.15992	19.238	16.2719	19.2148	16.4679	-2.27586	4.22731	0.329316	0.232774	4.664	2.63077
19.7412	16.4988	-1.7337	9.15992	19.4007	16.2962	19.0981	16.6777	-2.39087	4.16284	0.333091	0.232383	4.64522	2.65874
19.478	16.9248	-2.29005	9.05911	19.0029	16.8387	18.9757	16.8841	-2.50418	4.0953	0.334811	0.231465	4.62634	2.68547
19.478	16.9248	-2.29005	9.05911	18.8373	17.7112	18.8477	17.0872	-2.61571	4.02476	0.338228	0.230991	4.60774	2.71256
19.1607	17.3792	-2.92938	9.0637	18.6148	17.3832	18.7142	17.2866	-2.72534	3.95127	0.339232	0.230214	4.58931	2.74011
19.1607	17.3792	-2.92938	9.0637	18.8177	17.0316	18.5752	17.4822	-2.83299	3.87489	0.341885	0.229482	4.57107	2.76808
18.7672	17.7567	-3.7081	8.82506	18.1023	17.5529	18.4309	17.674	-2.93858	3.79568	0.341841	0.228695	4.55355	2.79305
18.7672	17.7567	-3.7081	8.82506	18.2749	17.4877	18.2814	17.8617	-3.042	3.71372	0.3432	0.227989	4.53611	2.81856
18.4809	18.1568	-4.02611	8.69536	18.2094	18.0461	18.1268	18.0453	-3.14318	3.62906	0.343286	0.227315	4.51916	2.84283
18.4809	18.1568	-4.02611	8.69536	18.3021	17.498	17.9671	18.2246	-3.24204	3.5418	0.344919	0.226517	4.50227	2.86772
18.1773	18.4905	-4.34877	8.37657	17.9018	18.2183	17.8026	18.3994	-3.3385	3.45199	0.345156	0.225791	4.48592	2.88897
18.1773	18.4905	-4.34877	8.37657	18.8558	18.1364	17.6334	18.5697	-3.43247	3.35973	0.34709	0.22504	4.46961	2.91095
17.804	18.8537	-4.84003	8.20119	17.3845	18.7039	17.4595	18.7353	-3.5239	3.26509	0.347071	0.224427	4.45424	2.9314
17.804	18.8537	-4.84003	8.20119	17.7945	18.0801	17.281	18.8962	-3.61271	3.16817	0.348712	0.223618	4.43885	2.95263
17.4575	19.1615	-5.16946	7.87895	17.1762	18.8863	17.0983	19.0521	-3.69883	3.06904	0.348791	0.222988	4.42419	2.97066
17.4575	19.1615	-5.16946	7.87895	16.9398	19.7311	16.9113	19.203	-3.78221	2.9678	0.350648	0.222195	4.4095	2.98952
17.0296	19.4191	-5.70366	7.44902	16.5734	19.052	16.7201	19.3488	-3.86278	2.86455	0.350365	0.221464	4.39619	3.00424
17.0296	19.4191	-5.70366	7.44902	16.1674	20.2201	16.5251	19.4894	-3.9405	2.75938	0.351725	0.220741	4.38281	3.01983
16.6061	19.7443	-6.13961	7.30004	16.2338	19.6171	16.3262	19.6246	-4.01531	2.65237	0.35126	0.22018	4.37073	3.03467
16.6061	19.7443	-6.13961	7.30004	16.4366	18.2742	16.1237	19.7545	-4.08716	2.54364	0.35237	0.219393	4.35855	3.05041
16.1976	20.0445	-6.45969	7.09598	15.9243	19.8703	15.9176	19.8789	-4.15602	2.43329	0.351909	0.219058	4.34739	3.06483
16.1976	20.0445	-6.45969	7.09598	16.2328	19.2166	15.7082	19.9978	-4.22185	2.32141	0.353064	0.218321	4.33613	3.08019
15.755	20.3409	-6.8366	6.91176	15.4332	20.1836	15.4956	20.111	-4.28461	2.2081	0.352496	0.218404	4.32621	3.09451
15.755	20.3409	-6.8366	6.91176	14.3677	21.3406	15.2799	20.2185	-4.34427	2.09347	0.353494	0.217883	4.31616	3.10977
15.3559	20.6193	-7.01725	6.70003	15.2016	20.4385	15.0613	20.3203	-4.4008	1.97763	0.353121	0.218546	4.30673	3.12375
15.3559	20.6193	-7.01725	6.70003	14.7476	19.9571	14.84	20.4162	-4.4542	1.86068	0.354491	0.218444	4.2972	3.13869
14.9133	20.8607	-7.30633	6.405	14.6665	20.6088	14.6161	20.5063	-4.50443	1.74272	0.354132	0.219654	4.28879	3.15154
14.9133	20.8607	-7.30633	6.405	13.841	21.0031	14.3897	20.5904	-4.55149	1.62386	0.355549	0.220035	4.28027	3.16537
14.4137	21.0215	-7.72979	5.90239	14.0521	20.5924	14.1611	20.6686	-4.59537	1.50421	0.354957	0.221193	4.2736	3.17524
14.4137	21.0215	-7.72979	5.90239	13.8232	20.859	13.9304	20.7408	-4.63606	1.38386	0.355966	0.221643	4.26682	3.18607
13.8759	21.1565	-8.20673	5.39745	13.4686	20.7253	13.6977	20.807	-4.67357	1.26294	0.355082	0.222731	4.26237	3.19328
13.8759	21.1565	-8.20673	5.39745	13.8263	20.4261	13.4632	20.8671	-4.70789	1.14153	0.355491	0.223235	4.2578	3.20142
13.3685	21.2647	-8.51271	4.8877	13.1072	20.8294	13.2271	20.9211	-4.73904	1.01975	0.354512	0.224232	4.25481	3.20623
13.3685	21.2647	-8.51271	4.8877	13.2669	21.1579	12.9895	20.969	-4.76702	0.897694	0.354676	0.224769	4.2517	3.21193
12.9239	21.3872	-8.57245	4.50355	12.8729	21.0592	12.7506	21.0108	-4.79186	0.775469	0.353804	0.226073	4.24883	3.21553
12.9239	21.3872	-8.57245	4.50355	11.5171	21.6724	12.5106	21.0465	-4.81358	0.653175	0.354218	0.226992	4.24587	3.22
12.417	21.4763	-8.81931	4.07458	12.2062	21.11	12.2695	21.0761	-4.83219	0.530912	0.353284	0.228511	4.24427	3.22216
12.417	21.4763	-8.81931	4.07458	12.3859	21.1066	12.0276	21.0996	-4.84773	0.408778	0.353525	0.229749	4.2426	3.22516
11.8962	21.4593	-9.07086	3.37873	11.6814	20.8651	11.785	21.117	-4.86022	0.286869	0.352522	0.230629	4.2424	3.22434
11.8962	21.4593	-9.07086	3.37873	11.5265	20.6748	11.5418	21.1283	-4.86971	0.165281	0.352534	0.231391	4.24214	3.22427
11.4211	21.4767	-9.13891	2.90108	11.363	21.0688	11.2982	21.1335	-4.87623	0.0441057	0.351571	0.232252	4.24227	3.22212
11.4211	21.4767	-9.13891	2.90108	10.5558	20.5567	11.0544	21.1327	-4.87982	-0.076565	0.351666	0.233106	4.24238	3.22067
10.9441	21.4336	-9.202	2.30778	10.8903	20.927	10.8105	21.1259	-4.88053	-0.196643	0.350742	0.233636	4.24287	3.21676
10.9441	21.4336	-9.202	2.30778	9.30535	21.3896	10.5666	21.1131	-4.8784	-0.31604	0.350911	0.234263	4.24336	3.21348
10.4041	21.4569	-9.45396	2.01746	10.189	21.209	10.3229	21.0943	-4.87349	-0.434674	0.349903	0.235251	4.24549	3.20941
10.4041	21.4569	-9.45396	2.01746	9.97958	21.2932	10.0795	21.0697	-4.86585	-0.552463	0.349756	0.236459	4.24763	3.20594
9.949	21.4012	-9.39852	1.52386	9.99634	20.9797	9.83658	21.0391	-4.85554	-0.669327	0.348816	0.237409	4.24946	3.20083
9.949	21.4012	-9.39852	1.52386	9.38223	21.111	9.59422	21.0028	-4.84262	-0.785189	0.348852	0.238688	4.25135	3.19625
9.49536	21.3145	-9.34718	1.01055	9.53921	20.8762	9.35258	20.9607	-4.82714	-0.899977	0.347992	0.239532	4.25299	3.19017
9.49536	21.3145	-9.34718	1.01055	9.63392	20.9724	9.11177	20.9128	-4.80919	-1.01362	0.348212	0.240806	4.25472	3.18456
8.94006	21.218	-9.62443	0.546914	8.70331	20.8221	8.87192	20.8594	-4.78881	-1.12605	0.347231	0.241661	4.25835	3.17781
8.94006	21.218	-9.62443	0.546914	9.84634	20.009	8.63315	20.8003	-4.76608	-1.2372	0.34701	0.243053	4.26208	3.17148
8.39489	21.0391	-9.82601	-0.103273	8.22277	20.4839	8.39557	20.7358	-4.74108	-1.34701	0.346006	0.243444	4.2673	3.16371
8.39489	21.0391	-9.82601	-0.103273	8.29647	20.4978	8.1593	20.6657	-4.71387	-1.45542	0.345472	0.244388	4.27263	3.15627
7.89882	20.8757	-9.84104	-0.601875	7.88599	20.45	7.92445	20.5903	-4.68453	-1.56237	0.344489	0.244642	4.2782	3.14808
7.89882	20.8757	-9.84104	-0.601875	8.29081	20.6565	7.69111	20.5096	-4.65313	-1.66781	0.343866	0.245503	4.28391	3.14015
7.34542	20.7228	-10.0344	-0.98926	7.18029	20.392	7.45939	20.4237	-4.61975	-1.7717	0.343	0.245838	4.29114	3.13182
7.34542	20.7228	-10.0344	-0.98926	7.09214	20.1196	7.22939	20.3326	-4.58448	-1.87399	0.342146	0.246885	4.29852	3.12372
6.83604	20.5413	-10.0586	-1.40544	6.81542	20.1859	7.00119	20.2364	-4.54738	-1.97462	0.341412	0.247247	4.30625	3.11527
6.83604	20.5413	-10.0586	-1.40544	6.89359	20.1536	6.7749	20.1352	-4.50854	-2.07357	0.340493	0.24841	4.31415	3.107
6.34829	20.3471	-10.0107	-1.79598	6.38914	20.0137	6.55059	20.0292	-4.46805	-2.17079	0.339884	0.248848	4.32189	3.09853
6.34829	20.3471	-10.0107	-1.79598	6.67637	20.2142	6.32834	19.9183	-4.42598	-2.26625	0.338952	0.250191	4.32984	3.0902
5.85139	20.1417	-9.99926	-2.16036	5.86119	19.8306	6.10823	19.8027	-4.38241	-2.35993	0.338557	0.250762	4.33791	3.08179
5.85139	20.1417	-9.99926	-2.16036	5.28178	19.5036	5.89034	19.6824	-4.33744	-2.45178	0.337648	0.252362	4.34619	3.07347
5.44338	19.9096	-9.7094	-2.55162	5.69089	19.5755	5.67472	19.5577	-4.29114	-2.5418	0.337164	0.253005	4.3527	3.06516
5.44338	19.9096	-9.7094	-2.55162	5.9506	18.9859	5.46145	19.4284	-4.24359	-2.62995	0.336259	0.254779	4.35944	3.05691
5.01541	19.6893	-9.52811	-2.84395	5.17021	19.4397	5.25059	19.2948	-4.19488	-2.71622	0.335799	0.255729	4.36523	3.04874
5.01541	19.6893	-9.52811	-2.84395	5.87397	19.301	5.04219	19.157	-4.1451	-2.80059	0.33491	0.257985	4.37127	3.04062
4.63449	19.394	-9.22713	-3.32648	4.89149	18.982	4.8363	19.015	-4.09432	-2.88305	0.334346	0.258775	4.37565	3.03274
4.63449	19.394	-9.22713	-3.32648	3.98679	19.0452	4.63297	18.8689	-4.04263	-2.96359	0.333465	0.26089	4.3803	3.02486
4.25314	19.1211	-8.97492	-3.6627	4.4685	18.834	4.43224	18.7188	-3.99012	-3.0422	0.332843	0.261829	4.38368	3.01727
4.25314	19.1211	-8.97492	-3.6627	4.69245	18.4634	4.23416	18.5648	-3.93685	-3.11888	0.331978	0.264213	4.38734	3.00966
3.92853	18.8141	-8.58358	-4.05289	4.26269	18.481	4.03876	18.4071	-3.88293	-3.19362	0.331212	0.265152	4.38902	3.00249
3.92853	18.8141	-8.58358	-4.05289	3.42434	18.8357	3.84606	18.2457	-3.82841	-3.26644	0.33041	0.267598	4.39099	2.99527
3.48847	18.4911	-8.61787	-4.43247	3.45919	18.167	3.65611	18.0807	-3.77339	-3.33732	0.32978	0.268524	4.39343	2.98861
3.48847	18.4911	-8.61787	-4.43247	4.3011	17.9267	3.46891	17.9122	-3.71795	-3.40627	0.328941	0.271012	4.39616	2.98188
3.07591	18.1286	-8.56008	-4.87661	3.12525	17.7493	3.28449	17.7402	-3.66215	-3.47331	0.328441	0.271735	4.39885	2.97598
3.07591	18.1286	-8.56008	-4.87661	2.65664	17.888	3.10287	17.565	-3.60609	-3.53844	0.327617	0.273991	4.40183	2.96998
2.72835	17.866	-8.30648	-4.93586	2.9449	17.8154	2.92405	17.3866	-3.54982	-3.60167	0.327087	0.275406	4.40369	2.96402
2.72835	17.866	-8.30648	-4.93586	3.26647	17.0897	2.74805	17.2051	-3.49344	-3.66302	0.326271	0.278663	4.40583	2.95797
2.37832	17.4746	-8.10065	-5.3917	2.55407	17.0853	2.57486	17.0205	-3.437	-3.72251	0.325753	0.279808	4.40715	2.95295
2.37832	17.4746	-8.10065	-5.3917	2.55039	16.8884	2.4045	16.833	-3.38059	-3.78014	0.324951	0.28274	4.40875	2.94781
2.04924	17.1043	-7.8612	-5.70895	2.25371	16.8334	2.23695	16.6427	-3.32428	-3.83595	0.324418	0.283898	4.40939	2.94348
2.04924	17.1043	-7.8612	-5.70895	1.57735	16.0489	2.07221	16.4497	-3.26812	-3.88995	0.323625	0.286887	4.41031	2.93901
1.71944	16.6256	-7.66179	-6.31821	1.88972	16.1054	1.91027	16.254	-3.21219	-3.94216	0.32311	0.287361	4.41051	2.93653
1.71944	16.6256	-7.66179	-6.31821	1.74362	16.2687	1.75112	16.0557	-3.15656	-3.99261	0.322333	0.2894	4.41097	2.93387
1.36644	16.2489	-7.56692	-6.50983	1.44745	16.0853	1.59474	15.8549	-3.10129	-4.04132	0.321944	0.289997	4.41124	2.9318
1.36644	16.2489	-7.56692	-6.50983	1.6097	15.5526	1.44111	15.6517	-3.04644	-4.08832	0.321211	0.292247	4.41177	2.92956
1.04115	15.7894	-7.39968	-6.93254	1.18395	15.4284	1.29021	15.4463	-2.99207	-4.13364	0.320905	0.292511	4.41175	2.92895
1.04115	15.7894	-7.39968	-6.93254	0.828993	15.528	1.14201	15.2386	-2.93825	-4.1773	0.320215	0.294279	4.41199	2.92815
0.685124	15.3248	-7.35567	-7.30416	0.722706	15.0075	0.996486	15.0288	-2.88503	-4.21933	0.320174	0.294287	4.41227	2.92891
0.685124	15.3248	-7.35567	-7.30416	1.03147	15.2134	0.853604	14.8169	-2.83246	-4.25977	0.319627	0.295658	4.4128	2.92946
0.431094	14.8906	-6.99707	-7.52183	0.737301	14.7047	0.71333	14.603	-2.78061	-4.29864	0.319462	0.295621	4.41189	2.93091
0.431094	14.8906	-6.99707	-7.52183	0.722177	14.2445	0.575628	14.3872	-2.72952	-4.33598	0.318868	0.29693	4.41123	2.93216
0.127883	14.4301	-6.85003	-7.78795	0.253435	14.2029	0.440459	14.1696	-2.67925	-4.37181	0.318839	0.296771	4.41014	2.93459
0.127883	14.4301	-6.85003	-7.78795	-0.0328023	13.9604	0.307779	13.9502	-2.62984	-4.40617	0.318335	0.297878	4.40928	2.93682
-0.0321113	13.9445	-6.27469	-8.09118	0.459172	13.6856	0.177545	13.7292	-2.58135	-4.43909	0.31792	0.29755	4.40625	2.94051
-0.0321113	13.9445	-6.27469	-8.09118	0.0524412	13.6377	0.0497099	13.5065	-2.53381	-4.47061	0.317238	0.298345	4.40343	2.94399
-0.303726	13.471	-6.14191	-8.30839	-0.190344	13.2856	-0.0757753	13.2823	-2.48728	-4.50075	0.316888	0.297936	4.4003	2.94851
-0.303726	13.471	-6.14191	-8.30839	-0.275043	13.1456	-0.198962	13.0566	-2.44179	-4.52955	0.316246	0.298569	4.39737	2.95281
-0.432847	13.0216	-5.58086	-8.41556	0.0462308	12.9301	-0.319903	12.8295	-2.39739	-4.55704	0.315621	0.298172	4.39263	2.95754
-0.432847	13.0216	-5.58086	-8.41556	-0.684792	12.3563	-0.438654	12.6011	-2.35412	-4.58326	0.314909	0.298836	4.38807	2.96206
-0.648126	12.5365	-5.37984	-8.61838	-0.476482	12.3633	-0.555273	12.3714	-2.31202	-4.60823	0.314264	0.29837	4.38304	2.96758
-0.648126	12.5365	-5.37984	-8.61838	-0.972122	12.5207	-0.669818	12.1404	-2.27111	-4.63198	0.313565	0.298877	4.37818	2.97291
-0.826514	12.0874	-5.09422	-8.67559	-0.582624	12.0386	-0.78235	11.9083	-2.23144	-4.65456	0.312881	0.298451	4.3726	2.97838
-0.826514	12.0874	-5.09422	-8.67559	-1.26757	11.6495	-0.892931	11.6751	-2.19304	-4.67598	0.31222	0.299051	4.36718	2.98367
-1.10584	11.5846	-5.17183	-8.89325	-1.17212	11.3988	-1.00163	11.4409	-2.15594	-4.69628	0.311608	0.298544	4.36215	2.99009
-1.10584	11.5846	-5.17183	-8.89325	-0.891441	10.959	-1.1085	11.2057	-2.12017	-4.71549	0.310924	0.298944	4.35726	2.99633
-1.37214	11.1135	-5.19612	-8.97655	-1.39289	11.0424	-1.21362	10.9695	-2.08575	-4.73364	0.310421	0.298442	4.35259	3.0029
-1.37214	11.1135	-5.19612	-8.97655	-1.29894	10.9012	-1.31706	10.7324	-2.05273	-4.75075	0.309767	0.298851	4.34806	3.00929
-1.59536	10.5984	-5.08078	-9.18565	-1.49687	10.4198	-1.41889	10.4945	-2.02111	-4.76686	0.309314	0.298281	4.34331	3.01681
-1.59536	10.5984	-5.08078	-9.18565	-1.59293	10.0212	-1.51917	10.2559	-1.99093	-4.78198	0.308687	0.298486	4.33868	3.02416
-1.78692	10.1657	-4.88383	-9.10173	-1.61875	10.2374	-1.61797	10.0165	-1.96221	-4.79615	0.308222	0.298005	4.33359	3.03081
-1.78692	10.1657	-4.88383	-9.10173	-1.59702	9.96554	-1.71539	9.77637	-1.93498	-4.80939	0.307599	0.298455	4.32862	3.03732
-1.95059	9.71139	-4.62997	-9.0993	-1.73381	9.71347	-1.81147	9.53564	-1.90924	-4.82172	0.307078	0.29804	4.32304	3.04367
-1.95059	9.71139	-4.62997	-9.0993	-2.27191	9.37316	-1.90631	9.29431	-1.88502	-4.83316	0.30644	0.298644	4.31757	3.04988
-2.11606	9.12475	-4.42182	-9.51441	-1.93833	8.77028	-1.99998	9.05243	-1.86233	-4.84374	0.305886	0.298051	4.31166	3.05853
-2.11606	9.12475	-4.42182	-9.51441	-1.96565	9.13274	-2.09256	8.81003	-1.8412	-4.85347	0.305246	0.298123	4.30584	3.06701
-2.29372	8.61979	-4.2849	-9.60657	-2.1768	8.5411	-2.18412	8.56717	-1.82164	-4.86238	0.304689	0.297518	4.29978	3.07593
-2.29372	8.61979	-4.2849	-9.60657	-2.65862	8.19477	-2.27474	8.32388	-1.80365	-4.87047	0.304056	0.297511	4.2938	3.08471
-2.42962	8.14324	-4.03795	-9.59467	-2.21875	8.15339	-2.3645	8.0802	-1.78726	-4.87778	0.303454	0.296921	4.28734	3.09326
-2.42962	8.14324	-4.03795	-9.59467	-2.273	8.52315	-2.45348	7.83617	-1.77248	-4.8843	0.30283	0.296964	4.28095	3.10168
-2.6221	7.64708	-4.00825	-9.64644	-2.59674	7.60288	-2.54177	7.59184	-1.75931	-4.89006	0.30225	0.296373	4.27456	3.11029
-2.6221	7.64708	-4.00825	-9.64644	-3.08256	7.38874	-2.62944	7.34723	-1.74777	-4.89507	0.301631	0.296388	4.26825	3.11878
-2.81605	7.13747	-3.98788	-9.73247	-2.79865	7.064	-2.71658	7.10238	-1.73786	-4.89933	0.301082	0.295791	4.26195	3.12769
-2.81605	7.13747	-3.98788	-9.73247	-2.79412	7.20818	-2.80326	6.85734	-1.72958	-4.90286	0.30047	0.295729	4.25572	3.13647
-2.9426	6.70985	-3.75823	-9.54647	-2.74651	6.86867	-2.88957	6.61214	-1.72295	-4.90566	0.29988	0.295195	4.24907	3.14402
-2.9426	6.70985	-3.75823	-9.54647	-2.57673	6.36755	-2.97559	6.36681	-1.71797	-4.90774	0.299282	0.295403	4.24247	3.15147
-3.06866	6.23181	-3.56325	-9.54873	-2.90217	6.22989	-3.0614	6.12139	-1.71464	-4.90911	0.298681	0.294893	4.23557	3.15885
-3.06866	6.23181	-3.56325	-9.54873	-3.50172	6.10796	-3.14709	5.87592	-1.71297	-4.90976	0.298125	0.295162	4.22871	3.16615
-3.22813	5.69387	-3.50432	-9.73945	-3.1778	5.53101	-3.23274	5.63043	-1.71295	-4.9097	0.29753	0.2946	4.22179	3.1745
-3.22813	5.69387	-3.50432	-9.73945	-3.19736	5.19093	-3.31843	5.38496	-1.71458	-4.90893	0.296994	0.294658	4.21491	3.18278
-3.41065	5.17932	-3.52735	-9.8264	-3.43031	5.10507	-3.40424	5.13955	-1.71787	-4.90745	0.296406	0.294086	4.20811	3.1915
-3.41065	5.17932	-3.52735	-9.8264	-3.4281	4.94644	-3.49026	4.89422	-1.72281	-4.90525	0.295865	0.294051	4.20135	3.20014
-3.61609	4.64302	-3.619	-9.96818	-3.69435	4.52196	-3.57657	4.64902	-1.72939	-4.90233	0.295294	0.293474	4.19477	3.20958
-3.61609	4.64302	-3.619	-9.96818	-3.50501	4.17643	-3.66325	4.40398	-1.73763	-4.89868	0.294732	0.293281	4.18822	3.21894
-3.85266	4.11813	-3.79434	-10.0517	-4.00238	4.04684	-3.75039	4.15913	-1.74749	-4.8943	0.294227	0.292721	4.18201	3.22873
-3.85266	4.11813	-3.79434	-10.0517	-4.06447	4.10977	-3.83806	3.91452	-1.75899	-4.88918	0.293658	0.292428	4.17582	3.23846
-3.99854	3.65245	-3.65614	-9.93535	-3.88053	3.75177	-3.92635	3.67019	-1.77212	-4.8833	0.293124	0.291865	4.1694	3.24741
-3.99854	3.65245	-3.65614	-9.93535	-4.23729	3.88878	-4.01533	3.42616	-1.78686	-4.87666	0.292562	0.291642	4.16299	3.25631
-4.17318	3.17301	-3.6304	-9.88069	-4.15119	3.21968	-4.10509	3.18248	-1.8032	-4.86925	0.292031	0.291083	4.15654	3.26483
-4.17318	3.17301	-3.6304	-9.88069	-4.27467	2.88187	-4.19571	2.93919	-1.82113	-4.86104	0.291477	0.290886	4.15011	3.27332
-4.34652	2.64413	-3.60462	-9.99054	-4.32451	2.55034	-4.28727	2.69633	-1.84065	-4.85202	0.290945	0.29035	4.14364	3.28242
-4.34652	2.64413	-3.60462	-9.99054	-4.38481	2.39989	-4.37985	2.45393	-1.86173	-4.84218	0.290401	0.290036	4.13717	3.29148
-4.5499	2.13034	-3.67761	-10.0355	-4.61223	2.09192	-4.47352	2.21205	-1.88436	-4.83149	0.28989	0.289532	4.13083	3.30079
-4.5499	2.13034	-3.67761	-10.0355	-4.29257	1.92854	-4.56836	1.97072	-1.90853	-4.81994	0.289347	0.289153	4.12448	3.31006
-4.77022	1.60306	-3.79246	-10.1159	-4.86829	1.53442	-4.66444	1.72998	-1.93422	-4.80751	0.288877	0.288715	4.11832	3.31979
-4.77022	1.60306	-3.79246	-10.1159	-4.98165	1.43611	-4.76186	1.48989	-1.9614	-4.79417	0.288338	0.288259	4.11215	3.3295
-4.88073	1.1485	-3.54308	-9.95439	-4.66779	1.28643	-4.86066	1.25049	-1.99007	-4.7799	0.287805	0.28779	4.1056	3.33824
-4.88073	1.1485	-3.54308	-9.95439	-4.98594	1.10894	-4.96095	1.01182	-2.02019	-4.76468	0.287313	0.287377	4.09903	3.34699
-5.00293	0.698151	-3.36982	-9.80507	-4.85498	0.825661	-5.06277	0.77393	-2.05174	-4.74848	0.286805	0.286883	4.09225	3.3549
-5.00293	0.698151	-3.36982	-9.80507	-4.84736	0.18101	-5.16621	0.536876	-2.08471	-4.73127	0.286448	0.286522	4.08546	3.36283
-5.15833	0.221282	-3.32856	-9.76287	-5.1231	0.257311	-5.27133	0.300706	-2.11906	-4.71303	0.286005	0.286037	4.07863	3.37055
-5.15833	0.221282	-3.32856	-9.76287	-5.99809	-0.290765	-5.3782	0.0654719	-2.15477	-4.69374	0.285792	0.28567	4.0718	3.3783
-5.31798	-0.252267	-3.30718	-9.71686	-5.29972	-0.212982	-5.4869	-0.168772	-2.1918	-4.67335	0.285453	0.285194	4.06494	3.38584
-5.31798	-0.252267	-3.30718	-9.71686	-5.64447	-0.144522	-5.59748	-0.401971	-2.23014	-4.65185	0.285432	0.28482	4.05809	3.39343
-5.58362	-0.658933	-3.62334	-9.46726	-5.85359	-0.445801	-5.71001	-0.634069	-2.26974	-4.62919	0.285017	0.284309	4.05157	3.39975
-5.58362	-0.658933	-3.62334	-9.46726	-5.30947	-0.724468	-5.82456	-0.865006	-2.31058	-4.60536	0.284871	0.284066	4.04505	3.40613
-5.79555	-1.16922	-3.72031	-9.58368	-5.87835	-1.26863	-5.94118	-1.09472	-2.35262	-4.58032	0.284494	0.283592	4.03862	3.41319
-5.79555	-1.16922	-3.72031	-9.58368	-5.68069	-1.52871	-6.05993	-1.32316	-2.39581	-4.55404	0.284424	0.283235	4.03218	3.42032
-6.06041	-1.61075	-3.96885	-9.46496	-6.27263	-1.50938	-6.18087	-1.55025	-2.44014	-4.52648	0.284009	0.282753	4.02603	3.42692
-6.06041	-1.61075	-3.96885	-9.46496	-6.11355	-1.75966	-6.30406	-1.77593	-2.48555	-4.49762	0.283876	0.282423	4.01986	3.4336
-6.28085	-2.09831	-4.0382	-9.51009	-6.34007	-2.13685	-6.42954	-2.00014	-2.532	-4.46742	0.283512	0.281984	4.01375	3.44061
-6.28085	-2.09831	-4.0382	-9.51009	-6.99344	-2.17445	-6.55738	-2.22281	-2.57946	-4.43585	0.283487	0.281584	4.00761	3.44772
-6.56676	-2.53914	-4.30301	-9.40077	-6.79288	-2.4458	-6.68761	-2.44386	-2.62788	-4.40288	0.28308	0.281146	4.0018	3.45438
-6.56676	-2.53914	-4.30301	-9.40077	-7.14408	-2.67584	-6.82029	-2.66323	-2.6772	-4.36847	0.282982	0.28075	3.99596	3.46115
-6.78689	-3.03401	-4.31871	-9.47906	-6.8003	-3.10086	-6.95546	-2.88084	-2.7274	-4.3326	0.282664	0.280406	3.9901	3.46844
-6.78689	-3.03401	-4.31871	-9.47906	-7.13937	-3.22028	-7.09316	-3.09663	-2.7784	-4.29523	0.282749	0.279943	3.9842	3.47587
-7.03488	-3.44198	-4.41977	-9.27103	-7.12118	-3.26434	-7.23344	-3.3105	-2.83017	-4.25632	0.282501	0.279566	3.9784	3.48236
-7.03488	-3.44198	-4.41977	-9.27103	-7.77186	-4.08999	-7.37632	-3.5224	-2.88265	-4.21586	0.282726	0.279123	3.97256	3.489
-7.31932	-3.79319	-4.61977	-8.91691	-7.49009	-3.49081	-7.52184	-3.73223	-2.93579	-4.1738	0.282489	0.278666	3.96695	3.49408
-7.31932	-3.79319	-4.61977	-8.91691	-7.52393	-3.88213	-7.67004	-3.93992	-2.98953	-4.13012	0.282751	0.278321	3.9613	3.49933
-7.63974	-4.25496	-4.90171	-8.9671	-7.88049	-4.29783	-7.82094	-4.14538	-3.04381	-4.08479	0.282466	0.277919	3.95603	3.50497
-7.63974	-4.25496	-4.90171	-8.9671	-8.08524	-4.57834	-7.97457	-4.34854	-3.09857	-4.03778	0.282661	0.2775	3.95069	3.5108
-7.97695	-4.729	-5.19212	-9.04806	-8.22492	-4.79812	-8.13095	-4.5493	-3.15376	-3.98906	0.282324	0.277227	3.94578	3.5172
-7.97695	-4.729	-5.19212	-9.04806	-8.453	-4.95621	-8.2901	-4.74759	-3.2093	-3.93862	0.282434	0.27676	3.94079	3.52379
-8.26336	-5.16095	-5.27663	-8.98359	-8.33552	-5.1059	-8.45204	-4.94331	-3.26514	-3.88641	0.28217	0.276582	3.93588	3.53026
-8.26336	-5.16095	-5.27663	-8.98359	-8.55062	-4.79248	-8.61678	-5.13637	-3.32121	-3.83242	0.282439	0.276121	3.93091	3.53695
-8.63217	-5.58505	-5.60758	-8.90451	-8.91477	-5.51752	-8.78433	-5.32669	-3.37745	-3.77663	0.282104	0.276064	3.92645	3.54346
-8.63217	-5.58505	-5.60758	-8.90451	-9.04115	-5.69364	-8.95469	-5.51417	-3.43377	-3.71901	0.282248	0.275634	3.92191	3.55019
-8.94543	-5.96862	-5.71121	-8.71016	-9.03391	-5.80267	-9.12788	-5.69872	-3.49012	-3.65955	0.281975	0.275615	3.91748	3.55623
-8.94543	-5.96862	-5.71121	-8.71016	-8.86897	-5.41973	-9.30388	-5.88026	-3.54643	-3.59823	0.282263	0.275205	3.91297	3.5625
-9.25188	-6.2469	-5.77706	-8.21452	-9.30811	-5.82368	-9.4827	-6.05868	-3.60261	-3.53503	0.282108	0.274963	3.9085	3.56676
-9.25188	-6.2469	-5.77706	-8.21452	-9.80646	-6.41174	-9.66432	-6.23389	-3.6586	-3.46994	0.282636	0.274512	3.90396	3.57127
-9.56368	-6.63107	-5.84943	-8.13079	-9.62547	-6.55958	-9.84874	-6.4058	-3.71431	-3.40295	0.282644	0.274365	3.89947	3.57567
-9.56368	-6.63107	-5.84943	-8.13079	-10.6688	-6.35543	-10.0359	-6.57431	-3.76969	-3.33404	0.28347	0.273935	3.89491	3.58034
-9.95595	-6.98246	-6.16402	-7.95695	-10.2246	-6.83402	-10.2259	-6.73933	-3.82463	-3.26321	0.283427	0.273841	3.89085	3.58453
-9.95595	-6.98246	-6.16402	-7.95695	-10.2205	-6.71044	-10.4186	-6.90075	-3.87907	-3.19046	0.284192	0.273435	3.88671	3.589
-10.3989	-7.35628	-6.58881	-7.88119	-10.7616	-7.29159	-10.614	-7.05849	-3.93293	-3.11577	0.283995	0.273518	3.88336	3.59343
-10.3989	-7.35628	-6.58881	-7.88119	-10.8944	-6.83335	-10.8121	-7.21245	-3.98613	-3.03916	0.284506	0.273198	3.87991	3.59815
-10.862	-7.70144	-7.01026	-7.72702	-11.2219	-7.56979	-11.0128	-7.36252	-4.03859	-2.96062	0.284177	0.273435	3.87733	3.60251
-10.862	-7.70144	-7.01026	-7.72702	-10.986	-7.3707	-11.2161	-7.50862	-4.09021	-2.88015	0.284429	0.273215	3.87464	3.60719
-11.1803	-7.97668	-6.90856	-7.37677	-11.0934	-7.6776	-11.422	-7.65064	-4.14093	-2.79777	0.284302	0.2734	3.87161	3.61071
-11.1803	-7.97668	-6.90856	-7.37677	-11.4213	-7.46085	-11.6304	-7.78849	-4.19066	-2.71349	0.284984	0.27317	3.86848	3.61455
-11.526	-8.20358	-6.90956	-6.92932	-11.5269	-7.8215	-11.8413	-7.92208	-4.23932	-2.6273	0.285085	0.273197	3.86526	3.61694
-11.526	-8.20358	-6.90956	-6.92932	-11.9422	-7.88317	-12.0546	-8.05131	-4.28682	-2.53924	0.286182	0.272899	3.86196	3.61965
-11.9307	-8.42497	-7.09616	-6.53502	-12.09	-8.08828	-12.2702	-8.17609	-4.33309	-2.44932	0.286366	0.272827	3.85899	3.62121
-11.9307	-8.42497	-7.09616	-6.53502	-12.4462	-8.02117	-12.4881	-8.29633	-4.37802	-2.35756	0.287619	0.272493	3.85593	3.62309
-12.3228	-8.6185	-7.21365	-6.11506	-12.4231	-8.2599	-12.7082	-8.41193	-4.42156	-2.26399	0.287977	0.272311	3.85305	3.62383
-12.3228	-8.6185	-7.21365	-6.11506	-12.7461	-8.19449	-12.9304	-8.5228	-4.4636	-2.16863	0.289526	0.271938	3.8501	3.62488
-12.8481	-8.84887	-7.73252	-5.87741	-13.2911	-8.64594	-13.1547	-8.62886	-4.50407	-2.07151	0.289581	0.271792	3.84832	3.62546
-12.8481	-8.84887	-7.73252	-5.87741	-13.7929	-8.47158	-13.381	-8.73002	-4.54289	-1.97267	0.290653	0.27145	3.84645	3.62636
-13.2751	-8.98918	-7.86003	-5.39333	-13.384	-8.57583	-13.6092	-8.82619	-4.57997	-1.87214	0.290797	0.271181	3.84482	3.62604
-13.2751	-8.98918	-7.86003	-5.39333	-13.6376	-8.26344	-13.8392	-8.91729	-4.61524	-1.76997	0.292034	0.270792	3.84311	3.62603
-13.7569	-9.18674	-8.13992	-5.16601	-13.9959	-8.99264	-14.0709	-9.00324	-4.64861	-1.6662	0.292105	0.270566	3.84208	3.62565
-13.7569	-9.18674	-8.13992	-5.16601	-14.4737	-8.79552	-14.3043	-9.08395	-4.68001	-1.56086	0.293228	0.270211	3.84097	3.62559
-14.2352	-9.37528	-8.3648	-4.9461	-14.4273	-9.1875	-14.5391	-9.15936	-4.70936	-1.45402	0.293261	0.270062	3.84041	3.62519
-14.2352	-9.37528	-8.3648	-4.9461	-14.5757	-9.32634	-14.7754	-9.22939	-4.73658	-1.34573	0.294329	0.26977	3.83978	3.62511
-14.7641	-9.46586	-8.71365	-4.45201	-15.062	-9.04396	-15.013	-9.29397	-4.76161	-1.23603	0.294201	0.269526	3.84013	3.62394
-14.7641	-9.46586	-8.71365	-4.45201	-15.6189	-9.69365	-15.2517	-9.35302	-4.78436	-1.125	0.294979	0.269189	3.8404	3.62308
-15.3267	-9.65569	-9.11361	-4.34872	-15.6682	-9.56749	-15.4916	-9.40649	-4.80476	-1.01269	0.294672	0.269131	3.8419	3.62224
-15.3267	-9.65569	-9.11361	-4.34872	-15.9382	-9.35751	-15.7324	-9.45431	-4.82275	-0.899159	0.295069	0.268953	3.84333	3.62173
-15.8647	-9.79866	-9.37307	-4.11395	-16.0862	-9.59819	-15.9741	-9.49642	-4.83827	-0.784484	0.294687	0.269059	3.8456	3.62089
-15.8647	-9.79866	-9.37307	-4.11395	-16.6033	-8.85459	-16.2164	-9.53277	-4.85124	-0.668734	0.294874	0.269049	3.8478	3.62038
-16.3576	-9.83261	-9.44951	-3.57253	-16.4229	-9.37029	-16.4594	-9.5633	-4.8616	-0.55198	0.294486	0.26905	3.85022	3.61874
-16.3576	-9.83261	-9.44951	-3.57253	-16.011	-9.33486	-16.7027	-9.58797	-4.8693	-0.434301	0.29465	0.268981	3.8526	3.6174
-16.9068	-9.85391	-9.69127	-3.07659	-17.1132	-9.43043	-16.9464	-9.60673	-4.87427	-0.315773	0.29422	0.268919	3.85582	3.61516
-16.9068	-9.85391	-9.69127	-3.07659	-16.9255	-10.8571	-17.1903	-9.61954	-4.87646	-0.196479	0.294189	0.268823	3.85901	3.61321
-17.4329	-9.89049	-9.82233	-2.70695	-17.5448	-9.57485	-17.4342	-9.62636	-4.87583	-0.0765024	0.293755	0.268809	3.86266	3.6107
-17.4329	-9.89049	-9.82233	-2.70695	-18.1371	-9.39146	-17.6781	-9.62717	-4.87232	0.0440703	0.293624	0.268793	3.86631	3.60847
-17.9371	-9.86254	-9.86369	-2.19218	-17.9724	-9.42299	-17.9216	-9.62194	-4.86588	0.165151	0.293194	0.268715	3.87011	3.60544
-17.9371	-9.86254	-9.86369	-2.19218	-18.3083	-9.18778	-18.1648	-9.61064	-4.85648	0.286648	0.293024	0.268667	3.87392	3.60266
-18.3886	-9.87405	-9.73214	-1.88292	-18.2763	-9.60997	-18.4074	-9.59325	-4.84408	0.40847	0.292599	0.268704	3.87727	3.59953
-18.3886	-9.87405	-9.73214	-1.88292	-18.2443	-9.58547	-18.6493	-9.56977	-4.82864	0.530522	0.292511	0.268814	3.88064	3.59665
-18.8967	-9.84556	-9.79985	-1.49632	-18.9545	-9.51544	-18.8904	-9.54017	-4.81012	0.652707	0.292087	0.268927	3.88431	3.59329
-18.8967	-9.84556	-9.79985	-1.49632	-18.6983	-9.02886	-19.1305	-9.50447	-4.78851	0.774927	0.291935	0.269164	3.88804	3.59017
-19.3627	-9.6978	-9.7244	-0.794653	-19.2983	-9.09865	-19.3694	-9.46265	-4.76378	0.897083	0.291514	0.269072	3.89156	3.58615
-19.3627	-9.6978	-9.7244	-0.794653	-19.7037	-8.79906	-19.6069	-9.41472	-4.73591	1.01907	0.29139	0.269113	3.89515	3.58231
-19.8555	-9.52805	-9.74505	-0.134288	-19.8731	-8.96417	-19.8431	-9.36071	-4.70487	1.1408	0.290973	0.268876	3.89891	3.57783
-19.8555	-9.52805	-9.74505	-0.134288	-20.3815	-7.6755	-20.0775	-9.30061	-4.67066	1.26215	0.290799	0.268767	3.90278	3.57349
-20.2934	-9.55152	-9.58964	-0.187114	-20.1607	-9.59663	-20.3102	-9.23446	-4.63328	1.38303	0.290386	0.268917	3.90618	3.56938
-20.2934	-9.55152	-9.58964	-0.187114	-20.4587	-9.7448	-20.5409	-9.16227	-4.59271	1.50334	0.290273	0.269335	3.90971	3.56545
-20.7422	-9.38601	-9.49283	0.364164	-20.6596	-8.91527	-20.7696	-9.08409	-4.54895	1.62296	0.289865	0.269433	3.91303	3.56102
-20.7422	-9.38601	-9.49283	0.364164	-21.5568	-8.5005	-20.9959	-8.99994	-4.50202	1.74179	0.289769	0.269833	3.91649	3.55674
-21.1634	-9.22776	-9.32434	0.805613	-21.0195	-8.85081	-21.2198	-8.90987	-4.45191	1.85972	0.289376	0.269981	3.91951	3.55217
-21.1634	-9.22776	-9.32434	0.805613	-21.8628	-8.64129	-21.4412	-8.81393	-4.39865	1.97666	0.289344	0.270492	3.9227	3.54772
-21.5953	-9.10201	-9.21609	1.07508	-21.5029	-8.87191	-21.6597	-8.71217	-4.34224	2.0925	0.288959	0.2709	3.92568	3.54316
-21.5953	-9.10201	-9.21609	1.07508	-21.9514	-7.41274	-21.8754	-8.60465	-4.2827	2.20712	0.288934	0.271795	3.92886	3.53871
-22.0353	-8.91895	-9.15055	1.48269	-21.9793	-8.57089	-22.0881	-8.49143	-4.22007	2.32043	0.288545	0.272353	3.932	3.53406
-22.0353	-8.91895	-9.15055	1.48269	-22.1914	-7.70392	-22.2975	-8.37258	-4.15437	2.43232	0.288475	0.273494	3.93536	3.5295
-22.5175	-8.71159	-9.22822	1.90269	-22.5838	-8.35296	-22.5035	-8.24817	-4.08564	2.5427	0.288076	0.274202	3.93921	3.52477
-22.5175	-8.71159	-9.22822	1.90269	-22.3177	-8.57758	-22.7061	-8.11829	-4.01391	2.65145	0.287849	0.275593	3.9433	3.52012
-22.9808	-8.36074	-9.23437	2.70881	-22.9861	-7.6724	-22.9049	-7.98301	-3.93923	2.75848	0.28748	0.275926	3.94766	3.51527
-22.9808	-8.36074	-9.23437	2.70881	-23.2693	-8.32031	-23.1	-7.84243	-3.86163	2.8637	0.287152	0.276883	3.95228	3.51044
-23.4521	-8.04667	-9.2644	3.27192	-23.4777	-7.56583	-23.2911	-7.69663	-3.78118	2.967	0.286883	0.27711	3.95729	3.50567
-23.4521	-8.04667	-9.2644	3.27192	-23.473	-7.02103	-23.4781	-7.54572	-3.69792	3.06828	0.286494	0.277967	3.96257	3.50089
-23.8139	-7.74158	-8.94459	3.71798	-23.5408	-7.36069	-23.6609	-7.3898	-3.61191	3.16746	0.286215	0.278195	3.96695	3.49624
-23.8139	-7.74158	-8.94459	3.71798	-24.0505	-6.56968	-23.8393	-7.22897	-3.52321	3.26445	0.285828	0.279099	3.97162	3.49156
-24.1737	-7.47605	-8.66903	3.969	-23.9384	-7.26171	-24.0132	-7.06336	-3.43189	3.35916	0.285563	0.279547	3.9756	3.48697
-24.1737	-7.47605	-8.66903	3.969	-24.3577	-5.94086	-24.1825	-6.89307	-3.33801	3.45149	0.285177	0.28081	3.97988	3.48236
-24.5124	-7.04942	-8.37037	4.68832	-24.2574	-6.4352	-24.347	-6.71823	-3.24166	3.54138	0.284922	0.280957	3.98343	3.47817
-24.5124	-7.04942	-8.37037	4.68832	-24.788	-7.18367	-24.5066	-6.53896	-3.14289	3.62873	0.284539	0.281825	3.98729	3.47393
-24.7602	-6.71289	-7.83229	5.01026	-24.3008	-6.43799	-24.6612	-6.35538	-3.0418	3.71347	0.284204	0.282055	3.98966	3.46992
-24.7602	-6.71289	-7.83229	5.01026	-24.6108	-6.00878	-24.8107	-6.16764	-2.93846	3.79553	0.283835	0.283085	3.99235	3.46585
-25.1502	-6.3152	-7.82728	5.47422	-25.146	-5.91902	-24.955	-5.97587	-2.83295	3.87484	0.283636	0.28325	3.99536	3.46221
-25.1502	-6.3152	-7.82728	5.47422	-24.8975	-5.02285	-25.094	-5.7802	-2.72537	3.95132	0.283273	0.284216	3.99871	3.45849
-25.4475	-5.93374	-7.53054	5.81387	-25.1941	-5.64372	-25.2276	-5.58079	-2.61581	4.02492	0.283124	0.28442	4.00141	3.45513
-25.4475	-5.93374	-7.53054	5.81387	-25.5328	-5.4399	-25.3556	-5.37777	-2.50435	4.09557	0.282789	0.285479	4.00447	3.45169
-25.7555	-5.49661	-7.31472	6.27552	-25.5713	-5.10241	-25.4779	-5.1713	-2.39109	4.16322	0.282775	0.285592	4.00717	3.44884
-25.7555	-5.49661	-7.31472	6.27552	-25.0178	-6.55904	-25.5946	-4.96152	-2.27613	4.22781	0.282524	0.286533	4.01023	3.4459
-26.0059	-5.10621	-6.95087	6.51707	-25.6952	-4.89995	-25.7055	-4.7486	-2.15956	4.2893	0.282572	0.286743	4.01248	3.44327
-26.0059	-5.10621	-6.95087	6.51707	-25.8162	-4.40681	-25.8105	-4.53268	-2.04149	4.34764	0.282379	0.287867	4.01509	3.44055
-26.2446	-4.64119	-6.60775	6.95577	-25.9516	-4.26659	-25.9096	-4.31392	-1.92202	4.40279	0.282528	0.287977	4.01699	3.43853
-26.2446	-4.64119	-6.60775	6.95577	-26.8953	-4.43966	-26.0027	-4.0925	-1.80125	4.45471	0.28243	0.288962	4.01925	3.43642
-26.4517	-4.1265	-6.21911	7.48192	-26.1198	-3.67723	-26.0897	-3.86856	-1.67928	4.50337	0.282666	0.288885	4.02069	3.43531
-26.4517	-4.1265	-6.21911	7.48192	-26.5652	-3.85723	-26.1706	-3.64227	-1.55623	4.54875	0.282662	0.289562	4.02248	3.43411
-26.5553	-3.61557	-5.56566	7.91329	-25.9974	-3.24722	-26.2453	-3.41381	-1.4322	4.59081	0.282736	0.289369	4.02277	3.43382
-26.5553	-3.61557	-5.56566	7.91329	-26.2976	-3.01078	-26.3138	-3.18332	-1.30729	4.62954	0.282637	0.289828	4.0234	3.43344
-26.655	-3.12752	-5.00251	8.20451	-26.1741	-2.87885	-26.376	-2.95098	-1.18162	4.66493	0.282628	0.289594	4.02289	3.43372
-26.655	-3.12752	-5.00251	8.20451	-26.4681	-3.44967	-26.4319	-2.71697	-1.05529	4.69696	0.282491	0.289968	4.0227	3.43391
-26.8425	-2.72305	-4.8052	8.18639	-26.674	-2.73852	-26.4815	-2.48143	-0.928411	4.72562	0.28272	0.289855	4.02233	3.43398
-26.8425	-2.72305	-4.8052	8.18639	-26.657	-1.72382	-26.5247	-2.24456	-0.80109	4.75091	0.282815	0.290492	4.02229	3.43398
-26.9707	-2.2757	-4.45199	8.30628	-26.6691	-2.17333	-26.5616	-2.0065	-0.673434	4.77284	0.283208	0.29044	4.02168	3.43424
-26.9707	-2.2757	-4.45199	8.30628	-26.3248	-1.32261	-26.5921	-1.76744	-0.545553	4.79141	0.283491	0.291199	4.0214	3.43445
-26.9966	-1.77146	-3.83187	8.58662	-26.4671	-1.53207	-26.6161	-1.52753	-0.417552	4.80664	0.283778	0.291089	4.01998	3.43537
-26.9966	-1.77146	-3.83187	8.58662	-26.4998	-2.19526	-26.6338	-1.28695	-0.289538	4.81852	0.284006	0.291739	4.01884	3.43625
-27.0288	-1.28812	-3.32939	8.75685	-26.5998	-1.14277	-26.6451	-1.04586	-0.161616	4.8271	0.284301	0.291625	4.01692	3.43758
-27.0288	-1.28812	-3.32939	8.75685	-27.2008	-1.67679	-26.65	-0.804425	-0.0338883	4.83238	0.284578	0.292266	4.01527	3.43889
-27.0707	-0.78124	-2.93674	8.9745	-26.7355	-0.59539	-26.6485	-0.562811	0.0935412	4.83439	0.285006	0.292104	4.01311	3.44083
-27.0707	-0.78124	-2.93674	8.9745	-26.9891	0.0351487	-26.6406	-0.321181	0.220572	4.83317	0.285461	0.292644	4.01119	3.44275
-27.0111	-0.226124	-2.28587	9.30989	-26.4553	0.0602653	-26.6264	-0.0796947	0.347104	4.82874	0.285751	0.29237	4.00835	3.44573
-27.0111	-0.226124	-2.28587	9.30989	-26.9537	0.136943	-26.6059	0.161489	0.473041	4.82116	0.28611	0.292646	4.00572	3.44872
-26.9885	0.33052	-1.85443	9.59724	-26.6201	0.57588	-26.5792	0.402213	0.598287	4.81045	0.286481	0.292304	4.00262	3.45268
-26.9885	0.33052	-1.85443	9.59724	-26.8241	0.381506	-26.5462	0.642323	0.722748	4.79667	0.286972	0.292354	3.99971	3.45667
-26.9859	0.878219	-1.55389	9.81109	-26.7293	1.06082	-26.5069	0.881666	0.846334	4.77986	0.287604	0.291993	3.99655	3.46144
-26.9859	0.878219	-1.55389	9.81109	-25.9562	2.60409	-26.4616	1.12009	0.968955	4.76007	0.288425	0.29188	3.99359	3.46625
-26.8835	1.38322	-0.986049	9.85664	-26.3986	1.42212	-26.4101	1.35745	1.09053	4.73737	0.289025	0.291524	3.99001	3.47127
-26.8835	1.38322	-0.986049	9.85664	-26.5072	-0.563928	-26.3526	1.59361	1.21096	4.71181	0.289865	0.291353	3.9866	3.47636
-26.7775	1.8536	-0.496464	9.78585	-26.3594	1.79315	-26.2891	1.82841	1.33018	4.68345	0.290516	0.290999	3.98275	3.48126
-26.7775	1.8536	-0.496464	9.78585	-26.3475	1.82827	-26.2197	2.06173	1.44811	4.65235	0.291466	0.290826	3.97905	3.48625
-26.6528	2.30007	-0.0249994	9.65086	-26.2502	2.18481	-26.1444	2.29342	1.56467	4.61859	0.292189	0.290472	3.97498	3.49084
-26.6528	2.30007	-0.0249994	9.65086	-26.069	2.27896	-26.0633	2.52336	1.67979	4.58223	0.293276	0.290328	3.97104	3.49553
-26.4942	2.78922	0.478704	9.67169	-26.0641	2.80701	-25.9765	2.75141	1.79339	4.54334	0.294027	0.289982	3.96676	3.5004
-26.4942	2.78922	0.478704	9.67169	-26.3234	3.02388	-25.8841	2.97746	1.90543	4.502	0.295199	0.289779	3.96258	3.50539
-26.2981	3.31269	1.02162	9.79743	-25.8345	3.42005	-25.7861	3.20139	2.01582	4.45828	0.295912	0.289481	3.95811	3.51096
-26.2981	3.31269	1.02162	9.79743	-26.1824	3.73376	-25.6826	3.42306	2.12452	4.41227	0.297093	0.289184	3.95372	3.51667
-26.0898	3.7572	1.5172	9.65442	-25.6666	3.63509	-25.5737	3.64239	2.23146	4.36404	0.29781	0.288892	3.94913	3.52199
-26.0898	3.7572	1.5172	9.65442	-25.5773	3.13316	-25.4596	3.85924	2.3366	4.31367	0.299047	0.288589	3.94461	3.52746
-25.9422	4.17485	1.74321	9.44927	-25.7492	3.99968	-25.3402	4.07353	2.43989	4.26125	0.300134	0.288287	3.94004	3.53235
-25.9422	4.17485	1.74321	9.44927	-25.3516	3.75691	-25.2157	4.28514	2.54127	4.20686	0.301865	0.287994	3.93554	3.53741
-25.6293	4.615	2.45505	9.34742	-25.0214	4.52803	-25.0863	4.49399	2.64071	4.15058	0.302666	0.287712	3.93087	3.54227
-25.6293	4.615	2.45505	9.34742	-24.2719	4.30917	-24.9518	4.69998	2.73817	4.09251	0.3041	0.287401	3.92624	3.5473
-25.3791	5.02891	2.85656	9.17888	-25.0363	4.88499	-24.8126	4.90303	2.83361	4.03273	0.304987	0.287126	3.9216	3.55193
-25.3791	5.02891	2.85656	9.17888	-24.3609	4.95947	-24.6686	5.10304	2.92701	3.97132	0.306575	0.28681	3.91697	3.55674
-25.038	5.45131	3.48176	9.06367	-24.5041	5.35293	-24.5201	5.29995	3.01833	3.90839	0.307243	0.286566	3.91242	3.56135
-25.038	5.45131	3.48176	9.06367	-24.4379	5.24592	-24.367	5.49367	3.10754	3.84401	0.3086	0.286237	3.90787	3.56614
-24.6613	5.82513	4.12048	8.81351	-24.1159	5.61152	-24.2095	5.68414	3.19464	3.77827	0.309012	0.285983	3.90355	3.57029
-24.6613	5.82513	4.12048	8.81351	-24.5638	4.75836	-24.0477	5.8713	3.27959	3.71127	0.310073	0.285658	3.8992	3.57463
-24.309	6.17858	4.58156	8.53852	-23.9153	5.94377	-23.8818	6.05508	3.36239	3.64309	0.310397	0.285387	3.8951	3.57828
-24.309	6.17858	4.58156	8.53852	-23.5491	6.44495	-23.7117	6.23542	3.44302	3.57383	0.311371	0.285068	3.89095	3.58213
-23.9627	6.52032	4.95116	8.26999	-23.6471	6.29102	-23.5377	6.41227	3.52148	3.50357	0.311683	0.284785	3.88704	3.58533
-23.9627	6.52032	4.95116	8.26999	-23.7544	6.53746	-23.3598	6.58559	3.59775	3.4324	0.312671	0.284472	3.88309	3.58873
-23.5241	6.91432	5.55337	8.20851	-23.0099	6.86182	-23.1781	6.75533	3.67185	3.36041	0.312752	0.284246	3.87966	3.59215
-23.5241	6.91432	5.55337	8.20851	-22.7862	5.74143	-22.9928	6.92146	3.74376	3.28768	0.31343	0.283919	3.87616	3.59577
-23.0982	7.25385	6.02072	7.98501	-22.6991	7.063	-22.804	7.08393	3.8135	3.21431	0.313387	0.283709	3.87315	3.59892
-23.0982	7.25385	6.02072	7.98501	-22.418	6.76159	-22.6117	7.24273	3.88106	3.14038	0.313894	0.283384	3.87006	3.60227
-22.7189	7.56158	6.26735	7.69651	-22.5083	7.31524	-22.4161	7.39782	3.94647	3.06598	0.313869	0.283168	3.86722	3.60495
-22.7189	7.56158	6.26735	7.69651	-22.0543	7.85452	-22.2173	7.54917	4.00974	2.99118	0.314425	0.282845	3.86431	3.60785
-22.3484	7.87825	6.4474	7.48165	-22.1947	7.69478	-22.0154	7.69679	4.07087	2.91607	0.314469	0.282656	3.86157	3.61032
-22.3484	7.87825	6.4474	7.48165	-21.6178	9.0351	-21.8105	7.84064	4.12989	2.84074	0.315157	0.28234	3.85876	3.61299
-21.9235	8.16773	6.77085	7.21495	-21.6473	7.94	-21.6026	7.98072	4.18681	2.76526	0.31517	0.28216	3.85635	3.61511
-21.9235	8.16773	6.77085	7.21495	-21.8637	7.78661	-21.392	8.11703	4.24166	2.68971	0.315826	0.281851	3.85386	3.61743
-21.4496	8.33991	7.19751	6.62048	-21.0853	7.83229	-21.1787	8.24957	4.29447	2.61417	0.315732	0.281566	3.85198	3.61835
-21.4496	8.33991	7.19751	6.62048	-20.5503	9.28616	-20.9628	8.37833	4.34526	2.53871	0.316221	0.281254	3.85002	3.61946
-21.0795	8.6273	7.22976	6.48292	-21.0519	8.50983	-20.7444	8.50333	4.39406	2.46341	0.316264	0.281	3.84804	3.62041
-21.0795	8.6273	7.22976	6.48292	-19.9265	9.40847	-20.5237	8.62457	4.4409	2.38835	0.317004	0.280684	3.84599	3.62154
-20.5804	8.88039	7.66352	6.25895	-20.21	8.68914	-20.3006	8.74206	4.48582	2.31358	0.316925	0.280447	3.84463	3.6223
-20.5804	8.88039	7.66352	6.25895	-20.2277	8.8532	-20.0753	8.85583	4.52884	2.23919	0.317469	0.280136	3.84319	3.62324
-20.1609	9.10501	7.7779	5.98049	-20.0633	8.86724	-19.848	8.96589	4.57001	2.16524	0.317459	0.279901	3.84189	3.62368
-20.1609	9.10501	7.7779	5.98049	-19.9264	8.78179	-19.6186	9.07227	4.60937	2.09179	0.318135	0.279594	3.84053	3.62429
-19.6946	9.28556	8.02207	5.60701	-19.4861	8.96665	-19.3873	9.17499	4.64694	2.01891	0.318112	0.279332	3.83956	3.62421
-19.6946	9.28556	8.02207	5.60701	-18.5719	10.2069	-19.1542	9.27409	4.68278	1.94666	0.318775	0.279024	3.83852	3.62429
-19.1269	9.4646	8.54708	5.28765	-18.6786	9.19191	-18.9193	9.36959	4.71692	1.8751	0.318572	0.278751	3.8385	3.62383
-19.1269	9.4646	8.54708	5.28765	-19.2825	8.98189	-18.6827	9.46154	4.7494	1.80429	0.318903	0.278444	3.83841	3.62353
-18.625	9.65844	8.78225	5.06524	-18.4242	9.46852	-18.4446	9.54996	4.78028	1.73429	0.318665	0.278184	3.83878	3.62291
-18.625	9.65844	8.78225	5.06524	-18.1634	8.72444	-18.2049	9.63492	4.80959	1.66514	0.318922	0.277881	3.83908	3.62244
-18.0742	9.86107	9.13425	4.90563	-17.7736	9.72478	-17.9639	9.71643	4.83737	1.59691	0.318615	0.27766	3.84014	3.62178
-18.0742	9.86107	9.13425	4.90563	-17.2296	9.97767	-17.7214	9.79457	4.86368	1.52964	0.318694	0.277374	3.84113	3.62126
-17.5433	10.0453	9.36814	4.71328	-17.3436	9.88109	-17.4777	9.86936	4.88856	1.46338	0.318361	0.277193	3.84264	3.6205
-17.5433	10.0453	9.36814	4.71328	-17.1554	10.212	-17.2328	9.94087	4.91205	1.39818	0.318344	0.276934	3.84408	3.61986
-17.0242	10.2442	9.52811	4.59715	-16.8876	10.145	-16.9868	10.0091	4.93421	1.33408	0.318003	0.27685	3.84586	3.61912
-17.0242	10.2442	9.52811	4.59715	-16.5958	10.1078	-16.7396	10.0743	4.95507	1.27113	0.317935	0.276664	3.84759	3.61851
-16.539	10.4294	9.55579	4.45634	-16.5153	10.3091	-16.4915	10.1362	4.97469	1.20937	0.317599	0.2767	3.84932	3.61775
-16.539	10.4294	9.55579	4.45634	-16.09	10.5824	-16.2424	10.1952	4.99311	1.14883	0.317555	0.276615	3.851	3.61711
-16.0462	10.5254	9.60294	4.05684	-16.006	10.1843	-15.9924	10.2511	5.01039	1.08956	0.317223	0.276611	3.85275	3.61584
-16.0462	10.5254	9.60294	4.05684	-15.7234	10.41	-15.7416	10.3041	5.02655	1.03159	0.317197	0.276504	3.85445	3.61468
-15.5671	10.5826	9.5997	3.59754	-15.5699	10.1904	-15.4899	10.3543	5.04166	0.974957	0.316877	0.276409	3.85609	3.61284
-15.5671	10.5826	9.5997	3.59754	-14.2385	10.9109	-15.2376	10.4016	5.05576	0.919692	0.316905	0.276241	3.85769	3.6111
-15.0463	10.6838	9.72832	3.34967	-14.9365	10.4722	-14.9846	10.4462	5.06889	0.865828	0.316579	0.276164	3.85958	3.60908
-15.0463	10.6838	9.72832	3.34967	-14.724	9.63507	-14.7309	10.4882	5.0811	0.813394	0.316577	0.276018	3.86142	3.60713
-14.519	10.6809	9.85732	2.81231	-14.4088	10.222	-14.4766	10.5276	5.09243	0.762418	0.316247	0.275815	3.86357	3.60454
-14.519	10.6809	9.85732	2.81231	-13.9005	10.5238	-14.2218	10.5645	5.10293	0.712926	0.316208	0.275575	3.86567	3.60201
-13.9662	10.8531	10.0462	2.91209	-13.8049	10.9383	-13.9665	10.5989	5.11263	0.664944	0.315873	0.275531	3.86824	3.59969
-13.9662	10.8531	10.0462	2.91209	-13.3956	10.7857	-13.7107	10.631	5.12159	0.618496	0.315758	0.275429	3.87077	3.59743
-13.4345	10.8776	10.1387	2.53038	-13.3556	10.5517	-13.4545	10.6608	5.12983	0.573603	0.315427	0.275319	3.87352	3.59476
-13.4345	10.8776	10.1387	2.53038	-12.9374	10.8137	-13.1979	10.6884	5.13741	0.530288	0.315282	0.275167	3.87623	3.59216
-12.9361	11.0057	10.1118	2.53526	-12.9591	11.0099	-12.9409	10.7138	5.14436	0.48857	0.314951	0.275203	3.87884	3.58961
-12.9361	11.0057	10.1118	2.53526	-12.2518	11.2495	-12.6836	10.7373	5.15071	0.448467	0.314833	0.275189	3.88142	3.58713
-12.4145	10.9907	10.1624	2.08839	-12.3713	10.6091	-12.426	10.7587	5.15651	0.409997	0.314505	0.275106	3.88411	3.5842
-12.4145	10.9907	10.1624	2.08839	-11.9352	10.9161	-12.1681	10.7783	5.16179	0.373177	0.314378	0.27499	3.88677	3.58132
-11.9169	11.0833	10.1293	2.05112	-11.9451	11.0515	-11.91	10.7961	5.16658	0.338022	0.314052	0.275016	3.88931	3.57845
-11.9169	11.0833	10.1293	2.05112	-10.9703	10.9676	-11.6516	10.8121	5.17092	0.304546	0.313958	0.275008	3.89183	3.57562
-11.4224	11.1195	10.0914	1.84174	-11.4548	10.9407	-11.393	10.8265	5.17484	0.272761	0.313636	0.275047	3.89423	3.57263
-11.4224	11.1195	10.0914	1.84174	-11.3472	10.5111	-11.1342	10.8394	5.17836	0.242681	0.313586	0.275057	3.89661	3.56968
-10.832	11.0682	10.3621	1.38978	-10.6009	10.6823	-10.8753	10.8509	5.18153	0.214317	0.313268	0.27495	3.8997	3.56639
-10.832	11.0682	10.3621	1.38978	-10.6563	10.8369	-10.6161	10.8609	5.18435	0.187679	0.313099	0.274828	3.90276	3.56314
-10.3411	11.0664	10.2764	1.16519	-10.4142	10.8747	-10.3569	10.8697	5.18687	0.162776	0.312778	0.274691	3.90556	3.55977
-10.3411	11.0664	10.2764	1.16519	-9.90413	11.2255	-10.0976	10.8772	5.1891	0.139618	0.312652	0.274543	3.90835	3.55642
-9.8292	11.1189	10.2703	1.14686	-9.83445	11.1032	-9.83809	10.8837	5.19106	0.118212	0.312332	0.274468	3.9111	3.55309
-9.8292	11.1189	10.2703	1.14686	-10.195	10.3498	-9.57852	10.8891	5.19278	0.0985664	0.312219	0.274384	3.91384	3.54978
-9.31323	11.1379	10.278	1.02607	-9.3066	11.0348	-9.31887	10.8936	5.19428	0.0806865	0.311901	0.274326	3.91657	3.54642
-9.31323	11.1379	10.278	1.02607	-9.2226	10.3527	-9.05915	10.8972	5.19557	0.0645787	0.311794	0.274262	3.91929	3.54308
-8.79652	11.1571	10.2868	0.924854	-8.78899	11.0707	-8.79937	10.9001	5.19667	0.050248	0.311478	0.274228	3.92202	3.5397
-8.79652	11.1571	10.2868	0.924854	-8.83914	10.0319	-8.53953	10.9023	5.19759	0.0376992	0.311377	0.27419	3.92474	3.53634
-8.37381	11.0555	9.99801	0.458907	-8.62045	10.6577	-8.27965	10.9039	5.19835	0.0269359	0.311091	0.273998	3.9267	3.53282
-8.37381	11.0555	9.99801	0.458907	-7.91543	11.1157	-8.01974	10.905	5.19896	0.0179617	0.311184	0.273805	3.92865	3.52931
-7.77797	11.0573	10.3005	0.392283	-7.51971	11.0005	-7.75979	10.9057	5.19942	0.0107791	0.310872	0.273614	3.93136	3.5258
-7.77797	11.0573	10.3005	0.392283	-7.25987	10.6458	-7.49981	10.9061	5.19975	0.00539029	0.31081	0.273423	3.93406	3.5223
-7.23406	11.006	10.3915	0.168636	-7.15631	10.815	-7.23983	10.9063	5.19994	0.00179692	0.310498	0.273185	3.93698	3.51878
